Search path: /home/tripas/Angular/a04-spotiapp/src/app/components/list
Config file name: /home/tripas/Angular/a04-spotiapp/tsconfig.json
Angular Language Service: 8.2.6
TypeScript: 3.5.3
getTemplateReferences: 2570ms
Add recursive watcher for: /home/tripas/Angular/a04-spotiapp
Opened configuration file /home/tripas/Angular/a04-spotiapp/tsconfig.json
Search path: /home/tripas/.vscode/extensions/eamodio.gitlens-9.9.3/dist/webviews
No config files found.
getTemplateReferences: 0ms
Angular Language Service: 8.2.6
TypeScript: 3.5.3
getTemplateReferences: 85ms
getDiagnostics: 2ms
remove project: /home/tripas/.vscode/extensions/eamodio.gitlens-9.9.3/dist/webviews/welcome.html
Search path: /home/tripas/Angular/a04-spotiapp/src/app/components/list
Config file name: /home/tripas/Angular/a04-spotiapp/tsconfig.json
getTemplateReferences: 0ms
getDiagnostics: 113ms
Search path: /home/tripas/Angular/a04-spotiapp/src/app/services
Config file name: /home/tripas/Angular/a04-spotiapp/tsconfig.json
getDiagnostics: 4ms
Search path: /home/tripas/Angular/a04-spotiapp/src/app/components/list-album-track
Config file name: /home/tripas/Angular/a04-spotiapp/tsconfig.json
getDiagnostics: 2ms
Search path: /home/tripas/Angular/a04-spotiapp/src/app/components/list-album-track
Config file name: /home/tripas/Angular/a04-spotiapp/tsconfig.json
getTemplateReferences: 0ms
getDiagnostics: 94ms
Search path: /home/tripas/Angular/a04-spotiapp/src/app/components/list
Config file name: /home/tripas/Angular/a04-spotiapp/tsconfig.json
getDiagnostics: 1ms
getHoverAt: 1ms
getHoverAt: 0ms
getHoverAt: 1ms
getHoverAt: 1ms
getHoverAt: 1ms
getHoverAt: 0ms
getHoverAt: 0ms
getHoverAt: 1ms
getHoverAt: 0ms
getHoverAt: 0ms
getHoverAt: 1ms
getHoverAt: 1ms
getHoverAt: 0ms
getHoverAt: 1ms
getHoverAt: 0ms
getHoverAt: 1ms
Search path: /home/tripas/Angular/a04-spotiapp/src/app/components/list
Config file name: /home/tripas/Angular/a04-spotiapp/tsconfig.json
getTemplateReferences: 0ms
getDiagnostics: 38ms
Search path: /home/tripas/Angular/a04-spotiapp/src/app/components/list
Config file name: /home/tripas/Angular/a04-spotiapp/tsconfig.json
Search path: /home/tripas/Angular/a04-spotiapp/src/app/components/list
Config file name: /home/tripas/Angular/a04-spotiapp/tsconfig.json
getTemplateReferences: 0ms
getDiagnostics: 48ms
Search path: /home/tripas/Angular/a04-spotiapp/src/app/components/home
Config file name: /home/tripas/Angular/a04-spotiapp/tsconfig.json
getDiagnostics: 0ms
Detected source file changes: /home/tripas/Angular/a04-spotiapp/src/app/components/classes/track.ts
Search path: /home/tripas/Angular/a04-spotiapp/src/app/components/classes
Config file name: /home/tripas/Angular/a04-spotiapp/tsconfig.json
getTemplateReferences: 0ms
Angular Language Service: 8.2.6
TypeScript: 3.5.3
getTemplateReferences: 652ms
remove project: /home/tripas/Angular/a04-spotiapp/src/app/components/classes/track.ts
getTemplateReferences: 0ms
updating project structure from ...
getTemplateReferences: 0ms
updated: ng - 78ms
getDiagnostics: 16ms
getCompletions: 25ms
getCompletions: 23ms
getDiagnostics: 22ms
getDiagnostics: 43ms
updating project structure from ...
getTemplateReferences: 0ms
updated: ng - 105ms
getCompletions: 46ms
getDiagnostics: 103ms
getDiagnostics: 27ms
getCompletions: 16ms
getDiagnostics: 0ms
updating project structure from ...
getTemplateReferences: 0ms
updated: ng - 57ms
getDiagnostics: 94ms
getDiagnostics: 39ms
updating project structure from ...
getTemplateReferences: 0ms
updated: ng - 67ms
getDiagnostics: 187ms
getHoverAt: 0ms
updating project structure from ...
getTemplateReferences: 0ms
updated: ng - 0ms
getHoverAt: 0ms
getHoverAt: 0ms
getHoverAt: 0ms
getDiagnostics: 38ms
updating project structure from ...
getTemplateReferences: 0ms
updated: ng - 100ms
getHoverAt: 1ms
getDiagnostics: 119ms
updating project structure from ...
getTemplateReferences: 0ms
updated: ng - 0ms
getDiagnostics: 45ms
getDiagnostics: 71ms
getDiagnostics: 33ms
updating project structure from ...
getTemplateReferences: 0ms
updated: ng - 69ms
getDiagnostics: 165ms
getDiagnostics: 24ms
updating project structure from ...
getTemplateReferences: 0ms
updated: ng - 84ms
getDiagnostics: 115ms
updating project structure from ...
getTemplateReferences: 0ms
updated: ng - 0ms
getHoverAt: 0ms
getHoverAt: 0ms
getHoverAt: 0ms
getHoverAt: 0ms
getDiagnostics: 32ms
getDiagnostics: 50ms
updating project structure from ...
getTemplateReferences: 0ms
updated: ng - 91ms
getHoverAt: 1ms
getHoverAt: 0ms
getDiagnostics: 148ms
getHoverAt: 1ms
updating project structure from ...
getTemplateReferences: 0ms
updated: ng - 0ms
getDiagnostics: 17ms
updating project structure from ...
getTemplateReferences: 0ms
updated: ng - 78ms
getDiagnostics: 16ms
getDiagnostics: 37ms
getCompletions: 28ms
getDiagnostics: 40ms
getDiagnostics: 96ms
getCompletions: 33ms
getDiagnostics: 16ms
updating project structure from ...
getTemplateReferences: 0ms
updated: ng - 97ms
getHoverAt: 1ms
getHoverAt: 1ms
getDiagnostics: 103ms
getCompletions: 15ms
getCompletions: 16ms
getCompletions: 14ms
getDiagnostics: 0ms
getDiagnostics: 33ms
updating project structure from ...
getTemplateReferences: 0ms
updated: ng - 75ms
getCompletions: 18ms
getDiagnostics: 93ms
getDiagnostics: 60ms
updating project structure from ...
getTemplateReferences: 0ms
updated: ng - 95ms
getHoverAt: 0ms
Search path: /home/tripas/Angular/a04-spotiapp/src/app/components/list-album-track
Config file name: /home/tripas/Angular/a04-spotiapp/tsconfig.json
getDiagnostics: 48ms
Search path: /home/tripas/Angular/a04-spotiapp/src/app/components/list-album-track
Config file name: /home/tripas/Angular/a04-spotiapp/tsconfig.json
getTemplateReferences: 0ms
getDiagnostics: 68ms
getHoverAt: 1ms
getHoverAt: 1ms
getHoverAt: 0ms
getDiagnostics: 28ms
updating project structure from ...
getTemplateReferences: 0ms
getTemplateReferences: 0ms
updated: ng - 76ms
getHoverAt: 0ms
getHoverAt: 0ms
getHoverAt: 0ms
getHoverAt: 0ms
getDiagnostics: 99ms
updating project structure from ...
getTemplateReferences: 0ms
getTemplateReferences: 0ms
updated: ng - 0ms
getHoverAt: 1ms
getHoverAt: 0ms
getHoverAt: 1ms
getHoverAt: 0ms
getCompletions: 25ms
getDiagnostics: 27ms
updating project structure from ...
getTemplateReferences: 0ms
getTemplateReferences: 0ms
updated: ng - 104ms
getDiagnostics: 33ms
getHoverAt: 0ms
getHoverAt: 0ms
getCompletions: 51ms
getHoverAt: 12ms
getDiagnostics: 0ms
getHoverAt: 0ms
updating project structure from ...
getTemplateReferences: 0ms
getTemplateReferences: 0ms
updated: ng - 81ms
getDiagnostics: 73ms
updating project structure from ...
getTemplateReferences: 0ms
getTemplateReferences: 0ms
updated: ng - 0ms
getHoverAt: 0ms
getDefinitionAt: 0ms
getDefinitionAt: 0ms
getDefinitionAt: 1ms
getDefinitionAt: 10ms
getDiagnostics: 1ms
getHoverAt: 12ms
getHoverAt: 0ms
getDiagnostics: 0ms
getHoverAt: 0ms
updating project structure from ...
getTemplateReferences: 0ms
getTemplateReferences: 0ms
updated: ng - 58ms
getDefinitionAt: 1ms
getDefinitionAt: 1ms
getDiagnostics: 108ms
getHoverAt: 12ms
getDiagnostics: 0ms
getHoverAt: 0ms
updating project structure from ...
getTemplateReferences: 0ms
getTemplateReferences: 0ms
updated: ng - 73ms
getDiagnostics: 187ms
getDiagnostics: 0ms
getDiagnostics: 27ms
getDiagnostics: 34ms
updating project structure from ...
getTemplateReferences: 0ms
getTemplateReferences: 0ms
updated: ng - 122ms
getDiagnostics: 145ms
updating project structure from ...
getTemplateReferences: 0ms
getTemplateReferences: 0ms
updated: ng - 0ms
getCompletions: 20ms
getDiagnostics: 20ms
updating project structure from ...
getTemplateReferences: 0ms
getTemplateReferences: 0ms
updated: ng - 58ms
getDiagnostics: 90ms
getDiagnostics: 36ms
getCompletions: 22ms
getDiagnostics: 12ms
getDiagnostics: 30ms
updating project structure from ...
getTemplateReferences: 0ms
getTemplateReferences: 0ms
updated: ng - 53ms
getDiagnostics: 27ms
getDiagnostics: 93ms
getCompletions: 36ms
getDiagnostics: 199ms
updating project structure from ...
getTemplateReferences: 0ms
getTemplateReferences: 0ms
updated: ng - 0ms
getCompletions: 24ms
getDiagnostics: 108ms
getDiagnostics: 147ms
getDiagnostics: 57ms
getCompletions: 33ms
getDiagnostics: 158ms
getDiagnostics: 121ms
updating project structure from ...
getTemplateReferences: 75ms
getTemplateReferences: 0ms
updated: ng - 0ms
getDiagnostics: 195ms
getDiagnostics: 179ms
getDiagnostics: 81ms
updating project structure from ...
getTemplateReferences: 49ms
getTemplateReferences: 0ms
updated: ng - 0ms
getCompletions: 134ms
getCompletions: 152ms
getDiagnostics: 82ms
getCompletions: 87ms
getCompletions: 77ms
getDiagnostics: 143ms
updating project structure from ...
getTemplateReferences: 0ms
getTemplateReferences: 0ms
updated: ng - 0ms
getDiagnostics: 126ms
getDiagnostics: 169ms
getDiagnostics: 108ms
updating project structure from ...
getTemplateReferences: 78ms
getTemplateReferences: 2ms
updated: ng - 0ms
getDiagnostics: 118ms
getDiagnostics: 93ms
updating project structure from ...
getTemplateReferences: 0ms
getTemplateReferences: 0ms
updated: ng - 0ms
getDiagnostics: 123ms
updating project structure from ...
getTemplateReferences: 54ms
getTemplateReferences: 0ms
updated: ng - 0ms
getHoverAt: 1ms
getCompletions: 9ms
getDiagnostics: 125ms
getDiagnostics: 125ms
getDiagnostics: 120ms
getDiagnostics: 128ms
getCompletions: 11ms
getCompletions: 19ms
getCompletions: 30ms
getCompletions: 20ms
getDiagnostics: 48ms
updating project structure from ...
getTemplateReferences: 59ms
getTemplateReferences: 0ms
updated: ng - 0ms
getHoverAt: 0ms
getHoverAt: 0ms
getDiagnostics: 2ms
getHoverAt: 0ms
getHoverAt: 0ms
getHoverAt: 0ms
getDiagnostics: 648ms
getHoverAt: 1ms
getHoverAt: 1ms
getDefinitionAt: 1ms
Search path: /home/tripas/Angular/a04-spotiapp/src/app/services
Config file name: /home/tripas/Angular/a04-spotiapp/tsconfig.json
getHoverAt: 0ms
getDiagnostics: 214ms
getDefinitionAt: 2ms
Search path: /home/tripas/Angular/a04-spotiapp/src/app/services
Config file name: /home/tripas/Angular/a04-spotiapp/tsconfig.json
getDefinitionAt: 0ms
updating project structure from ...
getTemplateReferences: 0ms
getTemplateReferences: 0ms
updated: ng - 0ms
getDiagnostics: 3ms
getHoverAt: 0ms
getCompletions: 73ms
getDiagnostics: 135ms
getDiagnostics: 172ms
getDiagnostics: 1ms
getDiagnostics: 106ms
getDiagnostics: 143ms
getDiagnostics: 0ms
Search path: /home/tripas/Angular/a04-spotiapp/src/app/classes
Config file name: /home/tripas/Angular/a04-spotiapp/tsconfig.json
getDiagnostics: 0ms
getHoverAt: 0ms
getDiagnostics: 149ms
updating project structure from ...
getTemplateReferences: 120ms
updated: ng - 0ms
getHoverAt: 0ms
getDiagnostics: 167ms
getCompletions: 28ms
getDiagnostics: 205ms
getDiagnostics: 102ms
updating project structure from ...
getTemplateReferences: 85ms
updated: ng - 0ms
getDiagnostics: 1ms
Detected source file changes: /home/tripas/Angular/a04-spotiapp/src/app/components/classes/perfil.ts
Search path: /home/tripas/Angular/a04-spotiapp/src/app/components/classes
Config file name: /home/tripas/Angular/a04-spotiapp/tsconfig.json
getTemplateReferences: 0ms
Angular Language Service: 8.2.6
TypeScript: 3.5.3
getTemplateReferences: 790ms
remove project: /home/tripas/Angular/a04-spotiapp/src/app/components/classes/perfil.ts
getTemplateReferences: 0ms
updating project structure from ...
getTemplateReferences: 0ms
updated: ng - 108ms
getDiagnostics: 13ms
Search path: /home/tripas/Angular/a04-spotiapp/src/app/components/cancion
Config file name: /home/tripas/Angular/a04-spotiapp/tsconfig.json
getTemplateReferences: 0ms
getDiagnostics: 57ms
getDiagnostics: 62ms
updating project structure from ...
getTemplateReferences: 0ms
getTemplateReferences: 0ms
updated: ng - 145ms
getHoverAt: 0ms
getCompletions: 145ms
getDiagnostics: 188ms
updating project structure from ...
getTemplateReferences: 0ms
getTemplateReferences: 0ms
updated: ng - 0ms
getDiagnostics: 0ms
getHoverAt: 0ms
getHoverAt: 0ms
getHoverAt: 0ms
getHoverAt: 0ms
getHoverAt: 1ms
getHoverAt: 0ms
getHoverAt: 0ms
getHoverAt: 1ms
getHoverAt: 0ms
getHoverAt: 1ms
getHoverAt: 0ms
getCompletions: 21ms
getDiagnostics: 80ms
updating project structure from ...
getTemplateReferences: 68ms
getTemplateReferences: 0ms
updated: ng - 0ms
getDiagnostics: 63ms
updating project structure from ...
getTemplateReferences: 46ms
getTemplateReferences: 0ms
updated: ng - 0ms
getDiagnostics: 144ms
updating project structure from ...
getTemplateReferences: 41ms
getTemplateReferences: 0ms
updated: ng - 0ms
getHoverAt: 0ms
getHoverAt: 1ms
getCompletions: 20ms
getDiagnostics: 71ms
getCompletions: 13ms
getCompletions: 12ms
getCompletions: 34ms
getCompletions: 51ms
getDiagnostics: 0ms
getCompletions: 26ms
getDiagnostics: 62ms
updating project structure from ...
getTemplateReferences: 60ms
getTemplateReferences: 0ms
updated: ng - 0ms
getDiagnostics: 207ms
getDiagnostics: 179ms
getHoverAt: 0ms
getHoverAt: 2ms
getHoverAt: 1ms
getHoverAt: 1ms
getHoverAt: 0ms
getHoverAt: 1ms
getHoverAt: 1ms
getHoverAt: 1ms
getHoverAt: 1ms
getHoverAt: 1ms
getHoverAt: 1ms
getHoverAt: 1ms
getHoverAt: 2ms
getHoverAt: 1ms
getHoverAt: 1ms
getHoverAt: 1ms
getHoverAt: 0ms
getHoverAt: 1ms
getHoverAt: 0ms
getHoverAt: 0ms
getHoverAt: 1ms
getCompletions: 21ms
getDiagnostics: 193ms
getDiagnostics: 171ms
updating project structure from ...
getTemplateReferences: 0ms
getTemplateReferences: 0ms
updated: ng - 0ms
getDiagnostics: 62ms
updating project structure from ...
getTemplateReferences: 39ms
getTemplateReferences: 0ms
updated: ng - 0ms
getDiagnostics: 76ms
getDiagnostics: 100ms
Search path: /home/tripas/Angular/a04-spotiapp/src/app/components/header/headerprofile
Config file name: /home/tripas/Angular/a04-spotiapp/tsconfig.json
getTemplateReferences: 0ms
getDiagnostics: 91ms
Search path: /home/tripas/Angular/a04-spotiapp/src/app/components/header/headerprofile
Config file name: /home/tripas/Angular/a04-spotiapp/tsconfig.json
getDiagnostics: 1ms
Search path: /home/tripas/Angular/a04-spotiapp/src/app/components/header/headerprofile
Config file name: /home/tripas/Angular/a04-spotiapp/tsconfig.json
getTemplateReferences: 1ms
getDiagnostics: 23ms
Search path: /home/tripas/Angular/a04-spotiapp/src/app/components/header/headerprofile
Config file name: /home/tripas/Angular/a04-spotiapp/tsconfig.json
getDiagnostics: 23ms
getHoverAt: 0ms
getDiagnostics: 80ms
getCompletions: 16ms
getDiagnostics: 87ms
updating project structure from ...
getTemplateReferences: 1ms
updated: ng - 0ms
getDiagnostics: 0ms
getDiagnostics: 139ms
getCompletions: 27ms
getDiagnostics: 247ms
getDiagnostics: 69ms
updating project structure from ...
getTemplateReferences: 63ms
updated: ng - 2ms
getDiagnostics: 91ms
updating project structure from ...
getTemplateReferences: 64ms
updated: ng - 0ms
getDiagnostics: 69ms
getDiagnostics: 142ms
getDiagnostics: 1ms
getDiagnostics: 91ms
getHoverAt: 1ms
getDiagnostics: 153ms
updating project structure from ...
getTemplateReferences: 0ms
updated: ng - 0ms
getDiagnostics: 52ms
updating project structure from ...
getTemplateReferences: 42ms
updated: ng - 0ms
getHoverAt: 1ms
getCompletions: 25ms
getDiagnostics: 111ms
updating project structure from ...
getTemplateReferences: 45ms
updated: ng - 0ms
getDiagnostics: 206ms
getDiagnostics: 153ms
getHoverAt: 0ms
getHoverAt: 0ms
getCompletions: 27ms
getDiagnostics: 55ms
getHoverAt: 3ms
getHoverAt: 1ms
getHoverAt: 1ms
getHoverAt: 1ms
getHoverAt: 3ms
getHoverAt: 1ms
getHoverAt: 3ms
getHoverAt: 1ms
getHoverAt: 1ms
getHoverAt: 0ms
getHoverAt: 1ms
getCompletions: 24ms
getDiagnostics: 141ms
getDiagnostics: 148ms
updating project structure from ...
getTemplateReferences: 0ms
updated: ng - 0ms
getDiagnostics: 1ms
getHoverAt: 1ms
getHoverAt: 0ms
getCompletions: 59ms
getDiagnostics: 98ms
getDiagnostics: 78ms
getHoverAt: 1ms
getHoverAt: 1ms
getHoverAt: 1ms
getHoverAt: 0ms
getHoverAt: 1ms
getDiagnostics: 12ms
getDiagnostics: 0ms
getDiagnostics: 39ms
updating project structure from ...
getTemplateReferences: 0ms
updated: ng - 82ms
getDiagnostics: 19ms
getHoverAt: 0ms
getDiagnostics: 198ms
getDiagnostics: 100ms
getDiagnostics: 84ms
updating project structure from ...
getTemplateReferences: 45ms
updated: ng - 0ms
getDiagnostics: 1ms
getHoverAt: 1ms
getCompletions: 54ms
getDiagnostics: 88ms
getDiagnostics: 93ms
getDiagnostics: 1ms
getHoverAt: 2ms
getHoverAt: 0ms
getHoverAt: 0ms
getHoverAt: 0ms
getHoverAt: 0ms
getHoverAt: 0ms
getHoverAt: 0ms
getDiagnostics: 60ms
updating project structure from ...
getTemplateReferences: 48ms
updated: ng - 0ms
getDiagnostics: 1ms
getDiagnostics: 83ms
getDiagnostics: 122ms
getHoverAt: 0ms
Search path: /home/tripas/Angular/a04-spotiapp/src/app/components/home
Config file name: /home/tripas/Angular/a04-spotiapp/tsconfig.json
getTemplateReferences: 0ms
getDiagnostics: 28ms
getHoverAt: 50ms
getHoverAt: 31ms
getDiagnostics: 113ms
getDiagnostics: 110ms
getDiagnostics: 167ms
updating project structure from ...
getTemplateReferences: 0ms
getTemplateReferences: 0ms
updated: ng - 0ms
getDiagnostics: 158ms
getCompletions: 162ms
getDiagnostics: 142ms
getCompletions: 46ms
getDiagnostics: 193ms
getCompletions: 41ms
getDiagnostics: 92ms
getDiagnostics: 140ms
updating project structure from ...
getTemplateReferences: 0ms
getTemplateReferences: 0ms
updated: ng - 0ms
getCompletions: 98ms
getDiagnostics: 84ms
getCompletions: 83ms
getDiagnostics: 133ms
getCompletions: 57ms
getDiagnostics: 160ms
updating project structure from ...
getTemplateReferences: 0ms
getTemplateReferences: 0ms
updated: ng - 0ms
getCompletions: 36ms
getDiagnostics: 135ms
getCompletions: 30ms
getCompletions: 88ms
getCompletions: 54ms
getDiagnostics: 111ms
getCompletions: 50ms
getCompletions: 76ms
getCompletions: 48ms
getCompletions: 90ms
getCompletions: 39ms
getCompletions: 92ms
getDiagnostics: 63ms
updating project structure from ...
getTemplateReferences: 0ms
getTemplateReferences: 0ms
updated: ng - 0ms
getCompletions: 56ms
getCompletions: 72ms
getDiagnostics: 72ms
getCompletions: 51ms
getCompletions: 121ms
getDiagnostics: 101ms
updating project structure from ...
getTemplateReferences: 0ms
getTemplateReferences: 0ms
updated: ng - 0ms
getCompletions: 63ms
getCompletions: 72ms
getDiagnostics: 79ms
updating project structure from ...
getTemplateReferences: 0ms
getTemplateReferences: 0ms
updated: ng - 0ms
getCompletions: 62ms
getCompletions: 68ms
getCompletions: 38ms
getCompletions: 86ms
getDiagnostics: 34ms
getCompletions: 35ms
getDiagnostics: 60ms
updating project structure from ...
getTemplateReferences: 0ms
getTemplateReferences: 0ms
updated: ng - 0ms
getDiagnostics: 371ms
getHoverAt: 21ms
getHoverAt: 26ms
getHoverAt: 77ms
getHoverAt: 52ms
getHoverAt: 29ms
getHoverAt: 41ms
getHoverAt: 63ms
getHoverAt: 113ms
getHoverAt: 0ms
getHoverAt: 1ms
getHoverAt: 1ms
getHoverAt: 0ms
getHoverAt: 0ms
getHoverAt: 0ms
getHoverAt: 0ms
getHoverAt: 0ms
getHoverAt: 0ms
getHoverAt: 1ms
getHoverAt: 1ms
getDefinitionAt: 0ms
getDefinitionAt: 1ms
getDefinitionAt: 0ms
getHoverAt: 1ms
getHoverAt: 0ms
getHoverAt: 0ms
getCompletions: 35ms
getDiagnostics: 131ms
getCompletions: 18ms
getDiagnostics: 116ms
getDiagnostics: 1ms
getHoverAt: 1ms
getHoverAt: 1ms
getHoverAt: 0ms
getHoverAt: 1ms
getHoverAt: 1ms
getHoverAt: 0ms
getDiagnostics: 91ms
updating project structure from ...
getTemplateReferences: 91ms
getTemplateReferences: 0ms
updated: ng - 0ms
getDiagnostics: 8ms
getDiagnostics: 97ms
updating project structure from ...
getTemplateReferences: 112ms
getTemplateReferences: 0ms
updated: ng - 0ms
getDiagnostics: 54ms
getDiagnostics: 97ms
getDiagnostics: 73ms
getDiagnostics: 84ms
getDiagnostics: 156ms
updating project structure from ...
getTemplateReferences: 136ms
getTemplateReferences: 0ms
updated: ng - 0ms
getDiagnostics: 1ms
getHoverAt: 0ms
getHoverAt: 0ms
getHoverAt: 0ms
getHoverAt: 81ms
getCompletions: 147ms
getDiagnostics: 129ms
updating project structure from ...
getTemplateReferences: 0ms
getTemplateReferences: 0ms
updated: ng - 0ms
getDiagnostics: 90ms
getCompletions: 69ms
getCompletions: 152ms
getDiagnostics: 91ms
getDiagnostics: 345ms
Search path: /home/tripas/Angular/a04-spotiapp/src/app/services
Config file name: /home/tripas/Angular/a04-spotiapp/tsconfig.json
getDiagnostics: 2ms
getHoverAt: 0ms
getHoverAt: 0ms
getHoverAt: 0ms
getHoverAt: 0ms
getHoverAt: 1ms
getHoverAt: 0ms
getHoverAt: 1ms
getHoverAt: 0ms
getHoverAt: 1ms
getHoverAt: 0ms
getHoverAt: 1ms
getHoverAt: 1ms
getHoverAt: 1ms
getDiagnostics: 70ms
updating project structure from ...
getTemplateReferences: 0ms
getTemplateReferences: 0ms
updated: ng - 34ms
getDiagnostics: 247ms
getHoverAt: 0ms
getHoverAt: 0ms
getHoverAt: 0ms
getHoverAt: 0ms
getHoverAt: 0ms
getHoverAt: 0ms
getHoverAt: 1ms
getHoverAt: 1ms
getHoverAt: 0ms
getHoverAt: 1ms
getHoverAt: 1ms
getDefinitionAt: 1ms
getDefinitionAt: 0ms
getDefinitionAt: 0ms
getDefinitionAt: 1ms
getHoverAt: 0ms
getHoverAt: 1ms
getHoverAt: 0ms
getHoverAt: 0ms
getHoverAt: 0ms
getHoverAt: 1ms
getDiagnostics: 76ms
updating project structure from ...
getTemplateReferences: 36ms
getTemplateReferences: 0ms
updated: ng - 0ms
getDiagnostics: 92ms
getDiagnostics: 91ms
getHoverAt: 0ms
getHoverAt: 0ms
getHoverAt: 1ms
getDiagnostics: 245ms
getHoverAt: 6ms
getHoverAt: 1ms
getHoverAt: 0ms
getHoverAt: 0ms
getHoverAt: 1ms
getHoverAt: 0ms
getHoverAt: 0ms
getDiagnostics: 117ms
updating project structure from ...
getTemplateReferences: 0ms
getTemplateReferences: 0ms
updated: ng - 0ms
getDiagnostics: 32ms
getDiagnostics: 50ms
updating project structure from ...
getTemplateReferences: 0ms
getTemplateReferences: 0ms
updated: ng - 35ms
getHoverAt: 0ms
getHoverAt: 0ms
getCompletions: 44ms
getDiagnostics: 144ms
getCompletions: 20ms
getDiagnostics: 44ms
getCompletions: 20ms
getDiagnostics: 3ms
getCompletions: 52ms
getDiagnostics: 21ms
updating project structure from ...
getTemplateReferences: 0ms
getTemplateReferences: 0ms
updated: ng - 26ms
getDiagnostics: 104ms
getHoverAt: 0ms
updating project structure from ...
getTemplateReferences: 0ms
getTemplateReferences: 0ms
updated: ng - 0ms
getDefinitionAt: 0ms
getHoverAt: 15ms
getDiagnostics: 6ms
updating project structure from ...
getTemplateReferences: 0ms
getTemplateReferences: 0ms
updated: ng - 62ms
getHoverAt: 1ms
getHoverAt: 0ms
getHoverAt: 0ms
getHoverAt: 0ms
getHoverAt: 0ms
getHoverAt: 0ms
getDiagnostics: 99ms
updating project structure from ...
getTemplateReferences: 0ms
getTemplateReferences: 0ms
updated: ng - 0ms
getDiagnostics: 39ms
updating project structure from ...
getTemplateReferences: 0ms
getTemplateReferences: 0ms
updated: ng - 24ms
getDiagnostics: 107ms
updating project structure from ...
getTemplateReferences: 0ms
getTemplateReferences: 0ms
updated: ng - 0ms
getDiagnostics: 44ms
getDiagnostics: 34ms
getDiagnostics: 1ms
getDiagnostics: 37ms
getDiagnostics: 41ms
updating project structure from ...
getTemplateReferences: 0ms
getTemplateReferences: 0ms
updated: ng - 83ms
getDiagnostics: 172ms
getHoverAt: 1ms
getHoverAt: 0ms
getHoverAt: 0ms
getCompletions: 22ms
getDiagnostics: 64ms
getCompletions: 54ms
getDiagnostics: 73ms
updating project structure from ...
getTemplateReferences: 0ms
getTemplateReferences: 0ms
updated: ng - 32ms
getDiagnostics: 132ms
updating project structure from ...
getTemplateReferences: 0ms
getTemplateReferences: 0ms
updated: ng - 0ms
getHoverAt: 0ms
getCompletions: 23ms
getDiagnostics: 8ms
updating project structure from ...
getTemplateReferences: 0ms
getTemplateReferences: 0ms
updated: ng - 27ms
getDiagnostics: 228ms
updating project structure from ...
getTemplateReferences: 0ms
getTemplateReferences: 0ms
updated: ng - 1ms
getDiagnostics: 1ms
Search path: /home/tripas/Angular/a04-spotiapp/src/app
Config file name: /home/tripas/Angular/a04-spotiapp/tsconfig.json
getDiagnostics: 1ms
getHoverAt: 1ms
getHoverAt: 1ms
getHoverAt: 0ms
getHoverAt: 0ms
getHoverAt: 1ms
getHoverAt: 1ms
getHoverAt: 0ms
getHoverAt: 1ms
getHoverAt: 0ms
getHoverAt: 0ms
getHoverAt: 1ms
Search path: /home/tripas/Angular/a04-spotiapp/src/app
Config file name: /home/tripas/Angular/a04-spotiapp/tsconfig.json
getDiagnostics: 0ms
Search path: /home/tripas/Angular/a04-spotiapp/src/app
Config file name: /home/tripas/Angular/a04-spotiapp/tsconfig.json
getDiagnostics: 0ms
Search path: /home/tripas/Angular/a04-spotiapp/src/app
Config file name: /home/tripas/Angular/a04-spotiapp/tsconfig.json
Search path: /home/tripas/Angular/a04-spotiapp/src/app
Config file name: /home/tripas/Angular/a04-spotiapp/tsconfig.json
getTemplateReferences: 0ms
Search path: /home/tripas/Angular/a04-spotiapp/src/app
Config file name: /home/tripas/Angular/a04-spotiapp/tsconfig.json
getDiagnostics: 0ms
getHoverAt: 1ms
getHoverAt: 0ms
getHoverAt: 0ms
getHoverAt: 0ms
getHoverAt: 0ms
getDiagnostics: 134ms
updating project structure from ...
getTemplateReferences: 0ms
getTemplateReferences: 0ms
updated: ng - 132ms
getDiagnostics: 76ms
getHoverAt: 0ms
getHoverAt: 1ms
getHoverAt: 1ms
getHoverAt: 0ms
getHoverAt: 1ms
getHoverAt: 0ms
getHoverAt: 0ms
getHoverAt: 0ms
getHoverAt: 1ms
getHoverAt: 0ms
getHoverAt: 1ms
getHoverAt: 0ms
getHoverAt: 0ms
getHoverAt: 0ms
getHoverAt: 0ms
getHoverAt: 0ms
getHoverAt: 0ms
getHoverAt: 1ms
getHoverAt: 1ms
getDiagnostics: 33ms
updating project structure from ...
getTemplateReferences: 0ms
getTemplateReferences: 0ms
updated: ng - 131ms
getDiagnostics: 119ms
getCompletions: 27ms
getDiagnostics: 25ms
getCompletions: 21ms
getDiagnostics: 5ms
updating project structure from ...
getTemplateReferences: 0ms
getTemplateReferences: 0ms
updated: ng - 34ms
getDiagnostics: 106ms
updating project structure from ...
getTemplateReferences: 0ms
getTemplateReferences: 0ms
updated: ng - 0ms
getHoverAt: 1ms
getHoverAt: 0ms
getHoverAt: 1ms
getHoverAt: 1ms
getDefinitionAt: 0ms
getDefinitionAt: 43ms
getHoverAt: 0ms
getDiagnostics: 9ms
getHoverAt: 0ms
updating project structure from ...
getTemplateReferences: 0ms
getTemplateReferences: 0ms
updated: ng - 39ms
getCompletions: 27ms
getDiagnostics: 142ms
getDiagnostics: 129ms
getHoverAt: 0ms
getDiagnostics: 61ms
getHoverAt: 0ms
getDiagnostics: 56ms
updating project structure from ...
getTemplateReferences: 124ms
getTemplateReferences: 0ms
updated: ng - 0ms
getHoverAt: 1ms
getHoverAt: 1ms
getDiagnostics: 54ms
updating project structure from ...
getTemplateReferences: 53ms
getTemplateReferences: 0ms
updated: ng - 0ms
getCompletions: 26ms
getDiagnostics: 76ms
updating project structure from ...
getTemplateReferences: 82ms
getTemplateReferences: 0ms
updated: ng - 0ms
getCompletions: 18ms
getDiagnostics: 79ms
getCompletions: 35ms
getCompletions: 33ms
getDiagnostics: 113ms
getDiagnostics: 121ms
getDiagnostics: 225ms
getCompletions: 12ms
getDiagnostics: 57ms
updating project structure from ...
getTemplateReferences: 44ms
getTemplateReferences: 0ms
updated: ng - 0ms
getCompletions: 12ms
getDiagnostics: 55ms
getDiagnostics: 80ms
updating project structure from ...
getTemplateReferences: 0ms
getTemplateReferences: 0ms
updated: ng - 0ms
getHoverAt: 3ms
getHoverAt: 0ms
getHoverAt: 0ms
getHoverAt: 0ms
getHoverAt: 1ms
getDiagnostics: 77ms
updating project structure from ...
getTemplateReferences: 38ms
getTemplateReferences: 0ms
updated: ng - 0ms
getDiagnostics: 1ms
getHoverAt: 1ms
getHoverAt: 1ms
getHoverAt: 0ms
getHoverAt: 1ms
getHoverAt: 1ms
getDiagnostics: 60ms
updating project structure from ...
getTemplateReferences: 0ms
getTemplateReferences: 0ms
updated: ng - 39ms
getCompletions: 26ms
getDiagnostics: 75ms
updating project structure from ...
getTemplateReferences: 0ms
getTemplateReferences: 0ms
updated: ng - 0ms
getDiagnostics: 16ms
updating project structure from ...
getTemplateReferences: 0ms
getTemplateReferences: 0ms
updated: ng - 34ms
getCompletions: 21ms
getDiagnostics: 159ms
getDiagnostics: 13ms
getCompletions: 16ms
getDiagnostics: 73ms
getDiagnostics: 24ms
updating project structure from ...
getTemplateReferences: 0ms
getTemplateReferences: 0ms
updated: ng - 38ms
getHoverAt: 1ms
getHoverAt: 0ms
getHoverAt: 1ms
getHoverAt: 0ms
getHoverAt: 0ms
getHoverAt: 0ms
getHoverAt: 0ms
getHoverAt: 1ms
getHoverAt: 0ms
getDiagnostics: 95ms
updating project structure from ...
getTemplateReferences: 0ms
getTemplateReferences: 0ms
updated: ng - 0ms
getHoverAt: 1ms
getHoverAt: 0ms
getDiagnostics: 1ms
getHoverAt: 0ms
getHoverAt: 0ms
getHoverAt: 1ms
getHoverAt: 0ms
getHoverAt: 1ms
getHoverAt: 0ms
getHoverAt: 0ms
getHoverAt: 1ms
getHoverAt: 0ms
getHoverAt: 1ms
getHoverAt: 0ms
getCompletions: 36ms
getCompletions: 11ms
getDiagnostics: 91ms
getCompletions: 11ms
getDiagnostics: 102ms
getDiagnostics: 41ms
getCompletions: 13ms
getDiagnostics: 100ms
updating project structure from ...
getTemplateReferences: 0ms
getTemplateReferences: 0ms
updated: ng - 0ms
getHoverAt: 0ms
getHoverAt: 0ms
getHoverAt: 1ms
getHoverAt: 1ms
getDefinitionAt: 0ms
getHoverAt: 0ms
getHoverAt: 0ms
getDiagnostics: 82ms
updating project structure from ...
getTemplateReferences: 65ms
getTemplateReferences: 0ms
updated: ng - 0ms
getDiagnostics: 64ms
updating project structure from ...
getTemplateReferences: 29ms
getTemplateReferences: 0ms
updated: ng - 0ms
getDiagnostics: 1ms
getHoverAt: 0ms
getHoverAt: 0ms
getHoverAt: 1ms
getHoverAt: 0ms
getHoverAt: 0ms
getHoverAt: 0ms
getHoverAt: 1ms
getHoverAt: 0ms
getHoverAt: 1ms
getHoverAt: 0ms
getHoverAt: 1ms
getHoverAt: 1ms
getHoverAt: 1ms
getHoverAt: 0ms
getHoverAt: 1ms
getHoverAt: 1ms
getHoverAt: 1ms
getHoverAt: 0ms
getHoverAt: 1ms
getHoverAt: 0ms
getHoverAt: 0ms
getHoverAt: 1ms
getHoverAt: 1ms
getHoverAt: 1ms
getHoverAt: 1ms
getHoverAt: 0ms
getHoverAt: 0ms
getHoverAt: 0ms
getHoverAt: 1ms
getHoverAt: 1ms
getHoverAt: 2ms
getHoverAt: 0ms
getDefinitionAt: 1ms
getHoverAt: 1ms
getHoverAt: 1ms
getDiagnostics: 52ms
updating project structure from ...
getTemplateReferences: 0ms
getTemplateReferences: 0ms
updated: ng - 82ms
getHoverAt: 0ms
getDefinitionAt: 0ms
getDiagnostics: 152ms
updating project structure from ...
getTemplateReferences: 0ms
getTemplateReferences: 0ms
updated: ng - 0ms
getHoverAt: 1ms
getHoverAt: 0ms
getHoverAt: 1ms
getHoverAt: 2ms
getDiagnostics: 81ms
updating project structure from ...
getTemplateReferences: 0ms
getTemplateReferences: 0ms
updated: ng - 59ms
getHoverAt: 1ms
getHoverAt: 0ms
getDiagnostics: 152ms
getDiagnostics: 53ms
getDiagnostics: 22ms
updating project structure from ...
getTemplateReferences: 0ms
getTemplateReferences: 0ms
updated: ng - 51ms
getHoverAt: 1ms
getDiagnostics: 95ms
getHoverAt: 0ms
getHoverAt: 1ms
getHoverAt: 0ms
getHoverAt: 0ms
getDiagnostics: 55ms
getHoverAt: 1ms
getHoverAt: 0ms
getDiagnostics: 35ms
getHoverAt: 0ms
updating project structure from ...
getTemplateReferences: 0ms
getTemplateReferences: 0ms
updated: ng - 79ms
getDiagnostics: 152ms
updating project structure from ...
getTemplateReferences: 0ms
getTemplateReferences: 0ms
updated: ng - 0ms
getDiagnostics: 24ms
updating project structure from ...
getTemplateReferences: 1ms
getTemplateReferences: 0ms
updated: ng - 64ms
getHoverAt: 0ms
getHoverAt: 1ms
getHoverAt: 0ms
getHoverAt: 1ms
getHoverAt: 0ms
getHoverAt: 1ms
getHoverAt: 0ms
getHoverAt: 1ms
getHoverAt: 1ms
getHoverAt: 0ms
getHoverAt: 0ms
getHoverAt: 1ms
getHoverAt: 1ms
getHoverAt: 1ms
getHoverAt: 0ms
getDiagnostics: 126ms
updating project structure from ...
getTemplateReferences: 0ms
getTemplateReferences: 0ms
updated: ng - 0ms
getDiagnostics: 13ms
getHoverAt: 0ms
getHoverAt: 1ms
getHoverAt: 0ms
getHoverAt: 0ms
getHoverAt: 0ms
getHoverAt: 0ms
getHoverAt: 1ms
getHoverAt: 1ms
getHoverAt: 0ms
getHoverAt: 1ms
getHoverAt: 0ms
getHoverAt: 1ms
getHoverAt: 0ms
getHoverAt: 0ms
getHoverAt: 0ms
getHoverAt: 0ms
getHoverAt: 0ms
getHoverAt: 1ms
getHoverAt: 0ms
getHoverAt: 0ms
getHoverAt: 1ms
getHoverAt: 1ms
getDiagnostics: 47ms
updating project structure from ...
getTemplateReferences: 0ms
getTemplateReferences: 0ms
updated: ng - 46ms
getHoverAt: 1ms
getHoverAt: 1ms
getHoverAt: 1ms
getDiagnostics: 123ms
updating project structure from ...
getTemplateReferences: 0ms
getTemplateReferences: 0ms
updated: ng - 0ms
getDiagnostics: 1ms
getHoverAt: 1ms
getHoverAt: 1ms
getHoverAt: 0ms
getHoverAt: 1ms
getHoverAt: 0ms
getHoverAt: 1ms
getHoverAt: 1ms
getHoverAt: 0ms
getHoverAt: 0ms
getHoverAt: 0ms
getHoverAt: 0ms
getCompletions: 29ms
getDiagnostics: 54ms
updating project structure from ...
getTemplateReferences: 48ms
getTemplateReferences: 0ms
updated: ng - 0ms
getDiagnostics: 81ms
updating project structure from ...
getTemplateReferences: 53ms
getTemplateReferences: 3ms
updated: ng - 0ms
getHoverAt: 1ms
getHoverAt: 1ms
getHoverAt: 0ms
getHoverAt: 1ms
getHoverAt: 0ms
getHoverAt: 0ms
getDiagnostics: 1ms
getHoverAt: 0ms
getHoverAt: 1ms
getHoverAt: 1ms
getCompletions: 72ms
getDiagnostics: 71ms
getDiagnostics: 99ms
getDiagnostics: 80ms
updating project structure from ...
getTemplateReferences: 80ms
getTemplateReferences: 0ms
updated: ng - 0ms
getDiagnostics: 115ms
updating project structure from ...
getTemplateReferences: 75ms
getTemplateReferences: 0ms
updated: ng - 0ms
getHoverAt: 0ms
getHoverAt: 0ms
getHoverAt: 0ms
getDiagnostics: 39ms
getHoverAt: 0ms
getDiagnostics: 81ms
updating project structure from ...
getTemplateReferences: 104ms
getTemplateReferences: 0ms
updated: ng - 0ms
getDiagnostics: 70ms
getCompletions: 22ms
getDiagnostics: 98ms
updating project structure from ...
getTemplateReferences: 0ms
getTemplateReferences: 0ms
updated: ng - 0ms
getDiagnostics: 111ms
updating project structure from ...
getTemplateReferences: 110ms
getTemplateReferences: 0ms
updated: ng - 0ms
getHoverAt: 0ms
getDiagnostics: 1ms
getHoverAt: 0ms
getHoverAt: 0ms
getHoverAt: 1ms
getHoverAt: 0ms
getCompletions: 19ms
getCompletions: 28ms
getDiagnostics: 122ms
updating project structure from ...
getTemplateReferences: 95ms
getTemplateReferences: 0ms
updated: ng - 0ms
getDiagnostics: 43ms
updating project structure from ...
getTemplateReferences: 68ms
getTemplateReferences: 0ms
updated: ng - 0ms
getDiagnostics: 95ms
getDiagnostics: 109ms
getHoverAt: 0ms
getHoverAt: 0ms
getHoverAt: 0ms
getHoverAt: 1ms
getHoverAt: 0ms
getHoverAt: 0ms
getHoverAt: 1ms
getCompletions: 22ms
getDiagnostics: 81ms
updating project structure from ...
getTemplateReferences: 50ms
getTemplateReferences: 0ms
updated: ng - 0ms
getDiagnostics: 82ms
getDiagnostics: 82ms
getHoverAt: 0ms
getHoverAt: 0ms
getHoverAt: 0ms
getHoverAt: 0ms
getHoverAt: 0ms
getDefinitionAt: 1ms
getDefinitionAt: 1ms
getHoverAt: 0ms
getHoverAt: 0ms
getHoverAt: 1ms
getHoverAt: 1ms
getHoverAt: 0ms
getHoverAt: 0ms
getDiagnostics: 112ms
getDiagnostics: 92ms
getDiagnostics: 39ms
getDiagnostics: 130ms
updating project structure from ...
getTemplateReferences: 0ms
getTemplateReferences: 0ms
updated: ng - 0ms
getCompletions: 17ms
getDiagnostics: 89ms
getDiagnostics: 96ms
getCompletions: 10ms
getDiagnostics: 93ms
getHoverAt: 0ms
updating project structure from ...
getTemplateReferences: 74ms
getTemplateReferences: 0ms
updated: ng - 0ms
getCompletions: 13ms
getCompletions: 26ms
getDiagnostics: 126ms
getHoverAt: 0ms
getHoverAt: 0ms
getHoverAt: 2ms
getHoverAt: 1ms
getHoverAt: 1ms
getHoverAt: 0ms
getHoverAt: 0ms
getHoverAt: 0ms
getHoverAt: 0ms
getHoverAt: 0ms
getDefinitionAt: 1ms
getDiagnostics: 127ms
updating project structure from ...
getTemplateReferences: 0ms
getTemplateReferences: 1ms
updated: ng - 0ms
getHoverAt: 0ms
getHoverAt: 0ms
getDiagnostics: 41ms
getDiagnostics: 137ms
getDiagnostics: 1ms
getHoverAt: 1ms
getHoverAt: 0ms
getHoverAt: 0ms
Search path: /home/tripas/Angular/a04-spotiapp/src/app/components/header/headerprofile
Config file name: /home/tripas/Angular/a04-spotiapp/tsconfig.json
getDiagnostics: 0ms
