Search path: /home/tripas/SpotiWar/src/app/components/cancion
Config file name: /home/tripas/SpotiWar/tsconfig.json
Angular Language Service: 8.2.6
TypeScript: 3.5.3
getTemplateReferences: 2784ms
Add recursive watcher for: /home/tripas/SpotiWar
Opened configuration file /home/tripas/SpotiWar/tsconfig.json
Search path: /home/tripas/SpotiWar/src/app/components/cancion
Config file name: /home/tripas/SpotiWar/tsconfig.json
getTemplateReferences: 0ms
Search path: /home/tripas/SpotiWar/src/app/components/list-album-track
Config file name: /home/tripas/SpotiWar/tsconfig.json
getTemplateReferences: 0ms
getHoverAt: 131ms
getDiagnostics: 125ms
Search path: /home/tripas/SpotiWar/src/app/components/list-album-track
Config file name: /home/tripas/SpotiWar/tsconfig.json
getDiagnostics: 3ms
Search path: /home/tripas/SpotiWar/src/app/components/list-album-track
Config file name: /home/tripas/SpotiWar/tsconfig.json
getTemplateReferences: 0ms
getDiagnostics: 59ms
Search path: /home/tripas/SpotiWar/src/app/components/list-album-track
Config file name: /home/tripas/SpotiWar/tsconfig.json
getDiagnostics: 1ms
getHoverAt: 2ms
Search path: /home/tripas/SpotiWar/src/app/components/list-album-track
Config file name: /home/tripas/SpotiWar/tsconfig.json
getTemplateReferences: 0ms
getDiagnostics: 152ms
Search path: /home/tripas/SpotiWar/src/app/components/list-album-track
Config file name: /home/tripas/SpotiWar/tsconfig.json
getDiagnostics: 2ms
getHoverAt: 0ms
getHoverAt: 1ms
getHoverAt: 1ms
getHoverAt: 0ms
getHoverAt: 0ms
getHoverAt: 0ms
getHoverAt: 0ms
getHoverAt: 0ms
getHoverAt: 0ms
getHoverAt: 0ms
getHoverAt: 0ms
getHoverAt: 0ms
getHoverAt: 0ms
getHoverAt: 0ms
getHoverAt: 1ms
getDefinitionAt: 0ms
Search path: /snap/code/14/usr/share/code/resources/app/extensions/node_modules/typescript/lib
No config files found.
getTemplateReferences: 0ms
Angular Language Service: 8.2.6
TypeScript: 3.5.3
getTemplateReferences: 279ms
remove project: /snap/code/14/usr/share/code/resources/app/extensions/node_modules/typescript/lib/lib.es5.d.ts
getHoverAt: 1ms
getHoverAt: 1ms
getCompletions: 35ms
getDiagnostics: 138ms
getDiagnostics: 247ms
updating project structure from ...
updated: ng - 0ms
getHoverAt: 0ms
getHoverAt: 1ms
getHoverAt: 0ms
getHoverAt: 0ms
getHoverAt: 0ms
getHoverAt: 0ms
getDiagnostics: 65ms
getDiagnostics: 247ms
updating project structure from ...
updated: ng - 0ms
getDiagnostics: 116ms
updating project structure from ...
updated: ng - 0ms
getHoverAt: 0ms
getHoverAt: 1ms
getHoverAt: 0ms
getHoverAt: 0ms
getCompletions: 91ms
getHoverAt: 0ms
getDiagnostics: 186ms
getHoverAt: 0ms
updating project structure from ...
updated: ng - 0ms
getDiagnostics: 124ms
updating project structure from ...
updated: ng - 0ms
getDiagnostics: 314ms
getDiagnostics: 154ms
updating project structure from ...
updated: ng - 0ms
getHoverAt: 1ms
getHoverAt: 1ms
getDiagnostics: 201ms
updating project structure from ...
updated: ng - 0ms
getHoverAt: 0ms
getHoverAt: 1ms
getHoverAt: 0ms
getHoverAt: 1ms
getHoverAt: 0ms
getHoverAt: 0ms
getHoverAt: 0ms
getDiagnostics: 180ms
updating project structure from ...
updated: ng - 0ms
getDiagnostics: 193ms
getDiagnostics: 129ms
updating project structure from ...
updated: ng - 0ms
getHoverAt: 0ms
getDiagnostics: 67ms
getHoverAt: 0ms
getHoverAt: 1ms
getHoverAt: 0ms
getHoverAt: 0ms
getHoverAt: 1ms
getHoverAt: 1ms
getHoverAt: 0ms
getDiagnostics: 85ms
updating project structure from ...
updated: ng - 0ms
getHoverAt: 1ms
getHoverAt: 0ms
getDefinitionAt: 1ms
getDefinitionAt: 1ms
getDiagnostics: 322ms
getDefinitionAt: 0ms
getDefinitionAt: 105ms
getDiagnostics: 115ms
getHoverAt: 1ms
updating project structure from ...
updated: ng - 0ms
getDefinitionAt: 0ms
getHoverAt: 0ms
getDefinitionAt: 0ms
getDiagnostics: 188ms
getDefinitionAt: 30ms
getDiagnostics: 132ms
updating project structure from ...
updated: ng - 0ms
getDiagnostics: 81ms
getHoverAt: 1ms
getDiagnostics: 188ms
getHoverAt: 1ms
updating project structure from ...
updated: ng - 0ms
getHoverAt: 1ms
getDiagnostics: 192ms
updating project structure from ...
updated: ng - 0ms
getDiagnostics: 1ms
getHoverAt: 0ms
getDiagnostics: 56ms
getHoverAt: 0ms
getHoverAt: 0ms
getHoverAt: 0ms
getHoverAt: 0ms
getHoverAt: 0ms
getHoverAt: 1ms
getHoverAt: 0ms
getHoverAt: 0ms
getHoverAt: 1ms
getHoverAt: 0ms
getHoverAt: 0ms
Search path: /home/tripas/SpotiWar/src/app/components/list-album-track
Config file name: /home/tripas/SpotiWar/tsconfig.json
getTemplateReferences: 54ms
getDiagnostics: 135ms
getHoverAt: 35ms
getHoverAt: 32ms
getHoverAt: 39ms
getHoverAt: 29ms
getHoverAt: 27ms
getHoverAt: 43ms
getCompletions: 224ms
getDefinitionAt: 112ms
getDiagnostics: 69ms
getDiagnostics: 294ms
getHoverAt: 21ms
getDiagnostics: 241ms
updating project structure from ...
getTemplateReferences: 0ms
updated: ng - 0ms
getHoverAt: 29ms
getDefinitionAt: 21ms
getHoverAt: 25ms
getDiagnostics: 363ms
getHoverAt: 15ms
getDiagnostics: 345ms
getCompletions: 150ms
getDiagnostics: 248ms
getDiagnostics: 164ms
getDiagnostics: 190ms
updating project structure from ...
getTemplateReferences: 0ms
updated: ng - 0ms
getDiagnostics: 247ms
getDiagnostics: 415ms
getHoverAt: 31ms
getDiagnostics: 259ms
getHoverAt: 1ms
getHoverAt: 1ms
getHoverAt: 0ms
getHoverAt: 0ms
getHoverAt: 1ms
getHoverAt: 0ms
getHoverAt: 1ms
getHoverAt: 0ms
getHoverAt: 0ms
getHoverAt: 1ms
getHoverAt: 0ms
getHoverAt: 1ms
getHoverAt: 0ms
getHoverAt: 0ms
getHoverAt: 0ms
getHoverAt: 0ms
getHoverAt: 0ms
getCompletions: 29ms
getDiagnostics: 140ms
updating project structure from ...
getTemplateReferences: 128ms
updated: ng - 0ms
getHoverAt: 1ms
getCompletions: 47ms
getDiagnostics: 60ms
updating project structure from ...
getTemplateReferences: 130ms
updated: ng - 0ms
getDiagnostics: 1ms
getHoverAt: 0ms
getHoverAt: 0ms
getDiagnostics: 177ms
updating project structure from ...
getTemplateReferences: 79ms
updated: ng - 0ms
getDiagnostics: 163ms
updating project structure from ...
getTemplateReferences: 106ms
updated: ng - 0ms
getDiagnostics: 1ms
getHoverAt: 1ms
getHoverAt: 0ms
getHoverAt: 1ms
getHoverAt: 0ms
getHoverAt: 0ms
getHoverAt: 1ms
getHoverAt: 0ms
getHoverAt: 1ms
getHoverAt: 1ms
getHoverAt: 0ms
getHoverAt: 1ms
getHoverAt: 0ms
getCompletions: 99ms
getHoverAt: 0ms
getDiagnostics: 68ms
getHoverAt: 0ms
updating project structure from ...
getTemplateReferences: 113ms
updated: ng - 1ms
getCompletions: 120ms
getHoverAt: 0ms
getDiagnostics: 144ms
getCompletions: 23ms
getHoverAt: 0ms
getDiagnostics: 60ms
updating project structure from ...
getTemplateReferences: 8ms
updated: ng - 0ms
getCompletions: 56ms
getDiagnostics: 127ms
getDiagnostics: 156ms
getDiagnostics: 181ms
updating project structure from ...
getTemplateReferences: 134ms
updated: ng - 0ms
getDiagnostics: 1ms
getHoverAt: 0ms
getHoverAt: 1ms
getHoverAt: 1ms
getHoverAt: 0ms
getHoverAt: 1ms
getCompletions: 47ms
getHoverAt: 1ms
getDiagnostics: 183ms
getHoverAt: 0ms
getDiagnostics: 161ms
updating project structure from ...
getTemplateReferences: 0ms
updated: ng - 0ms
getCompletions: 67ms
getDiagnostics: 83ms
getDiagnostics: 84ms
getDiagnostics: 76ms
updating project structure from ...
getTemplateReferences: 119ms
updated: ng - 0ms
getDefinitionAt: 3ms
getDiagnostics: 238ms
getDiagnostics: 131ms
getDiagnostics: 274ms
getDiagnostics: 178ms
updating project structure from ...
getTemplateReferences: 0ms
updated: ng - 0ms
getDiagnostics: 0ms
getHoverAt: 0ms
getHoverAt: 1ms
getCompletions: 34ms
getHoverAt: 0ms
getDiagnostics: 117ms
updating project structure from ...
getTemplateReferences: 114ms
updated: ng - 0ms
getHoverAt: 0ms
getCompletions: 121ms
getDiagnostics: 109ms
getHoverAt: 230ms
getHoverAt: 31ms
getHoverAt: 28ms
getHoverAt: 60ms
getHoverAt: 71ms
getHoverAt: 0ms
getDiagnostics: 131ms
getCompletions: 54ms
getDiagnostics: 157ms
updating project structure from ...
getTemplateReferences: 0ms
updated: ng - 0ms
getCompletions: 22ms
getDiagnostics: 82ms
updating project structure from ...
getTemplateReferences: 67ms
updated: ng - 0ms
getDiagnostics: 151ms
updating project structure from ...
getTemplateReferences: 65ms
updated: ng - 0ms
getDiagnostics: 160ms
updating project structure from ...
getTemplateReferences: 93ms
updated: ng - 0ms
getCompletions: 16ms
getDiagnostics: 179ms
updating project structure from ...
getTemplateReferences: 99ms
updated: ng - 0ms
getDiagnostics: 127ms
updating project structure from ...
getTemplateReferences: 86ms
updated: ng - 0ms
getDiagnostics: 176ms
getDiagnostics: 136ms
getCompletions: 16ms
getDiagnostics: 185ms
updating project structure from ...
getTemplateReferences: 85ms
updated: ng - 0ms
getCompletions: 51ms
getDiagnostics: 106ms
getCompletions: 59ms
getDiagnostics: 73ms
updating project structure from ...
getTemplateReferences: 0ms
updated: ng - 0ms
getCompletions: 40ms
getDiagnostics: 123ms
updating project structure from ...
getTemplateReferences: 86ms
updated: ng - 0ms
getDiagnostics: 140ms
updating project structure from ...
getTemplateReferences: 74ms
updated: ng - 0ms
getDiagnostics: 168ms
getDiagnostics: 86ms
updating project structure from ...
getTemplateReferences: 0ms
updated: ng - 0ms
getCompletions: 19ms
getDiagnostics: 50ms
getDiagnostics: 146ms
updating project structure from ...
getTemplateReferences: 0ms
updated: ng - 1ms
getHoverAt: 1ms
getDiagnostics: 97ms
updating project structure from ...
getTemplateReferences: 54ms
updated: ng - 0ms
getHoverAt: 1ms
getDiagnostics: 131ms
updating project structure from ...
getTemplateReferences: 96ms
updated: ng - 0ms
getDiagnostics: 134ms
updating project structure from ...
getTemplateReferences: 74ms
updated: ng - 0ms
getHoverAt: 6ms
getHoverAt: 0ms
getHoverAt: 0ms
getHoverAt: 0ms
getHoverAt: 1ms
getDiagnostics: 122ms
updating project structure from ...
getTemplateReferences: 78ms
updated: ng - 0ms
getHoverAt: 0ms
getHoverAt: 0ms
getHoverAt: 0ms
getHoverAt: 1ms
getHoverAt: 1ms
getHoverAt: 1ms
getDiagnostics: 112ms
getDiagnostics: 231ms
updating project structure from ...
getTemplateReferences: 0ms
updated: ng - 0ms
getHoverAt: 0ms
getHoverAt: 1ms
getHoverAt: 0ms
getHoverAt: 0ms
getHoverAt: 0ms
getHoverAt: 1ms
getHoverAt: 0ms
getHoverAt: 1ms
getHoverAt: 1ms
getHoverAt: 0ms
getHoverAt: 1ms
getHoverAt: 1ms
getHoverAt: 0ms
getHoverAt: 0ms
getHoverAt: 0ms
getDiagnostics: 76ms
updating project structure from ...
getTemplateReferences: 85ms
updated: ng - 0ms
getHoverAt: 0ms
getDiagnostics: 156ms
getHoverAt: 0ms
updating project structure from ...
getTemplateReferences: 80ms
updated: ng - 0ms
getDiagnostics: 225ms
updating project structure from ...
getTemplateReferences: 90ms
updated: ng - 0ms
getHoverAt: 0ms
getHoverAt: 0ms
getDefinitionAt: 0ms
getDiagnostics: 146ms
getHoverAt: 0ms
updating project structure from ...
getTemplateReferences: 82ms
updated: ng - 0ms
getHoverAt: 0ms
getCompletions: 21ms
getHoverAt: 0ms
getDiagnostics: 102ms
updating project structure from ...
getTemplateReferences: 84ms
updated: ng - 0ms
getHoverAt: 1ms
getCompletions: 21ms
getDiagnostics: 112ms
getDiagnostics: 239ms
updating project structure from ...
getTemplateReferences: 0ms
updated: ng - 0ms
getHoverAt: 0ms
getHoverAt: 1ms
getDiagnostics: 121ms
getCompletions: 58ms
getDiagnostics: 261ms
updating project structure from ...
getTemplateReferences: 0ms
updated: ng - 0ms
getDiagnostics: 96ms
updating project structure from ...
getTemplateReferences: 71ms
updated: ng - 0ms
getDiagnostics: 260ms
updating project structure from ...
getTemplateReferences: 103ms
updated: ng - 0ms
getDiagnostics: 0ms
getHoverAt: 0ms
getHoverAt: 1ms
getHoverAt: 0ms
getHoverAt: 0ms
getDiagnostics: 285ms
updating project structure from ...
getTemplateReferences: 188ms
updated: ng - 0ms
getHoverAt: 0ms
getHoverAt: 0ms
getHoverAt: 0ms
getHoverAt: 1ms
getHoverAt: 1ms
getHoverAt: 0ms
getHoverAt: 0ms
getHoverAt: 0ms
getHoverAt: 1ms
getHoverAt: 0ms
getHoverAt: 1ms
getHoverAt: 1ms
getHoverAt: 0ms
getHoverAt: 0ms
getDefinitionAt: 1ms
getDefinitionAt: 0ms
getHoverAt: 1ms
getHoverAt: 1ms
getHoverAt: 1ms
getHoverAt: 1ms
getHoverAt: 0ms
getHoverAt: 0ms
getDiagnostics: 110ms
updating project structure from ...
getTemplateReferences: 167ms
updated: ng - 0ms
getCompletions: 25ms
getDiagnostics: 159ms
updating project structure from ...
getTemplateReferences: 182ms
updated: ng - 0ms
getCompletions: 48ms
getDiagnostics: 243ms
updating project structure from ...
getTemplateReferences: 174ms
updated: ng - 0ms
getHoverAt: 1ms
getHoverAt: 3ms
getDefinitionAt: 1ms
getHoverAt: 0ms
getDefinitionAt: 90ms
getDiagnostics: 166ms
updating project structure from ...
getTemplateReferences: 173ms
updated: ng - 0ms
getCompletions: 17ms
getHoverAt: 0ms
getHoverAt: 0ms
getDiagnostics: 242ms
getHoverAt: 0ms
updating project structure from ...
getTemplateReferences: 217ms
updated: ng - 0ms
getCompletions: 76ms
getDiagnostics: 179ms
getHoverAt: 1ms
updating project structure from ...
getTemplateReferences: 84ms
updated: ng - 0ms
getHoverAt: 0ms
getHoverAt: 1ms
getCompletions: 127ms
getDiagnostics: 277ms
getDiagnostics: 136ms
updating project structure from ...
getTemplateReferences: 0ms
updated: ng - 0ms
getHoverAt: 1ms
getHoverAt: 0ms
getDiagnostics: 164ms
updating project structure from ...
getTemplateReferences: 187ms
updated: ng - 0ms
getDefinitionAt: 1ms
getDefinitionAt: 1ms
getDefinitionAt: 175ms
getDiagnostics: 45ms
getHoverAt: 0ms
getDiagnostics: 198ms
getHoverAt: 1ms
updating project structure from ...
getTemplateReferences: 0ms
updated: ng - 0ms
getDiagnostics: 197ms
updating project structure from ...
getTemplateReferences: 144ms
updated: ng - 0ms
getHoverAt: 1ms
getHoverAt: 1ms
getHoverAt: 0ms
getHoverAt: 0ms
getHoverAt: 1ms
getDiagnostics: 196ms
getHoverAt: 1ms
updating project structure from ...
getTemplateReferences: 177ms
updated: ng - 0ms
getDiagnostics: 249ms
updating project structure from ...
getTemplateReferences: 207ms
updated: ng - 0ms
getHoverAt: 1ms
getHoverAt: 1ms
getHoverAt: 0ms
getHoverAt: 1ms
getHoverAt: 1ms
getHoverAt: 0ms
getHoverAt: 0ms
getHoverAt: 0ms
getHoverAt: 1ms
getHoverAt: 0ms
getDiagnostics: 243ms
getDiagnostics: 271ms
updating project structure from ...
getTemplateReferences: 0ms
updated: ng - 0ms
getHoverAt: 1ms
getHoverAt: 1ms
getDiagnostics: 219ms
updating project structure from ...
getTemplateReferences: 157ms
updated: ng - 0ms
getCompletions: 54ms
getDiagnostics: 73ms
getCompletions: 90ms
getCompletions: 15ms
getDiagnostics: 204ms
getCompletions: 24ms
getDiagnostics: 188ms
getCompletions: 15ms
getDiagnostics: 243ms
updating project structure from ...
getTemplateReferences: 0ms
updated: ng - 0ms
getDiagnostics: 220ms
updating project structure from ...
getTemplateReferences: 202ms
updated: ng - 0ms
getDefinitionAt: 0ms
getHoverAt: 67ms
getDiagnostics: 203ms
updating project structure from ...
getTemplateReferences: 204ms
updated: ng - 0ms
getHoverAt: 115ms
getDiagnostics: 83ms
updating project structure from ...
getTemplateReferences: 165ms
updated: ng - 0ms
getDiagnostics: 181ms
updating project structure from ...
getTemplateReferences: 193ms
updated: ng - 0ms
getHoverAt: 2ms
getHoverAt: 1ms
getHoverAt: 2ms
getHoverAt: 0ms
getHoverAt: 0ms
getHoverAt: 0ms
getHoverAt: 0ms
getCompletions: 25ms
getDiagnostics: 224ms
updating project structure from ...
getTemplateReferences: 191ms
updated: ng - 0ms
getHoverAt: 1ms
getCompletions: 28ms
getDiagnostics: 58ms
updating project structure from ...
getTemplateReferences: 28ms
updated: ng - 0ms
getHoverAt: 0ms
getHoverAt: 1ms
getHoverAt: 0ms
getHoverAt: 1ms
getHoverAt: 1ms
getHoverAt: 0ms
getDiagnostics: 237ms
getDiagnostics: 331ms
updating project structure from ...
getTemplateReferences: 0ms
updated: ng - 0ms
getDiagnostics: 191ms
getCompletions: 21ms
getDiagnostics: 281ms
getDiagnostics: 196ms
updating project structure from ...
getTemplateReferences: 108ms
updated: ng - 0ms
getDiagnostics: 205ms
getHoverAt: 0ms
updating project structure from ...
getTemplateReferences: 194ms
updated: ng - 0ms
getCompletions: 64ms
getDiagnostics: 198ms
updating project structure from ...
getTemplateReferences: 167ms
updated: ng - 0ms
getCompletions: 23ms
getDiagnostics: 194ms
updating project structure from ...
getTemplateReferences: 160ms
updated: ng - 0ms
getHoverAt: 2ms
getDiagnostics: 0ms
getHoverAt: 0ms
getDiagnostics: 198ms
getDiagnostics: 59ms
getHoverAt: 39ms
getHoverAt: 31ms
getHoverAt: 0ms
getHoverAt: 1ms
getHoverAt: 0ms
getHoverAt: 1ms
getHoverAt: 1ms
getHoverAt: 1ms
getHoverAt: 0ms
getHoverAt: 0ms
getDiagnostics: 101ms
updating project structure from ...
getTemplateReferences: 87ms
updated: ng - 0ms
getHoverAt: 0ms
getHoverAt: 0ms
getHoverAt: 1ms
getHoverAt: 1ms
getHoverAt: 0ms
getDiagnostics: 141ms
updating project structure from ...
getTemplateReferences: 88ms
updated: ng - 0ms
getHoverAt: 1ms
getHoverAt: 1ms
getHoverAt: 0ms
getHoverAt: 0ms
getDefinitionAt: 1ms
getHoverAt: 1ms
getDefinitionAt: 1ms
getHoverAt: 1ms
getDiagnostics: 102ms
getHoverAt: 2ms
updating project structure from ...
getTemplateReferences: 50ms
updated: ng - 0ms
getHoverAt: 1ms
getDefinitionAt: 1ms
getDiagnostics: 100ms
updating project structure from ...
getTemplateReferences: 87ms
updated: ng - 0ms
getHoverAt: 0ms
getHoverAt: 0ms
getDiagnostics: 116ms
getHoverAt: 0ms
updating project structure from ...
getTemplateReferences: 113ms
updated: ng - 0ms
getHoverAt: 1ms
getHoverAt: 1ms
getHoverAt: 1ms
getHoverAt: 0ms
getHoverAt: 0ms
getHoverAt: 1ms
getHoverAt: 0ms
getDefinitionAt: 1ms
getDefinitionAt: 16ms
getDiagnostics: 93ms
getDiagnostics: 49ms
getHoverAt: 0ms
getHoverAt: 0ms
getHoverAt: 0ms
getHoverAt: 0ms
getDiagnostics: 77ms
updating project structure from ...
getTemplateReferences: 95ms
updated: ng - 0ms
getDiagnostics: 1ms
getDiagnostics: 174ms
updating project structure from ...
getTemplateReferences: 43ms
updated: ng - 0ms
getHoverAt: 0ms
getHoverAt: 0ms
getDiagnostics: 65ms
updating project structure from ...
getTemplateReferences: 64ms
updated: ng - 0ms
getHoverAt: 1ms
getDiagnostics: 108ms
updating project structure from ...
getTemplateReferences: 73ms
updated: ng - 0ms
getDiagnostics: 1ms
getHoverAt: 55ms
getHoverAt: 84ms
getHoverAt: 75ms
getHoverAt: 117ms
getHoverAt: 54ms
getHoverAt: 1ms
getHoverAt: 1ms
getHoverAt: 3ms
getHoverAt: 1ms
getHoverAt: 28ms
getHoverAt: 0ms
getHoverAt: 1ms
getHoverAt: 1ms
getHoverAt: 0ms
getHoverAt: 0ms
getHoverAt: 1ms
getHoverAt: 1ms
getHoverAt: 63ms
getHoverAt: 0ms
getDiagnostics: 172ms
getCompletions: 18ms
getDiagnostics: 168ms
getDiagnostics: 123ms
updating project structure from ...
getTemplateReferences: 105ms
updated: ng - 0ms
getCompletions: 32ms
getDiagnostics: 117ms
getCompletions: 41ms
getDiagnostics: 169ms
getCompletions: 12ms
getDiagnostics: 105ms
getCompletions: 8ms
getDiagnostics: 123ms
getDiagnostics: 107ms
updating project structure from ...
getTemplateReferences: 111ms
updated: ng - 0ms
getCompletions: 16ms
getDiagnostics: 78ms
updating project structure from ...
getTemplateReferences: 55ms
updated: ng - 0ms
getDiagnostics: 73ms
updating project structure from ...
getTemplateReferences: 52ms
updated: ng - 0ms
getHoverAt: 0ms
getHoverAt: 0ms
getHoverAt: 1ms
getHoverAt: 1ms
getHoverAt: 0ms
getHoverAt: 0ms
getDiagnostics: 89ms
getCompletions: 18ms
getCompletions: 18ms
getCompletions: 12ms
getDiagnostics: 126ms
getDiagnostics: 120ms
updating project structure from ...
getTemplateReferences: 52ms
updated: ng - 0ms
getDiagnostics: 87ms
getCompletions: 22ms
getDiagnostics: 144ms
updating project structure from ...
getTemplateReferences: 0ms
updated: ng - 0ms
getHoverAt: 1ms
getHoverAt: 0ms
getHoverAt: 0ms
getCompletions: 18ms
getDiagnostics: 30ms
updating project structure from ...
getTemplateReferences: 96ms
updated: ng - 0ms
getCompletions: 24ms
getDiagnostics: 119ms
updating project structure from ...
getTemplateReferences: 107ms
updated: ng - 0ms
getHoverAt: 0ms
getHoverAt: 1ms
getHoverAt: 0ms
getCompletions: 21ms
getDiagnostics: 64ms
updating project structure from ...
getTemplateReferences: 91ms
updated: ng - 0ms
getHoverAt: 1ms
getHoverAt: 0ms
getHoverAt: 0ms
getHoverAt: 1ms
getDiagnostics: 72ms
updating project structure from ...
getTemplateReferences: 120ms
updated: ng - 0ms
getHoverAt: 1ms
getDiagnostics: 90ms
updating project structure from ...
getTemplateReferences: 97ms
updated: ng - 0ms
getHoverAt: 1ms
getHoverAt: 0ms
getHoverAt: 1ms
getHoverAt: 1ms
getHoverAt: 0ms
getHoverAt: 1ms
getHoverAt: 0ms
getHoverAt: 1ms
getCompletions: 97ms
getDiagnostics: 90ms
updating project structure from ...
getTemplateReferences: 99ms
updated: ng - 0ms
getCompletions: 42ms
getDiagnostics: 119ms
updating project structure from ...
getTemplateReferences: 64ms
updated: ng - 0ms
getDiagnostics: 108ms
getCompletions: 23ms
getCompletions: 30ms
getDiagnostics: 136ms
updating project structure from ...
getTemplateReferences: 0ms
updated: ng - 0ms
getHoverAt: 1ms
getCompletions: 57ms
getDiagnostics: 115ms
getHoverAt: 0ms
getDefinitionAt: 0ms
getHoverAt: 0ms
getDiagnostics: 259ms
updating project structure from ...
getTemplateReferences: 0ms
updated: ng - 1ms
getDiagnostics: 1ms
getDiagnostics: 84ms
getHoverAt: 0ms
updating project structure from ...
getTemplateReferences: 106ms
updated: ng - 0ms
getDiagnostics: 129ms
updating project structure from ...
getTemplateReferences: 68ms
updated: ng - 0ms
getHoverAt: 1ms
getHoverAt: 1ms
getHoverAt: 0ms
getHoverAt: 0ms
getHoverAt: 1ms
getHoverAt: 0ms
getHoverAt: 0ms
getHoverAt: 1ms
getHoverAt: 1ms
getDiagnostics: 114ms
updating project structure from ...
getTemplateReferences: 83ms
updated: ng - 0ms
getHoverAt: 1ms
getDefinitionAt: 1ms
getDefinitionAt: 0ms
getDefinitionAt: 0ms
getDefinitionAt: 0ms
getHoverAt: 0ms
getHoverAt: 0ms
getHoverAt: 0ms
getHoverAt: 31ms
getDiagnostics: 111ms
updating project structure from ...
getTemplateReferences: 78ms
updated: ng - 0ms
getDefinitionAt: 17ms
getHoverAt: 0ms
getDiagnostics: 77ms
getDefinitionAt: 22ms
getDiagnostics: 156ms
updating project structure from ...
getTemplateReferences: 0ms
updated: ng - 1ms
getDiagnostics: 95ms
updating project structure from ...
getTemplateReferences: 73ms
updated: ng - 0ms
getCompletions: 65ms
getDiagnostics: 139ms
getCompletions: 19ms
getDiagnostics: 168ms
getDiagnostics: 92ms
updating project structure from ...
getTemplateReferences: 74ms
updated: ng - 0ms
getCompletions: 40ms
getDiagnostics: 86ms
updating project structure from ...
getTemplateReferences: 89ms
updated: ng - 0ms
getDiagnostics: 63ms
updating project structure from ...
getTemplateReferences: 92ms
updated: ng - 0ms
getCompletions: 33ms
getDiagnostics: 52ms
updating project structure from ...
getTemplateReferences: 81ms
updated: ng - 0ms
getDiagnostics: 109ms
updating project structure from ...
getTemplateReferences: 138ms
updated: ng - 0ms
getCompletions: 26ms
getDiagnostics: 104ms
getDiagnostics: 153ms
getCompletions: 15ms
getCompletions: 12ms
getCompletions: 23ms
getDiagnostics: 73ms
getDiagnostics: 148ms
updating project structure from ...
getTemplateReferences: 0ms
updated: ng - 1ms
getHoverAt: 1ms
getHoverAt: 1ms
getCompletions: 12ms
getDiagnostics: 74ms
getHoverAt: 1ms
updating project structure from ...
getTemplateReferences: 35ms
updated: ng - 0ms
getHoverAt: 0ms
getHoverAt: 0ms
getCompletions: 36ms
getCompletions: 12ms
getDiagnostics: 122ms
updating project structure from ...
getTemplateReferences: 94ms
updated: ng - 0ms
getDiagnostics: 1ms
getDefinitionAt: 0ms
getHoverAt: 0ms
getHoverAt: 1ms
getHoverAt: 0ms
getDiagnostics: 70ms
getHoverAt: 1ms
updating project structure from ...
getTemplateReferences: 113ms
updated: ng - 0ms
getHoverAt: 47ms
getDiagnostics: 183ms
getDiagnostics: 140ms
updating project structure from ...
getTemplateReferences: 0ms
updated: ng - 0ms
getCompletions: 33ms
getDiagnostics: 76ms
getCompletions: 14ms
getDiagnostics: 111ms
updating project structure from ...
getTemplateReferences: 0ms
updated: ng - 0ms
getHoverAt: 1ms
getHoverAt: 1ms
getDefinitionAt: 1ms
getHoverAt: 1ms
getHoverAt: 1ms
getHoverAt: 1ms
getHoverAt: 0ms
getDiagnostics: 72ms
updating project structure from ...
getTemplateReferences: 80ms
updated: ng - 0ms
getCompletions: 29ms
getDiagnostics: 88ms
updating project structure from ...
getTemplateReferences: 81ms
updated: ng - 0ms
getDiagnostics: 131ms
getHoverAt: 0ms
updating project structure from ...
getTemplateReferences: 41ms
updated: ng - 0ms
getDiagnostics: 112ms
getDiagnostics: 144ms
updating project structure from ...
getTemplateReferences: 0ms
updated: ng - 0ms
getDiagnostics: 113ms
updating project structure from ...
getTemplateReferences: 48ms
updated: ng - 0ms
getHoverAt: 1ms
getHoverAt: 0ms
getDiagnostics: 108ms
updating project structure from ...
getTemplateReferences: 87ms
updated: ng - 0ms
getHoverAt: 32ms
getHoverAt: 0ms
getDiagnostics: 122ms
updating project structure from ...
getTemplateReferences: 52ms
updated: ng - 0ms
getDiagnostics: 120ms
updating project structure from ...
getTemplateReferences: 60ms
updated: ng - 0ms
getCompletions: 22ms
getDiagnostics: 93ms
getDiagnostics: 139ms
getHoverAt: 1ms
updating project structure from ...
getTemplateReferences: 0ms
updated: ng - 0ms
getHoverAt: 1ms
getCompletions: 25ms
getDiagnostics: 31ms
getCompletions: 15ms
getDiagnostics: 183ms
getHoverAt: 1ms
getHoverAt: 0ms
getHoverAt: 1ms
getHoverAt: 1ms
getHoverAt: 0ms
getHoverAt: 1ms
getHoverAt: 0ms
getHoverAt: 1ms
getHoverAt: 1ms
getHoverAt: 0ms
getHoverAt: 1ms
getHoverAt: 0ms
getHoverAt: 1ms
getHoverAt: 1ms
getHoverAt: 0ms
getHoverAt: 1ms
getHoverAt: 0ms
getHoverAt: 0ms
getHoverAt: 0ms
getHoverAt: 1ms
getHoverAt: 1ms
getHoverAt: 0ms
getHoverAt: 1ms
getHoverAt: 0ms
getHoverAt: 1ms
getDiagnostics: 99ms
getDiagnostics: 408ms
getHoverAt: 55ms
getHoverAt: 70ms
getHoverAt: 20ms
getHoverAt: 62ms
getDefinitionAt: 13ms
getDefinitionAt: 67ms
getDefinitionAt: 45ms
getHoverAt: 40ms
getHoverAt: 28ms
getHoverAt: 32ms
getHoverAt: 25ms
getHoverAt: 36ms
getHoverAt: 7ms
getHoverAt: 32ms
getHoverAt: 39ms
getDiagnostics: 172ms
getDiagnostics: 151ms
getDiagnostics: 291ms
getHoverAt: 92ms
getHoverAt: 92ms
getDiagnostics: 197ms
getHoverAt: 14ms
getHoverAt: 34ms
updating project structure from ...
getTemplateReferences: 0ms
updated: ng - 0ms
getDiagnostics: 217ms
getCompletions: 166ms
getDiagnostics: 196ms
getCompletions: 142ms
getDiagnostics: 90ms
getDiagnostics: 145ms
getDiagnostics: 733ms
getHoverAt: 0ms
getHoverAt: 0ms
getHoverAt: 0ms
getDiagnostics: 118ms
updating project structure from ...
getTemplateReferences: 64ms
updated: ng - 0ms
getHoverAt: 1ms
getDiagnostics: 122ms
getHoverAt: 2ms
updating project structure from ...
getTemplateReferences: 46ms
updated: ng - 0ms
getCompletions: 18ms
getDiagnostics: 67ms
updating project structure from ...
getTemplateReferences: 95ms
updated: ng - 0ms
getHoverAt: 1ms
getHoverAt: 1ms
getCompletions: 40ms
getDiagnostics: 71ms
getCompletions: 23ms
getCompletions: 18ms
getCompletions: 28ms
getDiagnostics: 75ms
getCompletions: 15ms
getDiagnostics: 127ms
getHoverAt: 1ms
updating project structure from ...
getTemplateReferences: 46ms
updated: ng - 0ms
getHoverAt: 1ms
getDefinitionAt: 1ms
getHoverAt: 0ms
getHoverAt: 0ms
getDefinitionAt: 1ms
getDefinitionAt: 33ms
getDiagnostics: 113ms
getHoverAt: 0ms
getDiagnostics: 100ms
getHoverAt: 0ms
getHoverAt: 1ms
getHoverAt: 1ms
getDefinitionAt: 1ms
getDefinitionAt: 42ms
getHoverAt: 1ms
getDiagnostics: 104ms
updating project structure from ...
getTemplateReferences: 85ms
updated: ng - 0ms
getDefinitionAt: 1ms
getDefinitionAt: 25ms
getDiagnostics: 53ms
updating project structure from ...
getTemplateReferences: 88ms
updated: ng - 0ms
getDefinitionAt: 1ms
getHoverAt: 56ms
getDiagnostics: 109ms
updating project structure from ...
getTemplateReferences: 101ms
updated: ng - 0ms
getDefinitionAt: 1ms
getDiagnostics: 170ms
getHoverAt: 170ms
getHoverAt: 12ms
getHoverAt: 37ms
getHoverAt: 57ms
getHoverAt: 34ms
getHoverAt: 58ms
getHoverAt: 12ms
getDefinitionAt: 13ms
getHoverAt: 39ms
getHoverAt: 61ms
getDiagnostics: 110ms
getDiagnostics: 562ms
getHoverAt: 26ms
getHoverAt: 66ms
getHoverAt: 20ms
getHoverAt: 16ms
getDiagnostics: 247ms
updating project structure from ...
getTemplateReferences: 0ms
updated: ng - 0ms
getDiagnostics: 600ms
getHoverAt: 82ms
getHoverAt: 55ms
getHoverAt: 65ms
getHoverAt: 59ms
getHoverAt: 64ms
getDefinitionAt: 25ms
getHoverAt: 83ms
getHoverAt: 100ms
getHoverAt: 50ms
getHoverAt: 74ms
getHoverAt: 51ms
getHoverAt: 21ms
getHoverAt: 47ms
getHoverAt: 25ms
getHoverAt: 41ms
getHoverAt: 41ms
getHoverAt: 38ms
getDiagnostics: 210ms
updating project structure from ...
getTemplateReferences: 0ms
updated: ng - 0ms
getHoverAt: 20ms
getHoverAt: 90ms
getHoverAt: 74ms
getHoverAt: 30ms
getHoverAt: 20ms
getHoverAt: 55ms
getHoverAt: 64ms
getHoverAt: 29ms
getHoverAt: 37ms
getHoverAt: 20ms
getHoverAt: 66ms
getHoverAt: 63ms
getDefinitionAt: 11ms
getDiagnostics: 169ms
updating project structure from ...
getTemplateReferences: 0ms
updated: ng - 0ms
getDiagnostics: 240ms
getHoverAt: 85ms
updating project structure from ...
getTemplateReferences: 0ms
updated: ng - 0ms
getHoverAt: 80ms
getHoverAt: 65ms
getDefinitionAt: 41ms
getDefinitionAt: 10ms
getDiagnostics: 170ms
updating project structure from ...
getTemplateReferences: 0ms
updated: ng - 0ms
getHoverAt: 30ms
getHoverAt: 34ms
getHoverAt: 64ms
getHoverAt: 49ms
getDiagnostics: 184ms
updating project structure from ...
getTemplateReferences: 0ms
updated: ng - 0ms
getHoverAt: 53ms
getHoverAt: 39ms
getHoverAt: 80ms
getHoverAt: 70ms
getHoverAt: 60ms
getDefinitionAt: 16ms
getDefinitionAt: 72ms
getDefinitionAt: 15ms
getDefinitionAt: 65ms
getDefinitionAt: 28ms
getHoverAt: 73ms
getHoverAt: 30ms
getHoverAt: 76ms
getDefinitionAt: 58ms
getDefinitionAt: 143ms
getHoverAt: 52ms
getDiagnostics: 27ms
getHoverAt: 36ms
updating project structure from ...
getTemplateReferences: 0ms
updated: ng - 0ms
getDefinitionAt: 88ms
getHoverAt: 21ms
getDiagnostics: 216ms
getHoverAt: 191ms
getDiagnostics: 125ms
getDiagnostics: 166ms
getDiagnostics: 186ms
updating project structure from ...
getTemplateReferences: 0ms
updated: ng - 0ms
getDiagnostics: 380ms
getHoverAt: 1ms
getHoverAt: 43ms
getDiagnostics: 107ms
getDiagnostics: 155ms
updating project structure from ...
getTemplateReferences: 0ms
updated: ng - 0ms
getHoverAt: 1ms
getHoverAt: 0ms
getHoverAt: 64ms
getHoverAt: 0ms
getDiagnostics: 59ms
getDiagnostics: 218ms
getHoverAt: 41ms
getHoverAt: 0ms
getDiagnostics: 114ms
getHoverAt: 29ms
getDiagnostics: 135ms
getHoverAt: 0ms
updating project structure from ...
getTemplateReferences: 0ms
updated: ng - 0ms
getHoverAt: 1ms
getHoverAt: 0ms
getHoverAt: 0ms
getHoverAt: 87ms
getDiagnostics: 58ms
updating project structure from ...
getTemplateReferences: 84ms
updated: ng - 0ms
getHoverAt: 1ms
getDefinitionAt: 0ms
getDiagnostics: 1ms
getHoverAt: 1ms
getHoverAt: 0ms
getHoverAt: 0ms
getHoverAt: 0ms
getHoverAt: 0ms
getHoverAt: 0ms
getHoverAt: 0ms
getDiagnostics: 188ms
updating project structure from ...
getTemplateReferences: 115ms
updated: ng - 0ms
getDiagnostics: 68ms
getHoverAt: 2ms
updating project structure from ...
getTemplateReferences: 122ms
updated: ng - 0ms
getHoverAt: 1ms
getHoverAt: 1ms
getHoverAt: 0ms
getHoverAt: 1ms
getHoverAt: 1ms
getHoverAt: 1ms
getCompletions: 19ms
getDiagnostics: 83ms
updating project structure from ...
getTemplateReferences: 46ms
updated: ng - 0ms
getHoverAt: 1ms
getHoverAt: 0ms
getHoverAt: 0ms
getCompletions: 44ms
getDiagnostics: 66ms
updating project structure from ...
getTemplateReferences: 90ms
updated: ng - 0ms
getHoverAt: 1ms
getHoverAt: 0ms
getDiagnostics: 1ms
getHoverAt: 73ms
getDiagnostics: 207ms
updating project structure from ...
getTemplateReferences: 0ms
updated: ng - 0ms
getDiagnostics: 320ms
getHoverAt: 61ms
getHoverAt: 31ms
getHoverAt: 63ms
getHoverAt: 67ms
getHoverAt: 62ms
getHoverAt: 67ms
getHoverAt: 32ms
getHoverAt: 45ms
getHoverAt: 39ms
getHoverAt: 48ms
getHoverAt: 11ms
getHoverAt: 46ms
getHoverAt: 34ms
getDiagnostics: 164ms
getHoverAt: 126ms
updating project structure from ...
getTemplateReferences: 0ms
updated: ng - 0ms
getHoverAt: 12ms
getHoverAt: 30ms
getHoverAt: 35ms
getDiagnostics: 139ms
updating project structure from ...
getTemplateReferences: 96ms
updated: ng - 0ms
getDiagnostics: 173ms
updating project structure from ...
getTemplateReferences: 0ms
updated: ng - 0ms
getHoverAt: 72ms
getCompletions: 123ms
getDiagnostics: 210ms
getHoverAt: 86ms
updating project structure from ...
getTemplateReferences: 0ms
updated: ng - 0ms
getDiagnostics: 181ms
getHoverAt: 44ms
updating project structure from ...
getTemplateReferences: 0ms
updated: ng - 0ms
getHoverAt: 64ms
getHoverAt: 56ms
getHoverAt: 74ms
getHoverAt: 47ms
getDiagnostics: 130ms
getHoverAt: 62ms
updating project structure from ...
getTemplateReferences: 0ms
updated: ng - 0ms
getHoverAt: 69ms
getHoverAt: 160ms
getHoverAt: 46ms
getDiagnostics: 66ms
updating project structure from ...
getTemplateReferences: 0ms
updated: ng - 0ms
getDiagnostics: 182ms
getDiagnostics: 469ms
getHoverAt: 34ms
getHoverAt: 19ms
getHoverAt: 9ms
getHoverAt: 39ms
getHoverAt: 24ms
getDiagnostics: 185ms
getDiagnostics: 374ms
getHoverAt: 55ms
getHoverAt: 9ms
getHoverAt: 39ms
getDefinitionAt: 18ms
getHoverAt: 47ms
getHoverAt: 41ms
getDefinitionAt: 35ms
getDefinitionAt: 39ms
getDefinitionAt: 111ms
getHoverAt: 20ms
getDiagnostics: 36ms
getHoverAt: 26ms
getHoverAt: 46ms
updating project structure from ...
getTemplateReferences: 0ms
updated: ng - 0ms
getDefinitionAt: 35ms
getHoverAt: 25ms
getDefinitionAt: 187ms
getDiagnostics: 105ms
updating project structure from ...
getTemplateReferences: 0ms
updated: ng - 0ms
getHoverAt: 28ms
getHoverAt: 18ms
getDefinitionAt: 14ms
getHoverAt: 106ms
getHoverAt: 63ms
getHoverAt: 9ms
getHoverAt: 29ms
getHoverAt: 182ms
getHoverAt: 92ms
getDiagnostics: 117ms
getDiagnostics: 137ms
getHoverAt: 40ms
updating project structure from ...
getTemplateReferences: 0ms
updated: ng - 0ms
getDiagnostics: 160ms
updating project structure from ...
getTemplateReferences: 0ms
updated: ng - 0ms
getHoverAt: 29ms
getHoverAt: 33ms
getHoverAt: 23ms
getHoverAt: 29ms
getHoverAt: 11ms
getHoverAt: 24ms
getHoverAt: 10ms
getHoverAt: 16ms
getDiagnostics: 138ms
updating project structure from ...
getTemplateReferences: 0ms
updated: ng - 0ms
getHoverAt: 17ms
getHoverAt: 31ms
getHoverAt: 20ms
getHoverAt: 28ms
getHoverAt: 28ms
getHoverAt: 24ms
getHoverAt: 31ms
getHoverAt: 25ms
getHoverAt: 23ms
getHoverAt: 25ms
getDiagnostics: 453ms
getHoverAt: 28ms
getHoverAt: 70ms
getDiagnostics: 243ms
updating project structure from ...
getTemplateReferences: 0ms
updated: ng - 0ms
getDiagnostics: 172ms
getDiagnostics: 156ms
updating project structure from ...
getTemplateReferences: 101ms
updated: ng - 0ms
getDiagnostics: 204ms
updating project structure from ...
getTemplateReferences: 0ms
updated: ng - 0ms
getDiagnostics: 171ms
updating project structure from ...
getTemplateReferences: 90ms
updated: ng - 0ms
getDiagnostics: 98ms
getDiagnostics: 185ms
updating project structure from ...
getTemplateReferences: 0ms
updated: ng - 0ms
getDiagnostics: 254ms
getHoverAt: 1ms
getHoverAt: 0ms
getDiagnostics: 145ms
updating project structure from ...
getTemplateReferences: 65ms
updated: ng - 0ms
getDiagnostics: 146ms
updating project structure from ...
getTemplateReferences: 52ms
updated: ng - 0ms
getDiagnostics: 0ms
Search path: /home/tripas/SpotiWar/src/app/components/list
Config file name: /home/tripas/SpotiWar/tsconfig.json
getTemplateReferences: 0ms
getDiagnostics: 126ms
Search path: /home/tripas/SpotiWar/src/app/components/list
Config file name: /home/tripas/SpotiWar/tsconfig.json
getDiagnostics: 0ms
getHoverAt: 59ms
getHoverAt: 79ms
getHoverAt: 36ms
getDefinitionAt: 10ms
getDefinitionAt: 29ms
getHoverAt: 41ms
getDefinitionAt: 13ms
getHoverAt: 26ms
getHoverAt: 184ms
getDiagnostics: 127ms
updating project structure from ...
getTemplateReferences: 0ms
getTemplateReferences: 0ms
updated: ng - 0ms
getDiagnostics: 213ms
getHoverAt: 108ms
updating project structure from ...
getTemplateReferences: 0ms
getTemplateReferences: 0ms
updated: ng - 0ms
getDiagnostics: 186ms
updating project structure from ...
getTemplateReferences: 0ms
getTemplateReferences: 0ms
updated: ng - 0ms
getDiagnostics: 502ms
getDiagnostics: 304ms
getDiagnostics: 465ms
getDefinitionAt: 32ms
getDiagnostics: 101ms
getDiagnostics: 56ms
getHoverAt: 0ms
getHoverAt: 0ms
getHoverAt: 1ms
getDiagnostics: 678ms
getHoverAt: 73ms
getHoverAt: 52ms
getDiagnostics: 1ms
getHoverAt: 1ms
getHoverAt: 0ms
Search path: /home/tripas/SpotiWar/src/app/services
Config file name: /home/tripas/SpotiWar/tsconfig.json
getDiagnostics: 6ms
getHoverAt: 1ms
getHoverAt: 1ms
getHoverAt: 1ms
getHoverAt: 0ms
getHoverAt: 1ms
getHoverAt: 1ms
getHoverAt: 0ms
getHoverAt: 1ms
getHoverAt: 0ms
getHoverAt: 0ms
getHoverAt: 0ms
getHoverAt: 0ms
getHoverAt: 1ms
getHoverAt: 0ms
getHoverAt: 0ms
getHoverAt: 0ms
getHoverAt: 0ms
getHoverAt: 0ms
getDiagnostics: 42ms
getDiagnostics: 137ms
getDiagnostics: 38ms
updating project structure from ...
getTemplateReferences: 0ms
getTemplateReferences: 0ms
updated: ng - 134ms
getDiagnostics: 194ms
updating project structure from ...
getTemplateReferences: 1ms
getTemplateReferences: 0ms
updated: ng - 0ms
getHoverAt: 1ms
getHoverAt: 0ms
getHoverAt: 0ms
getHoverAt: 0ms
getHoverAt: 0ms
getDiagnostics: 26ms
updating project structure from ...
getTemplateReferences: 0ms
getTemplateReferences: 0ms
updated: ng - 63ms
getDefinitionAt: 0ms
getHoverAt: 1ms
getDiagnostics: 234ms
getDiagnostics: 37ms
getHoverAt: 1ms
getHoverAt: 1ms
getHoverAt: 0ms
getHoverAt: 0ms
getHoverAt: 21ms
getDefinitionAt: 0ms
getHoverAt: 1ms
getDiagnostics: 15ms
updating project structure from ...
getTemplateReferences: 0ms
getTemplateReferences: 0ms
updated: ng - 36ms
getHoverAt: 1ms
getDiagnostics: 148ms
getDiagnostics: 2ms
getHoverAt: 0ms
getHoverAt: 1ms
getHoverAt: 1ms
getHoverAt: 1ms
getHoverAt: 0ms
getHoverAt: 1ms
getHoverAt: 0ms
getHoverAt: 1ms
getHoverAt: 1ms
getDefinitionAt: 0ms
Search path: /home/tripas/SpotiWar/node_modules/rxjs/internal/operators
Config file name: /home/tripas/SpotiWar/tsconfig.json
getTemplateReferences: 0ms
getHoverAt: 0ms
getDefinitionAt: 227ms
Search path: /home/tripas/SpotiWar/node_modules/rxjs/internal/operators
Config file name: /home/tripas/SpotiWar/tsconfig.json
getTemplateReferences: 0ms
getDiagnostics: 0ms
updating project structure from ...
getTemplateReferences: 0ms
getTemplateReferences: 0ms
updated: ng - 92ms
getDiagnostics: 1247ms
updating project structure from ...
getTemplateReferences: 0ms
getTemplateReferences: 0ms
updated: ng - 0ms
getDiagnostics: 20ms
getDiagnostics: 77ms
updating project structure from ...
getTemplateReferences: 0ms
getTemplateReferences: 0ms
updated: ng - 99ms
getHoverAt: 0ms
getHoverAt: 0ms
getHoverAt: 1ms
getHoverAt: 0ms
getHoverAt: 0ms
getHoverAt: 1ms
getHoverAt: 0ms
getHoverAt: 0ms
getHoverAt: 0ms
getDefinitionAt: 0ms
Search path: /home/tripas/SpotiWar/node_modules/rxjs/internal/operators
Config file name: /home/tripas/SpotiWar/tsconfig.json
getTemplateReferences: 97ms
getDiagnostics: 0ms
getHoverAt: 0ms
getHoverAt: 0ms
getHoverAt: 4ms
getDiagnostics: 201ms
updating project structure from ...
getTemplateReferences: 0ms
getTemplateReferences: 0ms
updated: ng - 96ms
getHoverAt: 0ms
getHoverAt: 1ms
getHoverAt: 0ms
getHoverAt: 1ms
getHoverAt: 0ms
getHoverAt: 1ms
getDiagnostics: 178ms
updating project structure from ...
getTemplateReferences: 0ms
getTemplateReferences: 0ms
updated: ng - 0ms
getDiagnostics: 60ms
getDiagnostics: 74ms
updating project structure from ...
getTemplateReferences: 0ms
getTemplateReferences: 0ms
updated: ng - 82ms
getHoverAt: 0ms
getDefinitionAt: 1ms
getHoverAt: 0ms
getDiagnostics: 69ms
Search path: /home/tripas/SpotiWar/src/app/components/searchcancion
Config file name: /home/tripas/SpotiWar/tsconfig.json
getTemplateReferences: 0ms
getDiagnostics: 32ms
Search path: /home/tripas/SpotiWar/src/app/components/searchcancion
Config file name: /home/tripas/SpotiWar/tsconfig.json
getDiagnostics: 0ms
getHoverAt: 0ms
getHoverAt: 0ms
getHoverAt: 0ms
getDefinitionAt: 1ms
getHoverAt: 0ms
getHoverAt: 1ms
getHoverAt: 1ms
getHoverAt: 0ms
getHoverAt: 0ms
getHoverAt: 1ms
getHoverAt: 0ms
getHoverAt: 0ms
getDiagnostics: 84ms
getDiagnostics: 159ms
getHoverAt: 0ms
updating project structure from ...
getTemplateReferences: 0ms
getTemplateReferences: 0ms
updated: ng - 0ms
getHoverAt: 1ms
getDiagnostics: 74ms
updating project structure from ...
getTemplateReferences: 108ms
getTemplateReferences: 0ms
updated: ng - 0ms
getDiagnostics: 152ms
updating project structure from ...
getTemplateReferences: 82ms
getTemplateReferences: 0ms
updated: ng - 0ms
getHoverAt: 0ms
getHoverAt: 1ms
getDiagnostics: 78ms
updating project structure from ...
getTemplateReferences: 108ms
getTemplateReferences: 0ms
updated: ng - 0ms
getHoverAt: 0ms
getCompletions: 13ms
getDiagnostics: 99ms
getDiagnostics: 152ms
getDiagnostics: 89ms
updating project structure from ...
getTemplateReferences: 108ms
getTemplateReferences: 0ms
updated: ng - 0ms
getCompletions: 17ms
getDiagnostics: 59ms
getDiagnostics: 158ms
updating project structure from ...
getTemplateReferences: 0ms
getTemplateReferences: 0ms
updated: ng - 0ms
getDiagnostics: 80ms
getHoverAt: 0ms
getDiagnostics: 92ms
getHoverAt: 0ms
getHoverAt: 0ms
getHoverAt: 0ms
getHoverAt: 0ms
getHoverAt: 0ms
getDiagnostics: 222ms
updating project structure from ...
getTemplateReferences: 144ms
getTemplateReferences: 1ms
updated: ng - 0ms
getDefinitionAt: 1ms
getHoverAt: 0ms
getHoverAt: 0ms
getHoverAt: 0ms
getHoverAt: 45ms
getDiagnostics: 53ms
updating project structure from ...
getTemplateReferences: 86ms
getTemplateReferences: 0ms
updated: ng - 0ms
getDefinitionAt: 0ms
getDefinitionAt: 67ms
getDiagnostics: 100ms
getHoverAt: 1ms
updating project structure from ...
getTemplateReferences: 60ms
getTemplateReferences: 0ms
updated: ng - 0ms
getHoverAt: 0ms
getHoverAt: 1ms
getHoverAt: 1ms
getHoverAt: 0ms
getDefinitionAt: 0ms
getHoverAt: 15ms
getDiagnostics: 101ms
updating project structure from ...
getTemplateReferences: 113ms
getTemplateReferences: 0ms
updated: ng - 0ms
getHoverAt: 15ms
getDiagnostics: 55ms
getHoverAt: 1ms
getDefinitionAt: 0ms
getHoverAt: 40ms
getDiagnostics: 82ms
getHoverAt: 0ms
updating project structure from ...
getTemplateReferences: 0ms
getTemplateReferences: 0ms
updated: ng - 0ms
getHoverAt: 15ms
getDiagnostics: 55ms
updating project structure from ...
getTemplateReferences: 78ms
getTemplateReferences: 0ms
updated: ng - 0ms
getDiagnostics: 77ms
updating project structure from ...
getTemplateReferences: 92ms
getTemplateReferences: 0ms
updated: ng - 0ms
getHoverAt: 0ms
getHoverAt: 0ms
getDiagnostics: 109ms
getDiagnostics: 195ms
updating project structure from ...
getTemplateReferences: 0ms
getTemplateReferences: 0ms
updated: ng - 0ms
getDiagnostics: 94ms
updating project structure from ...
getTemplateReferences: 53ms
getTemplateReferences: 0ms
updated: ng - 0ms
getHoverAt: 1ms
getHoverAt: 0ms
getHoverAt: 0ms
getHoverAt: 1ms
getHoverAt: 1ms
getHoverAt: 1ms
getDefinitionAt: 0ms
getDiagnostics: 111ms
updating project structure from ...
getTemplateReferences: 108ms
getTemplateReferences: 0ms
updated: ng - 0ms
getDiagnostics: 107ms
updating project structure from ...
getTemplateReferences: 30ms
getTemplateReferences: 0ms
updated: ng - 0ms
getHoverAt: 0ms
getHoverAt: 1ms
getHoverAt: 0ms
getHoverAt: 0ms
getHoverAt: 0ms
getDiagnostics: 67ms
updating project structure from ...
getTemplateReferences: 106ms
getTemplateReferences: 0ms
updated: ng - 0ms
getDiagnostics: 85ms
updating project structure from ...
getTemplateReferences: 100ms
getTemplateReferences: 0ms
updated: ng - 0ms
getHoverAt: 0ms
getDiagnostics: 99ms
updating project structure from ...
getTemplateReferences: 74ms
getTemplateReferences: 0ms
updated: ng - 0ms
getDiagnostics: 1ms
getDiagnostics: 62ms
updating project structure from ...
getTemplateReferences: 77ms
getTemplateReferences: 0ms
updated: ng - 0ms
getDiagnostics: 1ms
getHoverAt: 0ms
getHoverAt: 0ms
getHoverAt: 0ms
getHoverAt: 0ms
getHoverAt: 0ms
Search path: /home/tripas/SpotiWar/src/app/services
Config file name: /home/tripas/SpotiWar/tsconfig.json
Search path: /home/tripas/SpotiWar/src/app/components/list
Config file name: /home/tripas/SpotiWar/tsconfig.json
getDiagnostics: 1ms
Search path: /home/tripas/SpotiWar/src/app/components/list
Config file name: /home/tripas/SpotiWar/tsconfig.json
getTemplateReferences: 0ms
getDiagnostics: 97ms
getHoverAt: 56ms
getHoverAt: 56ms
Search path: /home/tripas/SpotiWar/src/app/components/list
Config file name: /home/tripas/SpotiWar/tsconfig.json
getTemplateReferences: 0ms
getDiagnostics: 51ms
Search path: /home/tripas/Angular/SpotiWar/src/app/components/list
Config file name: /home/tripas/Angular/SpotiWar/tsconfig.json
Angular Language Service: 8.2.6
TypeScript: 3.5.3
getTemplateReferences: 2282ms
Add recursive watcher for: /home/tripas/Angular/SpotiWar
Opened configuration file /home/tripas/Angular/SpotiWar/tsconfig.json
getTemplateReferences: 0ms
getTemplateReferences: 0ms
getHoverAt: 29ms
getDiagnostics: 86ms
getDiagnostics: 123ms
updating project structure from ...
getTemplateReferences: 0ms
getTemplateReferences: 0ms
updated: ng - 0ms
getDiagnostics: 193ms
getDiagnostics: 192ms
Search path: /home/tripas/Angular/SpotiWar/src/app/components/list
Config file name: /home/tripas/Angular/SpotiWar/tsconfig.json
getDiagnostics: 0ms
getHoverAt: 1ms
getDefinitionAt: 0ms
getDiagnostics: 122ms
getDefinitionAt: 0ms
getDiagnostics: 46ms
getHoverAt: 0ms
Search path: /home/tripas/SpotiWar/src/app/components/list-album-track
Config file name: /home/tripas/SpotiWar/tsconfig.json
getTemplateReferences: 0ms
getTemplateReferences: 0ms
getDiagnostics: 21ms
Search path: /home/tripas/Angular/SpotiWar/src/app/components/list-album-track
Config file name: /home/tripas/Angular/SpotiWar/tsconfig.json
getTemplateReferences: 0ms
getTemplateReferences: 0ms
getDiagnostics: 112ms
Search path: /home/tripas/SpotiWar/src/app/components/list-album-track
Config file name: /home/tripas/SpotiWar/tsconfig.json
getTemplateReferences: 0ms
getTemplateReferences: 0ms
getDiagnostics: 45ms
Search path: /home/tripas/Angular/SpotiWar/src/app/components/list-album-track
Config file name: /home/tripas/Angular/SpotiWar/tsconfig.json
getTemplateReferences: 0ms
getTemplateReferences: 0ms
getDiagnostics: 45ms
getHoverAt: 90ms
getHoverAt: 22ms
getDefinitionAt: 67ms
getDiagnostics: 236ms
getDiagnostics: 212ms
getHoverAt: 5ms
Search path: /home/tripas/Angular/SpotiWar/src/app/components/list-album-track
Config file name: /home/tripas/Angular/SpotiWar/tsconfig.json
getDiagnostics: 1ms
Search path: /home/tripas/SpotiWar/src/app/components/list-album-track
Config file name: /home/tripas/SpotiWar/tsconfig.json
getDiagnostics: 1ms
getDefinitionAt: 1ms
getDefinitionAt: 1ms
getDefinitionAt: 0ms
getHoverAt: 1ms
getHoverAt: 0ms
getHoverAt: 0ms
getHoverAt: 0ms
getHoverAt: 0ms
getHoverAt: 15ms
getDiagnostics: 54ms
updating project structure from ...
getTemplateReferences: 0ms
getTemplateReferences: 80ms
getTemplateReferences: 0ms
updated: ng - 0ms
getHoverAt: 0ms
getHoverAt: 1ms
getHoverAt: 0ms
getDiagnostics: 1ms
getHoverAt: 0ms
getDiagnostics: 228ms
getDiagnostics: 178ms
