[2019-09-18 23:53:30.897] [renderer1] [error] Cannot read property 'name' of undefined: TypeError: Cannot read property 'name' of undefined
	at TypeScriptImporter.provideCodeActions (/home/tripas/.vscode/extensions/pmneo.tsimporter-2.0.1/out/TypeScriptImporter.js:366:116)
	at define.provideCodeActions.o.asPromise (/snap/code/14/usr/share/code/resources/app/out/vs/workbench/services/extensions/node/extensionHostProcess.js:553:835)
	at t.asPromise.Promise (/snap/code/14/usr/share/code/resources/app/out/vs/workbench/services/extensions/node/extensionHostProcess.js:55:720)
	at new Promise (<anonymous>)
	at Object.t.asPromise (/snap/code/14/usr/share/code/resources/app/out/vs/workbench/services/extensions/node/extensionHostProcess.js:55:692)
	at S.provideCodeActions (/snap/code/14/usr/share/code/resources/app/out/vs/workbench/services/extensions/node/extensionHostProcess.js:553:806)
	at define.$provideCodeActions._withAdapter.e (/snap/code/14/usr/share/code/resources/app/out/vs/workbench/services/extensions/node/extensionHostProcess.js:569:972)
	at W._withAdapter (/snap/code/14/usr/share/code/resources/app/out/vs/workbench/services/extensions/node/extensionHostProcess.js:565:723)
	at W.$provideCodeActions (/snap/code/14/usr/share/code/resources/app/out/vs/workbench/services/extensions/node/extensionHostProcess.js:569:950)
	at d._doInvokeHandler (/snap/code/14/usr/share/code/resources/app/out/vs/workbench/services/extensions/node/extensionHostProcess.js:623:396)
	at d._invokeHandler (/snap/code/14/usr/share/code/resources/app/out/vs/workbench/services/extensions/node/extensionHostProcess.js:623:88)
	at d._receiveRequest (/snap/code/14/usr/share/code/resources/app/out/vs/workbench/services/extensions/node/extensionHostProcess.js:621:730)
	at d._receiveOneMessage (/snap/code/14/usr/share/code/resources/app/out/vs/workbench/services/extensions/node/extensionHostProcess.js:620:605)
	at define.constructor._protocol.onMessage.e (/snap/code/14/usr/share/code/resources/app/out/vs/workbench/services/extensions/node/extensionHostProcess.js:618:791)
	at u.fire (/snap/code/14/usr/share/code/resources/app/out/vs/workbench/services/extensions/node/extensionHostProcess.js:50:207)
	at v.fire (/snap/code/14/usr/share/code/resources/app/out/vs/workbench/services/extensions/node/extensionHostProcess.js:186:579)
	at i.constructor.e.onMessage.e (/snap/code/14/usr/share/code/resources/app/out/vs/workbench/services/extensions/node/extensionHostProcess.js:783:484)
	at u.fire (/snap/code/14/usr/share/code/resources/app/out/vs/workbench/services/extensions/node/extensionHostProcess.js:50:207)
	at v.fire (/snap/code/14/usr/share/code/resources/app/out/vs/workbench/services/extensions/node/extensionHostProcess.js:186:579)
	at x._receiveMessage (/snap/code/14/usr/share/code/resources/app/out/vs/workbench/services/extensions/node/extensionHostProcess.js:191:17)
	at define.constructor._socketDisposables.push._socketReader.onMessage.e (/snap/code/14/usr/share/code/resources/app/out/vs/workbench/services/extensions/node/extensionHostProcess.js:188:116)
	at u.fire (/snap/code/14/usr/share/code/resources/app/out/vs/workbench/services/extensions/node/extensionHostProcess.js:50:207)
	at f.acceptChunk (/snap/code/14/usr/share/code/resources/app/out/vs/workbench/services/extensions/node/extensionHostProcess.js:184:17)
	at define.constructor._register._socket.onData.e (/snap/code/14/usr/share/code/resources/app/out/vs/workbench/services/extensions/node/extensionHostProcess.js:183:372)
	at Socket.t (/snap/code/14/usr/share/code/resources/app/out/vs/workbench/services/extensions/node/extensionHostProcess.js:192:491)
	at Socket.emit (events.js:182:13)
	at addChunk (_stream_readable.js:283:12)
	at readableAddChunk (_stream_readable.js:264:11)
	at Socket.Readable.push (_stream_readable.js:219:10)
	at Pipe.onStreamRead [as onread] (internal/stream_base_commons.js:94:17)
