[2019-09-15 13:45:02.623] [exthost] [info] extension host started
[2019-09-15 13:45:02.666] [exthost] [info] ExtensionService#_doActivateExtension vscode.debug-auto-launch {"startup":true,"activationEvent":"*"}
[2019-09-15 13:45:02.667] [exthost] [info] ExtensionService#loadCommonJSModule file:///snap/code/14/usr/share/code/resources/app/extensions/debug-auto-launch/dist/extension
[2019-09-15 13:45:02.684] [exthost] [info] ExtensionService#_doActivateExtension vscode.emmet {"startup":true,"activationEvent":"*"}
[2019-09-15 13:45:02.684] [exthost] [info] ExtensionService#loadCommonJSModule file:///snap/code/14/usr/share/code/resources/app/extensions/emmet/dist/extension
[2019-09-15 13:45:02.764] [exthost] [info] ExtensionService#_doActivateExtension vscode.git {"startup":true,"activationEvent":"*"}
[2019-09-15 13:45:02.765] [exthost] [info] ExtensionService#loadCommonJSModule file:///snap/code/14/usr/share/code/resources/app/extensions/git/dist/main
[2019-09-15 13:45:02.918] [exthost] [info] ExtensionService#_doActivateExtension vscode.merge-conflict {"startup":true,"activationEvent":"*"}
[2019-09-15 13:45:02.918] [exthost] [info] ExtensionService#loadCommonJSModule file:///snap/code/14/usr/share/code/resources/app/extensions/merge-conflict/dist/extension
[2019-09-15 13:45:02.927] [exthost] [info] eager extensions activated
[2019-09-15 13:45:24.419] [exthost] [info] extension host started
[2019-09-15 13:45:24.453] [exthost] [info] ExtensionService#_doActivateExtension vscode.debug-auto-launch {"startup":true,"activationEvent":"*"}
[2019-09-15 13:45:24.454] [exthost] [info] ExtensionService#loadCommonJSModule file:///snap/code/14/usr/share/code/resources/app/extensions/debug-auto-launch/dist/extension
[2019-09-15 13:45:24.459] [exthost] [info] ExtensionService#_doActivateExtension vscode.emmet {"startup":true,"activationEvent":"*"}
[2019-09-15 13:45:24.459] [exthost] [info] ExtensionService#loadCommonJSModule file:///snap/code/14/usr/share/code/resources/app/extensions/emmet/dist/extension
[2019-09-15 13:45:24.540] [exthost] [info] ExtensionService#_doActivateExtension vscode.git {"startup":true,"activationEvent":"*"}
[2019-09-15 13:45:24.540] [exthost] [info] ExtensionService#loadCommonJSModule file:///snap/code/14/usr/share/code/resources/app/extensions/git/dist/main
[2019-09-15 13:45:24.696] [exthost] [info] ExtensionService#_doActivateExtension vscode.merge-conflict {"startup":true,"activationEvent":"*"}
[2019-09-15 13:45:24.696] [exthost] [info] ExtensionService#loadCommonJSModule file:///snap/code/14/usr/share/code/resources/app/extensions/merge-conflict/dist/extension
[2019-09-15 13:45:24.706] [exthost] [info] ExtensionService#_doActivateExtension vscode.npm {"startup":true,"activationEvent":"workspaceContains:package.json"}
[2019-09-15 13:45:24.706] [exthost] [info] ExtensionService#loadCommonJSModule file:///snap/code/14/usr/share/code/resources/app/extensions/npm/dist/main
[2019-09-15 13:45:24.769] [exthost] [info] eager extensions activated
[2019-09-15 13:45:26.686] [exthost] [info] ExtensionService#_doActivateExtension vscode.configuration-editing {"startup":false,"activationEvent":"onLanguage:json"}
[2019-09-15 13:45:26.687] [exthost] [info] ExtensionService#loadCommonJSModule file:///snap/code/14/usr/share/code/resources/app/extensions/configuration-editing/dist/extension
[2019-09-15 13:45:26.714] [exthost] [info] ExtensionService#_doActivateExtension vscode.extension-editing {"startup":false,"activationEvent":"onLanguage:json"}
[2019-09-15 13:45:26.714] [exthost] [info] ExtensionService#loadCommonJSModule file:///snap/code/14/usr/share/code/resources/app/extensions/extension-editing/dist/extension
[2019-09-15 13:45:26.824] [exthost] [info] ExtensionService#_doActivateExtension vscode.json-language-features {"startup":false,"activationEvent":"onLanguage:json"}
[2019-09-15 13:45:26.824] [exthost] [info] ExtensionService#loadCommonJSModule file:///snap/code/14/usr/share/code/resources/app/extensions/json-language-features/client/dist/jsonMain
[2019-09-15 13:45:54.198] [exthost] [info] ExtensionService#_doActivateExtension vscode.typescript-language-features {"startup":false,"activationEvent":"onLanguage:typescript"}
[2019-09-15 13:45:54.198] [exthost] [info] ExtensionService#loadCommonJSModule file:///snap/code/14/usr/share/code/resources/app/extensions/typescript-language-features/dist/extension
[2019-09-15 14:01:50.027] [exthost] [info] ExtensionService#_doActivateExtension vscode.css-language-features {"startup":false,"activationEvent":"onLanguage:css"}
[2019-09-15 14:01:50.027] [exthost] [info] ExtensionService#loadCommonJSModule file:///snap/code/14/usr/share/code/resources/app/extensions/css-language-features/client/dist/cssMain
[2019-09-15 14:06:29.639] [exthost] [info] ExtensionService#_doActivateExtension vscode.html-language-features {"startup":false,"activationEvent":"onLanguage:html"}
[2019-09-15 14:06:29.639] [exthost] [info] ExtensionService#loadCommonJSModule file:///snap/code/14/usr/share/code/resources/app/extensions/html-language-features/client/dist/htmlMain
[2019-09-15 15:43:18.961] [exthost] [error] [vscode.typescript-language-features] provider FAILED
[2019-09-15 15:43:18.977] [exthost] [error] Error: <semantic> TypeScript Server Error (3.6.2)
Debug Failure. Invalid cast. The supplied value [object Object] did not pass the test 'isStringLiteral'.
Error: Debug Failure. Invalid cast. The supplied value [object Object] did not pass the test 'isStringLiteral'.
    at Object.cast (tsserver.js:1457:25)
    at tryGetImportedPackageName (tsserver.js:119435:33)
    at Object.getCodeActions (tsserver.js:119403:35)
    at tsserver.js:115774:121
    at Object.flatMap (tsserver.js:583:25)
    at Object.getFixes (tsserver.js:115774:23)
    at tsserver.js:125788:35
    at Object.flatMap (tsserver.js:583:25)
    at Object.getCodeFixesAtPosition (tsserver.js:125786:23)
    at IOSession.Session.getCodeFixes (tsserver.js:134985:64)
    at Session.handlers.ts.createMapFromTemplate._a.(anonymous function) (tsserver.js:133772:61)
    at tsserver.js:135178:88
    at IOSession.Session.executeWithRequestId (tsserver.js:135169:28)
    at IOSession.Session.executeCommand (tsserver.js:135178:33)
    at IOSession.Session.onMessage (tsserver.js:135201:35)
    at Interface.<anonymous> (tsserver.js:136516:27)
    at Interface.emit (events.js:182:13)
    at Interface._onLine (readline.js:290:10)
    at Interface._normalWrite (readline.js:433:12)
    at Socket.ondata (readline.js:149:10)
    at Socket.emit (events.js:182:13)
    at addChunk (_stream_readable.js:283:12)
    at readableAddChunk (_stream_readable.js:264:11)
    at Socket.Readable.push (_stream_readable.js:219:10)
    at Pipe.onStreamRead [as onread] (internal/stream_base_commons.js:94:17)
	at Function.create (/snap/code/14/usr/share/code/resources/app/extensions/typescript-language-features/dist/extension.js:53:63463)
	at h.dispatchResponse (/snap/code/14/usr/share/code/resources/app/extensions/typescript-language-features/dist/extension.js:53:56618)
	at h.dispatchMessage (/snap/code/14/usr/share/code/resources/app/extensions/typescript-language-features/dist/extension.js:53:55516)
	at constructor._reader.onData.e (/snap/code/14/usr/share/code/resources/app/extensions/typescript-language-features/dist/extension.js:53:54992)
	at u.fire (/snap/code/14/usr/share/code/resources/app/out/vs/workbench/services/extensions/node/extensionHostProcess.js:50:207)
	at t.Reader.onLengthData (/snap/code/14/usr/share/code/resources/app/extensions/typescript-language-features/dist/extension.js:53:61683)
	at Socket.t.Reader.constructor.e.on.e (/snap/code/14/usr/share/code/resources/app/extensions/typescript-language-features/dist/extension.js:53:61331)
	at Socket.emit (events.js:182:13)
	at addChunk (_stream_readable.js:283:12)
	at readableAddChunk (_stream_readable.js:264:11)
	at Socket.Readable.push (_stream_readable.js:219:10)
	at Pipe.onStreamRead [as onread] (internal/stream_base_commons.js:94:17)
[2019-09-15 15:48:34.666] [exthost] [error] [vscode.typescript-language-features] provider FAILED
[2019-09-15 15:48:34.666] [exthost] [error] Error: DisposableStore is missing...
	at R._convertCompletionItem (/snap/code/14/usr/share/code/resources/app/out/vs/workbench/services/extensions/node/extensionHostProcess.js:559:660)
	at define.resolveCompletionItem.o.asPromise.then.e (/snap/code/14/usr/share/code/resources/app/out/vs/workbench/services/extensions/node/extensionHostProcess.js:559:290)
