Looking for git in: git
Using git 2.17.1 from git
> git rev-parse --show-toplevel
> git rev-parse --git-dir
> git config --get commit.template
Open repository: /home/tripas/Angular/a04-spotiapp
> git status -z -u
> git symbolic-ref --short HEAD
> git rev-parse pulir
> git rev-parse --symbolic-full-name pulir@{u}
fatal: no upstream configured for branch 'pulir'
> git for-each-ref --format %(refname) %(objectname) --sort -committerdate
> git remote --verbose
> git check-ignore -v -z --stdin
> git show :src/app/components/list/list.component.ts
> git status -z -u
> git symbolic-ref --short HEAD
> git rev-parse pulir
> git rev-parse --symbolic-full-name pulir@{u}
fatal: no upstream configured for branch 'pulir'
> git for-each-ref --format %(refname) %(objectname) --sort -committerdate
> git remote --verbose
> git check-ignore -v -z --stdin
> git check-ignore -v -z --stdin
> git show :src/app/services/spotify.service.ts
> git show :src/styles.scss
> git status -z -u
> git symbolic-ref --short HEAD
> git rev-parse pulir
> git rev-parse --symbolic-full-name pulir@{u}
fatal: no upstream configured for branch 'pulir'
> git for-each-ref --format %(refname) %(objectname) --sort -committerdate
> git remote --verbose
> git show :src/app/components/list-album-track/list-album-track.component.ts
> git show :src/app/components/list-album-track/list-album-track.component.html
> git show :src/app/components/list/list.component.html
> git show :src/app/components/list/list.component.html
> git show :src/app/components/home/home.component.ts
> git check-ignore -v -z --stdin
> git status -z -u
> git symbolic-ref --short HEAD
> git rev-parse pulir
> git rev-parse --symbolic-full-name pulir@{u}
fatal: no upstream configured for branch 'pulir'
> git for-each-ref --format %(refname) %(objectname) --sort -committerdate
> git remote --verbose
> git show :src/app/components/classes/track.ts
> git ls-files --stage -- src/app/components/classes/
> git check-ignore -v -z --stdin
> git status -z -u
> git symbolic-ref --short HEAD
> git rev-parse pulir
> git rev-parse --symbolic-full-name pulir@{u}
fatal: no upstream configured for branch 'pulir'
> git for-each-ref --format %(refname) %(objectname) --sort -committerdate
> git remote --verbose
> git status -z -u
> git symbolic-ref --short HEAD
> git rev-parse pulir
> git rev-parse --symbolic-full-name pulir@{u}
fatal: no upstream configured for branch 'pulir'
> git for-each-ref --format %(refname) %(objectname) --sort -committerdate
> git remote --verbose
> git show :src/app/components/home/home.component.ts
> git show :src/app/components/list/list.component.html
> git show :src/app/components/classes/track.ts
> git ls-files --stage -- src/app/components/classes/
> git show :src/app/components/list/list.component.html
> git show :src/app/components/classes/track.ts
> git ls-files --stage -- src/app/components/classes/
> git show :src/app/components/list/list.component.html
> git show :src/app/components/classes/track.ts
> git ls-files --stage -- src/app/components/classes/
> git show :src/app/components/list-album-track/list-album-track.component.ts
> git show :src/app/components/list-album-track/list-album-track.component.html
> git show :src/app/components/classes/track.ts
> git ls-files --stage -- src/app/components/classes/
> git status -z -u
> git symbolic-ref --short HEAD
> git rev-parse pulir
> git rev-parse --symbolic-full-name pulir@{u}
fatal: no upstream configured for branch 'pulir'
> git for-each-ref --format %(refname) %(objectname) --sort -committerdate
> git remote --verbose
> git status -z -u
> git symbolic-ref --short HEAD
> git rev-parse pulir
> git rev-parse --symbolic-full-name pulir@{u}
fatal: no upstream configured for branch 'pulir'
> git for-each-ref --format %(refname) %(objectname) --sort -committerdate
> git remote --verbose
> git show :src/app/components/list-album-track/list-album-track.component.html
> git show :src/app/components/classes/track.ts
> git ls-files --stage -- src/app/components/classes/
> git show :src/app/components/list-album-track/list-album-track.component.html
> git show :src/app/components/classes/track.ts
> git ls-files --stage -- src/app/components/classes/
> git show :src/app/components/list-album-track/list-album-track.component.html
> git show :src/app/components/classes/track.ts
> git ls-files --stage -- src/app/components/classes/
> git status -z -u
> git symbolic-ref --short HEAD
> git rev-parse pulir
> git rev-parse --symbolic-full-name pulir@{u}
fatal: no upstream configured for branch 'pulir'
> git for-each-ref --format %(refname) %(objectname) --sort -committerdate
> git remote --verbose
> git show :src/app/components/home/home.component.ts
> git show :src/app/components/classes/track.ts
> git ls-files --stage -- src/app/components/classes/
> git show :src/app/components/home/home.component.ts
> git show :src/app/components/classes/track.ts
> git ls-files --stage -- src/app/components/classes/
> git show :src/app/components/home/home.component.ts
> git status -z -u
> git symbolic-ref --short HEAD
> git rev-parse pulir
> git rev-parse --symbolic-full-name pulir@{u}
fatal: no upstream configured for branch 'pulir'
> git for-each-ref --format %(refname) %(objectname) --sort -committerdate
> git remote --verbose
> git status -z -u
> git symbolic-ref --short HEAD
> git rev-parse pulir
> git rev-parse --symbolic-full-name pulir@{u}
fatal: no upstream configured for branch 'pulir'
> git for-each-ref --format %(refname) %(objectname) --sort -committerdate
> git remote --verbose
> git status -z -u
> git symbolic-ref --short HEAD
> git rev-parse pulir
> git rev-parse --symbolic-full-name pulir@{u}
fatal: no upstream configured for branch 'pulir'
> git for-each-ref --format %(refname) %(objectname) --sort -committerdate
> git remote --verbose
> git status -z -u
> git symbolic-ref --short HEAD
> git rev-parse pulir
> git rev-parse --symbolic-full-name pulir@{u}
fatal: no upstream configured for branch 'pulir'
> git for-each-ref --format %(refname) %(objectname) --sort -committerdate
> git remote --verbose
> git show :src/app/classes/marcador.class.ts
> git show :src/app/components/home/home.component.ts
> git status -z -u
> git symbolic-ref --short HEAD
> git rev-parse pulir
> git rev-parse --symbolic-full-name pulir@{u}
fatal: no upstream configured for branch 'pulir'
> git for-each-ref --format %(refname) %(objectname) --sort -committerdate
> git remote --verbose
> git status -z -u
> git symbolic-ref --short HEAD
> git rev-parse pulir
> git rev-parse --symbolic-full-name pulir@{u}
fatal: no upstream configured for branch 'pulir'
> git for-each-ref --format %(refname) %(objectname) --sort -committerdate
> git remote --verbose
> git show :src/app/components/classes/perfil.t
> git ls-files --stage -- src/app/components/classes/
> git check-ignore -v -z --stdin
> git status -z -u
> git symbolic-ref --short HEAD
> git rev-parse pulir
> git rev-parse --symbolic-full-name pulir@{u}
fatal: no upstream configured for branch 'pulir'
> git for-each-ref --format %(refname) %(objectname) --sort -committerdate
> git remote --verbose
> git show :src/app/components/cancion/cancion.component.html
> git check-ignore -v -z --stdin
> git show :src/app/components/classes/perfil.ts
> git ls-files --stage -- src/app/components/classes/
> git status -z -u
> git symbolic-ref --short HEAD
> git rev-parse pulir
> git rev-parse --symbolic-full-name pulir@{u}
fatal: no upstream configured for branch 'pulir'
> git for-each-ref --format %(refname) %(objectname) --sort -committerdate
> git remote --verbose
> git status -z -u
> git symbolic-ref --short HEAD
> git rev-parse pulir
> git rev-parse --symbolic-full-name pulir@{u}
fatal: no upstream configured for branch 'pulir'
> git for-each-ref --format %(refname) %(objectname) --sort -committerdate
> git remote --verbose
> git show :src/app/components/home/home.component.ts
> git show :src/app/components/classes/perfil.ts
> git ls-files --stage -- src/app/components/classes/
> git status -z -u
> git symbolic-ref --short HEAD
> git rev-parse pulir
> git rev-parse --symbolic-full-name pulir@{u}
fatal: no upstream configured for branch 'pulir'
> git for-each-ref --format %(refname) %(objectname) --sort -committerdate
> git remote --verbose
> git show :src/app/components/home/home.component.ts
> git status -z -u
> git symbolic-ref --short HEAD
> git rev-parse pulir
> git rev-parse --symbolic-full-name pulir@{u}
fatal: no upstream configured for branch 'pulir'
> git for-each-ref --format %(refname) %(objectname) --sort -committerdate
> git remote --verbose
> git status -z -u
> git symbolic-ref --short HEAD
> git rev-parse pulir
> git rev-parse --symbolic-full-name pulir@{u}
fatal: no upstream configured for branch 'pulir'
> git for-each-ref --format %(refname) %(objectname) --sort -committerdate
> git remote --verbose
> git status -z -u
> git symbolic-ref --short HEAD
> git rev-parse pulir
> git rev-parse --symbolic-full-name pulir@{u}
fatal: no upstream configured for branch 'pulir'
> git for-each-ref --format %(refname) %(objectname) --sort -committerdate
> git remote --verbose
> git check-ignore -v -z --stdin
> git show :src/app/components/header/headerprofile/headerprofile.component.html
> git show :src/app/components/header/headerprofile/headerprofile.component.ts
> git show :src/app/components/header/headerprofile/headerprofile.component.html
> git show :src/app/components/header/headerprofile/headerprofile.component.ts
> git status -z -u
> git symbolic-ref --short HEAD
> git rev-parse pulir
> git rev-parse --symbolic-full-name pulir@{u}
fatal: no upstream configured for branch 'pulir'
> git for-each-ref --format %(refname) %(objectname) --sort -committerdate
> git remote --verbose
> git status -z -u
> git symbolic-ref --short HEAD
> git rev-parse pulir
> git rev-parse --symbolic-full-name pulir@{u}
fatal: no upstream configured for branch 'pulir'
> git for-each-ref --format %(refname) %(objectname) --sort -committerdate
> git remote --verbose
> git status -z -u
> git symbolic-ref --short HEAD
> git rev-parse pulir
> git rev-parse --symbolic-full-name pulir@{u}
fatal: no upstream configured for branch 'pulir'
> git for-each-ref --format %(refname) %(objectname) --sort -committerdate
> git remote --verbose
> git status -z -u
> git symbolic-ref --short HEAD
> git rev-parse pulir
> git rev-parse --symbolic-full-name pulir@{u}
fatal: no upstream configured for branch 'pulir'
> git for-each-ref --format %(refname) %(objectname) --sort -committerdate
> git remote --verbose
> git status -z -u
> git symbolic-ref --short HEAD
> git rev-parse pulir
> git rev-parse --symbolic-full-name pulir@{u}
fatal: no upstream configured for branch 'pulir'
> git for-each-ref --format %(refname) %(objectname) --sort -committerdate
> git remote --verbose
> git show :src/app/components/classes/perfil.ts
> git ls-files --stage -- src/app/components/classes/
> git status -z -u
> git symbolic-ref --short HEAD
> git rev-parse pulir
> git rev-parse --symbolic-full-name pulir@{u}
fatal: no upstream configured for branch 'pulir'
> git for-each-ref --format %(refname) %(objectname) --sort -committerdate
> git remote --verbose
> git show :src/app/components/home/home.component.ts
> git status -z -u
> git symbolic-ref --short HEAD
> git rev-parse pulir
> git rev-parse --symbolic-full-name pulir@{u}
fatal: no upstream configured for branch 'pulir'
> git for-each-ref --format %(refname) %(objectname) --sort -committerdate
> git remote --verbose
> git status -z -u
> git symbolic-ref --short HEAD
> git rev-parse pulir
> git rev-parse --symbolic-full-name pulir@{u}
fatal: no upstream configured for branch 'pulir'
> git for-each-ref --format %(refname) %(objectname) --sort -committerdate
> git remote --verbose
> git show :src/app/components/classes/perfil.ts
> git ls-files --stage -- src/app/components/classes/
> git status -z -u
> git symbolic-ref --short HEAD
> git rev-parse pulir
> git rev-parse --symbolic-full-name pulir@{u}
fatal: no upstream configured for branch 'pulir'
> git for-each-ref --format %(refname) %(objectname) --sort -committerdate
> git remote --verbose
> git status -z -u
> git symbolic-ref --short HEAD
> git rev-parse pulir
> git rev-parse --symbolic-full-name pulir@{u}
fatal: no upstream configured for branch 'pulir'
> git for-each-ref --format %(refname) %(objectname) --sort -committerdate
> git remote --verbose
> git show :src/app/components/header/headerprofile/headerprofile.component.ts
> git status -z -u
> git symbolic-ref --short HEAD
> git rev-parse pulir
> git rev-parse --symbolic-full-name pulir@{u}
fatal: no upstream configured for branch 'pulir'
> git for-each-ref --format %(refname) %(objectname) --sort -committerdate
> git remote --verbose
> git show :src/app/components/home/home.component.ts
> git status -z -u
> git symbolic-ref --short HEAD
> git rev-parse pulir
> git rev-parse --symbolic-full-name pulir@{u}
fatal: no upstream configured for branch 'pulir'
> git for-each-ref --format %(refname) %(objectname) --sort -committerdate
> git remote --verbose
> git status -z -u
> git symbolic-ref --short HEAD
> git rev-parse pulir
> git rev-parse --symbolic-full-name pulir@{u}
fatal: no upstream configured for branch 'pulir'
> git for-each-ref --format %(refname) %(objectname) --sort -committerdate
> git remote --verbose
> git status -z -u
> git symbolic-ref --short HEAD
> git rev-parse pulir
> git rev-parse --symbolic-full-name pulir@{u}
fatal: no upstream configured for branch 'pulir'
> git for-each-ref --format %(refname) %(objectname) --sort -committerdate
> git remote --verbose
> git status -z -u
> git symbolic-ref --short HEAD
> git rev-parse pulir
> git rev-parse --symbolic-full-name pulir@{u}
fatal: no upstream configured for branch 'pulir'
> git for-each-ref --format %(refname) %(objectname) --sort -committerdate
> git remote --verbose
> git show :src/app/components/home/home.component.html
> git status -z -u
> git symbolic-ref --short HEAD
> git rev-parse pulir
> git rev-parse --symbolic-full-name pulir@{u}
fatal: no upstream configured for branch 'pulir'
> git for-each-ref --format %(refname) %(objectname) --sort -committerdate
> git remote --verbose
> git show :src/app/components/header/headerprofile/headerprofile.component.ts
> git show :src/app/components/classes/perfil.ts
> git ls-files --stage -- src/app/components/classes/
> git show :src/app/components/classes/track.ts
> git ls-files --stage -- src/app/components/classes/
> git show :src/app/components/home/home.component.html
> git show :src/app/components/home/home.component.ts
> git status -z -u
> git symbolic-ref --short HEAD
> git rev-parse pulir
> git rev-parse --symbolic-full-name pulir@{u}
fatal: no upstream configured for branch 'pulir'
> git for-each-ref --format %(refname) %(objectname) --sort -committerdate
> git remote --verbose
> git status -z -u
> git symbolic-ref --short HEAD
> git rev-parse pulir
> git rev-parse --symbolic-full-name pulir@{u}
fatal: no upstream configured for branch 'pulir'
> git for-each-ref --format %(refname) %(objectname) --sort -committerdate
> git remote --verbose
> git status -z -u
> git symbolic-ref --short HEAD
> git rev-parse pulir
> git rev-parse --symbolic-full-name pulir@{u}
fatal: no upstream configured for branch 'pulir'
> git for-each-ref --format %(refname) %(objectname) --sort -committerdate
> git remote --verbose
> git status -z -u
> git symbolic-ref --short HEAD
> git rev-parse pulir
> git rev-parse --symbolic-full-name pulir@{u}
fatal: no upstream configured for branch 'pulir'
> git for-each-ref --format %(refname) %(objectname) --sort -committerdate
> git remote --verbose
> git show :src/app/components/home/home.component.html
> git show :src/app/components/list/list.component.html
> git status -z -u
> git symbolic-ref --short HEAD
> git rev-parse pulir
> git rev-parse --symbolic-full-name pulir@{u}
fatal: no upstream configured for branch 'pulir'
> git for-each-ref --format %(refname) %(objectname) --sort -committerdate
> git remote --verbose
> git show :src/app/services/spotify.service.ts
> git status -z -u
> git symbolic-ref --short HEAD
> git rev-parse pulir
> git rev-parse --symbolic-full-name pulir@{u}
fatal: no upstream configured for branch 'pulir'
> git for-each-ref --format %(refname) %(objectname) --sort -committerdate
> git remote --verbose
> git show :src/app/components/home/home.component.ts
> git show :src/app/services/spotify.service.ts
> git show :src/app/components/home/home.component.ts
> git status -z -u
> git symbolic-ref --short HEAD
> git rev-parse pulir
> git rev-parse --symbolic-full-name pulir@{u}
fatal: no upstream configured for branch 'pulir'
> git for-each-ref --format %(refname) %(objectname) --sort -committerdate
> git remote --verbose
> git status -z -u
> git symbolic-ref --short HEAD
> git rev-parse pulir
> git rev-parse --symbolic-full-name pulir@{u}
fatal: no upstream configured for branch 'pulir'
> git for-each-ref --format %(refname) %(objectname) --sort -committerdate
> git remote --verbose
> git show :src/app/services/spotify.service.ts
> git status -z -u
> git symbolic-ref --short HEAD
> git rev-parse pulir
> git rev-parse --symbolic-full-name pulir@{u}
fatal: no upstream configured for branch 'pulir'
> git for-each-ref --format %(refname) %(objectname) --sort -committerdate
> git remote --verbose
> git status -z -u
> git symbolic-ref --short HEAD
> git rev-parse pulir
> git rev-parse --symbolic-full-name pulir@{u}
fatal: no upstream configured for branch 'pulir'
> git for-each-ref --format %(refname) %(objectname) --sort -committerdate
> git remote --verbose
> git show :src/app/components/classes/track.ts
> git ls-files --stage -- src/app/components/classes/
> git show :src/app/services/spotify.service.ts
> git status -z -u
> git symbolic-ref --short HEAD
> git rev-parse pulir
> git rev-parse --symbolic-full-name pulir@{u}
fatal: no upstream configured for branch 'pulir'
> git for-each-ref --format %(refname) %(objectname) --sort -committerdate
> git remote --verbose
> git show :src/app/app.module.ts
> git show :src/app/app.component.ts
> git show :src/app/app.routes.ts
> git show :src/app/app.component.spec.ts
> git show :src/app/app.component.html
> git show :src/app/app.component.css
> git show :src/app/services/spotify.service.ts
> git status -z -u
> git symbolic-ref --short HEAD
> git rev-parse pulir
> git rev-parse --symbolic-full-name pulir@{u}
fatal: no upstream configured for branch 'pulir'
> git for-each-ref --format %(refname) %(objectname) --sort -committerdate
> git remote --verbose
> git status -z -u
> git symbolic-ref --short HEAD
> git rev-parse pulir
> git rev-parse --symbolic-full-name pulir@{u}
fatal: no upstream configured for branch 'pulir'
> git for-each-ref --format %(refname) %(objectname) --sort -committerdate
> git remote --verbose
> git status -z -u
> git symbolic-ref --short HEAD
> git rev-parse pulir
> git rev-parse --symbolic-full-name pulir@{u}
fatal: no upstream configured for branch 'pulir'
> git for-each-ref --format %(refname) %(objectname) --sort -committerdate
> git remote --verbose
> git show :src/app/components/home/home.component.ts
> git status -z -u
> git symbolic-ref --short HEAD
> git rev-parse pulir
> git rev-parse --symbolic-full-name pulir@{u}
fatal: no upstream configured for branch 'pulir'
> git for-each-ref --format %(refname) %(objectname) --sort -committerdate
> git remote --verbose
> git status -z -u
> git symbolic-ref --short HEAD
> git rev-parse pulir
> git rev-parse --symbolic-full-name pulir@{u}
fatal: no upstream configured for branch 'pulir'
> git for-each-ref --format %(refname) %(objectname) --sort -committerdate
> git remote --verbose
> git show :src/app/services/spotify.service.ts
> git status -z -u
> git symbolic-ref --short HEAD
> git rev-parse pulir
> git rev-parse --symbolic-full-name pulir@{u}
fatal: no upstream configured for branch 'pulir'
> git for-each-ref --format %(refname) %(objectname) --sort -committerdate
> git remote --verbose
> git show :src/app/components/home/home.component.ts
> git status -z -u
> git symbolic-ref --short HEAD
> git rev-parse pulir
> git rev-parse --symbolic-full-name pulir@{u}
fatal: no upstream configured for branch 'pulir'
> git for-each-ref --format %(refname) %(objectname) --sort -committerdate
> git remote --verbose
> git show :src/app/services/spotify.service.ts
> git status -z -u
> git symbolic-ref --short HEAD
> git rev-parse pulir
> git rev-parse --symbolic-full-name pulir@{u}
fatal: no upstream configured for branch 'pulir'
> git for-each-ref --format %(refname) %(objectname) --sort -committerdate
> git remote --verbose
> git status -z -u
> git symbolic-ref --short HEAD
> git rev-parse pulir
> git rev-parse --symbolic-full-name pulir@{u}
fatal: no upstream configured for branch 'pulir'
> git for-each-ref --format %(refname) %(objectname) --sort -committerdate
> git remote --verbose
> git status -z -u
> git symbolic-ref --short HEAD
> git rev-parse pulir
> git rev-parse --symbolic-full-name pulir@{u}
fatal: no upstream configured for branch 'pulir'
> git for-each-ref --format %(refname) %(objectname) --sort -committerdate
> git remote --verbose
> git status -z -u
> git symbolic-ref --short HEAD
> git rev-parse pulir
> git rev-parse --symbolic-full-name pulir@{u}
fatal: no upstream configured for branch 'pulir'
> git for-each-ref --format %(refname) %(objectname) --sort -committerdate
> git remote --verbose
> git show :src/app/components/home/home.component.ts
> git status -z -u
> git symbolic-ref --short HEAD
> git rev-parse pulir
> git rev-parse --symbolic-full-name pulir@{u}
fatal: no upstream configured for branch 'pulir'
> git for-each-ref --format %(refname) %(objectname) --sort -committerdate
> git remote --verbose
> git show :src/app/components/classes/track.ts
> git ls-files --stage -- src/app/components/classes/
> git show :src/app/components/home/home.component.ts
> git show :src/app/components/classes/track.ts
> git ls-files --stage -- src/app/components/classes/
> git status -z -u
> git symbolic-ref --short HEAD
> git rev-parse pulir
> git rev-parse --symbolic-full-name pulir@{u}
fatal: no upstream configured for branch 'pulir'
> git for-each-ref --format %(refname) %(objectname) --sort -committerdate
> git remote --verbose
> git show :src/app/components/home/home.component.ts
> git status -z -u
> git symbolic-ref --short HEAD
> git rev-parse pulir
> git rev-parse --symbolic-full-name pulir@{u}
fatal: no upstream configured for branch 'pulir'
> git for-each-ref --format %(refname) %(objectname) --sort -committerdate
> git remote --verbose
> git status -z -u
> git symbolic-ref --short HEAD
> git rev-parse pulir
> git rev-parse --symbolic-full-name pulir@{u}
fatal: no upstream configured for branch 'pulir'
> git for-each-ref --format %(refname) %(objectname) --sort -committerdate
> git remote --verbose
> git status -z -u
> git symbolic-ref --short HEAD
> git rev-parse pulir
> git rev-parse --symbolic-full-name pulir@{u}
fatal: no upstream configured for branch 'pulir'
> git for-each-ref --format %(refname) %(objectname) --sort -committerdate
> git remote --verbose
> git status -z -u
> git symbolic-ref --short HEAD
> git rev-parse pulir
> git rev-parse --symbolic-full-name pulir@{u}
fatal: no upstream configured for branch 'pulir'
> git for-each-ref --format %(refname) %(objectname) --sort -committerdate
> git remote --verbose
> git status -z -u
> git symbolic-ref --short HEAD
> git rev-parse pulir
> git rev-parse --symbolic-full-name pulir@{u}
fatal: no upstream configured for branch 'pulir'
> git for-each-ref --format %(refname) %(objectname) --sort -committerdate
> git remote --verbose
> git show :src/app/components/classes/track.ts
> git ls-files --stage -- src/app/components/classes/
