Looking for git in: git
Using git 2.17.1 from git
> git rev-parse --show-toplevel
> git rev-parse --git-dir
> git config --get commit.template
Open repository: /home/tripas/SpotiWar
> git status -z -u
> git symbolic-ref --short HEAD
> git rev-parse Favoritos
> git rev-parse --symbolic-full-name Favoritos@{u}
> git rev-list --left-right Favoritos...refs/remotes/origin/Favoritos
> git for-each-ref --format %(refname) %(objectname) --sort -committerdate
> git remote --verbose
> git check-ignore -v -z --stdin
> git check-ignore -v -z --stdin
> git show :src/app/components/cancion/cancion.component.ts
> git show :src/app/components/cancion/cancion.component.html
> git check-ignore -v -z --stdin
> git show :src/app/components/list-album-track/list-album-track.component.html
> git show :src/app/components/list-album-track/list-album-track.component.ts
> git show :src/app/components/list-album-track/list-album-track.component.html
> git show :src/app/components/list-album-track/list-album-track.component.ts
> git show :src/app/components/list-album-track/list-album-track.component.html
> git show :src/app/components/list-album-track/list-album-track.component.ts
> git status -z -u
> git symbolic-ref --short HEAD
> git rev-parse Favoritos
> git rev-parse --symbolic-full-name Favoritos@{u}
> git rev-list --left-right Favoritos...refs/remotes/origin/Favoritos
> git for-each-ref --format %(refname) %(objectname) --sort -committerdate
> git remote --verbose
> git status -z -u
> git symbolic-ref --short HEAD
> git rev-parse Favoritos
> git rev-parse --symbolic-full-name Favoritos@{u}
> git rev-list --left-right Favoritos...refs/remotes/origin/Favoritos
> git for-each-ref --format %(refname) %(objectname) --sort -committerdate
> git remote --verbose
> git status -z -u
> git symbolic-ref --short HEAD
> git rev-parse Favoritos
> git rev-parse --symbolic-full-name Favoritos@{u}
> git rev-list --left-right Favoritos...refs/remotes/origin/Favoritos
> git for-each-ref --format %(refname) %(objectname) --sort -committerdate
> git remote --verbose
> git status -z -u
> git symbolic-ref --short HEAD
> git rev-parse Favoritos
> git rev-parse --symbolic-full-name Favoritos@{u}
> git rev-list --left-right Favoritos...refs/remotes/origin/Favoritos
> git for-each-ref --format %(refname) %(objectname) --sort -committerdate
> git remote --verbose
> git show :src/app/components/list-album-track/list-album-track.component.html
> git status -z -u
> git symbolic-ref --short HEAD
> git rev-parse Favoritos
> git rev-parse --symbolic-full-name Favoritos@{u}
> git rev-list --left-right Favoritos...refs/remotes/origin/Favoritos
> git for-each-ref --format %(refname) %(objectname) --sort -committerdate
> git remote --verbose
> git status -z -u
> git symbolic-ref --short HEAD
> git rev-parse Favoritos
> git rev-parse --symbolic-full-name Favoritos@{u}
> git rev-list --left-right Favoritos...refs/remotes/origin/Favoritos
> git for-each-ref --format %(refname) %(objectname) --sort -committerdate
> git remote --verbose
> git status -z -u
> git symbolic-ref --short HEAD
> git rev-parse Favoritos
> git rev-parse --symbolic-full-name Favoritos@{u}
> git rev-list --left-right Favoritos...refs/remotes/origin/Favoritos
> git for-each-ref --format %(refname) %(objectname) --sort -committerdate
> git remote --verbose
> git show :src/styles.scss
> git show :src/app/components/list-album-track/list-album-track.component.html
> git status -z -u
> git symbolic-ref --short HEAD
> git rev-parse Favoritos
> git rev-parse --symbolic-full-name Favoritos@{u}
> git rev-list --left-right Favoritos...refs/remotes/origin/Favoritos
> git for-each-ref --format %(refname) %(objectname) --sort -committerdate
> git remote --verbose
> git show :src/app/components/list-album-track/list-album-track.component.ts
> git status -z -u
> git symbolic-ref --short HEAD
> git rev-parse Favoritos
> git rev-parse --symbolic-full-name Favoritos@{u}
> git rev-list --left-right Favoritos...refs/remotes/origin/Favoritos
> git for-each-ref --format %(refname) %(objectname) --sort -committerdate
> git remote --verbose
> git status -z -u
> git symbolic-ref --short HEAD
> git rev-parse Favoritos
> git rev-parse --symbolic-full-name Favoritos@{u}
> git rev-list --left-right Favoritos...refs/remotes/origin/Favoritos
> git for-each-ref --format %(refname) %(objectname) --sort -committerdate
> git remote --verbose
> git status -z -u
> git symbolic-ref --short HEAD
> git rev-parse Favoritos
> git rev-parse --symbolic-full-name Favoritos@{u}
> git rev-list --left-right Favoritos...refs/remotes/origin/Favoritos
> git for-each-ref --format %(refname) %(objectname) --sort -committerdate
> git remote --verbose
> git status -z -u
> git symbolic-ref --short HEAD
> git rev-parse Favoritos
> git rev-parse --symbolic-full-name Favoritos@{u}
> git rev-list --left-right Favoritos...refs/remotes/origin/Favoritos
> git for-each-ref --format %(refname) %(objectname) --sort -committerdate
> git remote --verbose
> git status -z -u
> git symbolic-ref --short HEAD
> git rev-parse Favoritos
> git rev-parse --symbolic-full-name Favoritos@{u}
> git rev-list --left-right Favoritos...refs/remotes/origin/Favoritos
> git for-each-ref --format %(refname) %(objectname) --sort -committerdate
> git remote --verbose
> git status -z -u
> git symbolic-ref --short HEAD
> git rev-parse Favoritos
> git rev-parse --symbolic-full-name Favoritos@{u}
> git rev-list --left-right Favoritos...refs/remotes/origin/Favoritos
> git for-each-ref --format %(refname) %(objectname) --sort -committerdate
> git remote --verbose
> git status -z -u
> git symbolic-ref --short HEAD
> git rev-parse Favoritos
> git rev-parse --symbolic-full-name Favoritos@{u}
> git rev-list --left-right Favoritos...refs/remotes/origin/Favoritos
> git for-each-ref --format %(refname) %(objectname) --sort -committerdate
> git remote --verbose
> git status -z -u
> git symbolic-ref --short HEAD
> git rev-parse Favoritos
> git rev-parse --symbolic-full-name Favoritos@{u}
> git rev-list --left-right Favoritos...refs/remotes/origin/Favoritos
> git for-each-ref --format %(refname) %(objectname) --sort -committerdate
> git remote --verbose
> git show :src/app/components/list-album-track/list-album-track.component.html
> git show :src/app/components/list-album-track/list-album-track.component.ts
> git status -z -u
> git symbolic-ref --short HEAD
> git rev-parse Favoritos
> git rev-parse --symbolic-full-name Favoritos@{u}
> git rev-list --left-right Favoritos...refs/remotes/origin/Favoritos
> git for-each-ref --format %(refname) %(objectname) --sort -committerdate
> git remote --verbose
> git status -z -u
> git symbolic-ref --short HEAD
> git rev-parse Favoritos
> git rev-parse --symbolic-full-name Favoritos@{u}
> git rev-list --left-right Favoritos...refs/remotes/origin/Favoritos
> git for-each-ref --format %(refname) %(objectname) --sort -committerdate
> git remote --verbose
> git status -z -u
> git symbolic-ref --short HEAD
> git rev-parse Favoritos
> git rev-parse --symbolic-full-name Favoritos@{u}
> git rev-list --left-right Favoritos...refs/remotes/origin/Favoritos
> git for-each-ref --format %(refname) %(objectname) --sort -committerdate
> git remote --verbose
> git show :src/app/components/list-album-track/list-album-track.component.html
> git show :src/app/components/list-album-track/list-album-track.component.ts
> git status -z -u
> git symbolic-ref --short HEAD
> git rev-parse Favoritos
> git rev-parse --symbolic-full-name Favoritos@{u}
> git rev-list --left-right Favoritos...refs/remotes/origin/Favoritos
> git for-each-ref --format %(refname) %(objectname) --sort -committerdate
> git remote --verbose
> git status -z -u
> git symbolic-ref --short HEAD
> git rev-parse Favoritos
> git rev-parse --symbolic-full-name Favoritos@{u}
> git rev-list --left-right Favoritos...refs/remotes/origin/Favoritos
> git for-each-ref --format %(refname) %(objectname) --sort -committerdate
> git remote --verbose
> git status -z -u
> git symbolic-ref --short HEAD
> git rev-parse Favoritos
> git rev-parse --symbolic-full-name Favoritos@{u}
> git rev-list --left-right Favoritos...refs/remotes/origin/Favoritos
> git for-each-ref --format %(refname) %(objectname) --sort -committerdate
> git remote --verbose
> git show :src/app/components/list-album-track/list-album-track.component.html
> git show :src/app/components/list-album-track/list-album-track.component.ts
> git show :src/app/components/list-album-track/list-album-track.component.html
> git show :src/app/components/list-album-track/list-album-track.component.ts
> git status -z -u
> git symbolic-ref --short HEAD
> git rev-parse Favoritos
> git rev-parse --symbolic-full-name Favoritos@{u}
> git rev-list --left-right Favoritos...refs/remotes/origin/Favoritos
> git for-each-ref --format %(refname) %(objectname) --sort -committerdate
> git remote --verbose
> git status -z -u
> git symbolic-ref --short HEAD
> git rev-parse Favoritos
> git rev-parse --symbolic-full-name Favoritos@{u}
> git rev-list --left-right Favoritos...refs/remotes/origin/Favoritos
> git for-each-ref --format %(refname) %(objectname) --sort -committerdate
> git remote --verbose
> git status -z -u
> git symbolic-ref --short HEAD
> git rev-parse Favoritos
> git rev-parse --symbolic-full-name Favoritos@{u}
> git rev-list --left-right Favoritos...refs/remotes/origin/Favoritos
> git for-each-ref --format %(refname) %(objectname) --sort -committerdate
> git remote --verbose
> git status -z -u
> git symbolic-ref --short HEAD
> git rev-parse Favoritos
> git rev-parse --symbolic-full-name Favoritos@{u}
> git rev-list --left-right Favoritos...refs/remotes/origin/Favoritos
> git for-each-ref --format %(refname) %(objectname) --sort -committerdate
> git remote --verbose
> git status -z -u
> git symbolic-ref --short HEAD
> git rev-parse Favoritos
> git rev-parse --symbolic-full-name Favoritos@{u}
> git rev-list --left-right Favoritos...refs/remotes/origin/Favoritos
> git for-each-ref --format %(refname) %(objectname) --sort -committerdate
> git remote --verbose
> git show :src/app/components/list-album-track/list-album-track.component.html
> git status -z -u
> git symbolic-ref --short HEAD
> git rev-parse Favoritos
> git rev-parse --symbolic-full-name Favoritos@{u}
> git rev-list --left-right Favoritos...refs/remotes/origin/Favoritos
> git for-each-ref --format %(refname) %(objectname) --sort -committerdate
> git remote --verbose
> git status -z -u
> git symbolic-ref --short HEAD
> git rev-parse Favoritos
> git rev-parse --symbolic-full-name Favoritos@{u}
> git rev-list --left-right Favoritos...refs/remotes/origin/Favoritos
> git for-each-ref --format %(refname) %(objectname) --sort -committerdate
> git remote --verbose
> git show :src/app/components/list-album-track/list-album-track.component.ts
> git status -z -u
> git symbolic-ref --short HEAD
> git rev-parse Favoritos
> git rev-parse --symbolic-full-name Favoritos@{u}
> git rev-list --left-right Favoritos...refs/remotes/origin/Favoritos
> git for-each-ref --format %(refname) %(objectname) --sort -committerdate
> git remote --verbose
> git status -z -u
> git symbolic-ref --short HEAD
> git rev-parse Favoritos
> git rev-parse --symbolic-full-name Favoritos@{u}
> git rev-list --left-right Favoritos...refs/remotes/origin/Favoritos
> git for-each-ref --format %(refname) %(objectname) --sort -committerdate
> git remote --verbose
> git show :src/app/components/list-album-track/list-album-track.component.html
> git status -z -u
> git symbolic-ref --short HEAD
> git rev-parse Favoritos
> git rev-parse --symbolic-full-name Favoritos@{u}
> git rev-list --left-right Favoritos...refs/remotes/origin/Favoritos
> git for-each-ref --format %(refname) %(objectname) --sort -committerdate
> git remote --verbose
> git status -z -u
> git symbolic-ref --short HEAD
> git rev-parse Favoritos
> git rev-parse --symbolic-full-name Favoritos@{u}
> git rev-list --left-right Favoritos...refs/remotes/origin/Favoritos
> git for-each-ref --format %(refname) %(objectname) --sort -committerdate
> git remote --verbose
> git show :src/app/components/list-album-track/list-album-track.component.ts
> git show :src/app/components/list-album-track/list-album-track.component.html
> git status -z -u
> git symbolic-ref --short HEAD
> git rev-parse Favoritos
> git rev-parse --symbolic-full-name Favoritos@{u}
> git rev-list --left-right Favoritos...refs/remotes/origin/Favoritos
> git for-each-ref --format %(refname) %(objectname) --sort -committerdate
> git remote --verbose
> git status -z -u
> git symbolic-ref --short HEAD
> git rev-parse Favoritos
> git rev-parse --symbolic-full-name Favoritos@{u}
> git rev-list --left-right Favoritos...refs/remotes/origin/Favoritos
> git for-each-ref --format %(refname) %(objectname) --sort -committerdate
> git remote --verbose
> git show :src/app/components/list-album-track/list-album-track.component.ts
> git status -z -u
> git symbolic-ref --short HEAD
> git rev-parse Favoritos
> git rev-parse --symbolic-full-name Favoritos@{u}
> git rev-list --left-right Favoritos...refs/remotes/origin/Favoritos
> git for-each-ref --format %(refname) %(objectname) --sort -committerdate
> git remote --verbose
> git status -z -u
> git symbolic-ref --short HEAD
> git rev-parse Favoritos
> git rev-parse --symbolic-full-name Favoritos@{u}
> git rev-list --left-right Favoritos...refs/remotes/origin/Favoritos
> git for-each-ref --format %(refname) %(objectname) --sort -committerdate
> git remote --verbose
> git show :src/app/components/list-album-track/list-album-track.component.html
> git show :src/app/components/list-album-track/list-album-track.component.ts
> git show :src/app/components/list-album-track/list-album-track.component.html
> git status -z -u
> git symbolic-ref --short HEAD
> git rev-parse Favoritos
> git rev-parse --symbolic-full-name Favoritos@{u}
> git rev-list --left-right Favoritos...refs/remotes/origin/Favoritos
> git for-each-ref --format %(refname) %(objectname) --sort -committerdate
> git remote --verbose
> git status -z -u
> git symbolic-ref --short HEAD
> git rev-parse Favoritos
> git rev-parse --symbolic-full-name Favoritos@{u}
> git rev-list --left-right Favoritos...refs/remotes/origin/Favoritos
> git for-each-ref --format %(refname) %(objectname) --sort -committerdate
> git remote --verbose
> git status -z -u
> git symbolic-ref --short HEAD
> git rev-parse Favoritos
> git rev-parse --symbolic-full-name Favoritos@{u}
> git rev-list --left-right Favoritos...refs/remotes/origin/Favoritos
> git for-each-ref --format %(refname) %(objectname) --sort -committerdate
> git remote --verbose
> git status -z -u
> git symbolic-ref --short HEAD
> git rev-parse Favoritos
> git rev-parse --symbolic-full-name Favoritos@{u}
> git rev-list --left-right Favoritos...refs/remotes/origin/Favoritos
> git for-each-ref --format %(refname) %(objectname) --sort -committerdate
> git remote --verbose
> git status -z -u
> git symbolic-ref --short HEAD
> git rev-parse Favoritos
> git rev-parse --symbolic-full-name Favoritos@{u}
> git rev-list --left-right Favoritos...refs/remotes/origin/Favoritos
> git for-each-ref --format %(refname) %(objectname) --sort -committerdate
> git remote --verbose
> git status -z -u
> git symbolic-ref --short HEAD
> git rev-parse Favoritos
> git rev-parse --symbolic-full-name Favoritos@{u}
> git rev-list --left-right Favoritos...refs/remotes/origin/Favoritos
> git for-each-ref --format %(refname) %(objectname) --sort -committerdate
> git remote --verbose
> git show :src/app/components/list-album-track/list-album-track.component.ts
> git status -z -u
> git symbolic-ref --short HEAD
> git rev-parse Favoritos
> git rev-parse --symbolic-full-name Favoritos@{u}
> git rev-list --left-right Favoritos...refs/remotes/origin/Favoritos
> git for-each-ref --format %(refname) %(objectname) --sort -committerdate
> git remote --verbose
> git show :src/app/components/list-album-track/list-album-track.component.html
> git check-ignore -v -z --stdin
> git show :src/app/components/list/list.component.html
> git show :src/app/components/list/list.component.ts
> git show :src/app/components/list-album-track/list-album-track.component.html
> git show :src/app/components/list/list.component.html
> git status -z -u
> git symbolic-ref --short HEAD
> git rev-parse Favoritos
> git rev-parse --symbolic-full-name Favoritos@{u}
> git rev-list --left-right Favoritos...refs/remotes/origin/Favoritos
> git for-each-ref --format %(refname) %(objectname) --sort -committerdate
> git remote --verbose
> git show :src/app/components/list-album-track/list-album-track.component.html
> git status -z -u
> git symbolic-ref --short HEAD
> git rev-parse Favoritos
> git rev-parse --symbolic-full-name Favoritos@{u}
> git rev-list --left-right Favoritos...refs/remotes/origin/Favoritos
> git for-each-ref --format %(refname) %(objectname) --sort -committerdate
> git remote --verbose
> git show :src/app/components/list-album-track/list-album-track.component.ts
> git show :src/app/components/list/list.component.ts
> git status -z -u
> git symbolic-ref --short HEAD
> git rev-parse Favoritos
> git rev-parse --symbolic-full-name Favoritos@{u}
> git rev-list --left-right Favoritos...refs/remotes/origin/Favoritos
> git for-each-ref --format %(refname) %(objectname) --sort -committerdate
> git remote --verbose
> git show :src/app/components/list/list.component.html
> git status -z -u
> git symbolic-ref --short HEAD
> git rev-parse Favoritos
> git rev-parse --symbolic-full-name Favoritos@{u}
> git rev-list --left-right Favoritos...refs/remotes/origin/Favoritos
> git for-each-ref --format %(refname) %(objectname) --sort -committerdate
> git remote --verbose
> git show :src/app/components/list-album-track/list-album-track.component.ts
> git status -z -u
> git symbolic-ref --short HEAD
> git rev-parse Favoritos
> git rev-parse --symbolic-full-name Favoritos@{u}
> git rev-list --left-right Favoritos...refs/remotes/origin/Favoritos
> git for-each-ref --format %(refname) %(objectname) --sort -committerdate
> git remote --verbose
> git show :src/app/components/list-album-track/list-album-track.component.html
> git check-ignore -v -z --stdin
> git show :src/app/app.component.css
> git show :src/app/services/spotify.service.ts
> git status -z -u
> git symbolic-ref --short HEAD
> git rev-parse Favoritos
> git rev-parse --symbolic-full-name Favoritos@{u}
> git rev-list --left-right Favoritos...refs/remotes/origin/Favoritos
> git for-each-ref --format %(refname) %(objectname) --sort -committerdate
> git remote --verbose
> git status -z -u
> git symbolic-ref --short HEAD
> git rev-parse Favoritos
> git rev-parse --symbolic-full-name Favoritos@{u}
> git rev-list --left-right Favoritos...refs/remotes/origin/Favoritos
> git for-each-ref --format %(refname) %(objectname) --sort -committerdate
> git remote --verbose
> git status -z -u
> git symbolic-ref --short HEAD
> git rev-parse Favoritos
> git rev-parse --symbolic-full-name Favoritos@{u}
> git rev-list --left-right Favoritos...refs/remotes/origin/Favoritos
> git for-each-ref --format %(refname) %(objectname) --sort -committerdate
> git remote --verbose
> git check-ignore -v -z --stdin
> git show :src/app/components/searchcancion/searchcancion.component.html
> git show :src/app/components/searchcancion/searchcancion.component.ts
> git status -z -u
> git symbolic-ref --short HEAD
> git rev-parse Favoritos
> git rev-parse --symbolic-full-name Favoritos@{u}
> git rev-list --left-right Favoritos...refs/remotes/origin/Favoritos
> git for-each-ref --format %(refname) %(objectname) --sort -committerdate
> git remote --verbose
> git status -z -u
> git symbolic-ref --short HEAD
> git rev-parse Favoritos
> git rev-parse --symbolic-full-name Favoritos@{u}
> git rev-list --left-right Favoritos...refs/remotes/origin/Favoritos
> git for-each-ref --format %(refname) %(objectname) --sort -committerdate
> git remote --verbose
> git status -z -u
> git symbolic-ref --short HEAD
> git rev-parse Favoritos
> git rev-parse --symbolic-full-name Favoritos@{u}
> git rev-list --left-right Favoritos...refs/remotes/origin/Favoritos
> git for-each-ref --format %(refname) %(objectname) --sort -committerdate
> git remote --verbose
> git show :src/app/services/spotify.service.ts
> git show :src/app/components/searchcancion/searchcancion.component.ts
> git rev-parse --show-toplevel
> git rev-parse --git-dir
> git config --get commit.template
Open repository: /home/tripas/Angular/SpotiWar
> git status -z -u
> git symbolic-ref --short HEAD
> git rev-parse master
> git rev-parse --symbolic-full-name master@{u}
> git rev-list --left-right master...refs/remotes/origin/master
> git for-each-ref --format %(refname) %(objectname) --sort -committerdate
> git remote --verbose
Failed to watch ref '/home/tripas/Angular/SpotiWar/.git/refs/remotes/origin/master', is most likely packed.
Error: ENOENT: no such file or directory, watch '/home/tripas/Angular/SpotiWar/.git/refs/remotes/origin/master'
	at FSWatcher.start (internal/fs/watchers.js:164:26)
	at Object.watch (fs.js:1232:11)
	at Object.t.watch (/snap/code/14/usr/share/code/resources/app/extensions/git/dist/main.js:1:594639)
	at T.updateTransientWatchers (/snap/code/14/usr/share/code/resources/app/extensions/git/dist/main.js:1:98365)
	at u.fire (/snap/code/14/usr/share/code/resources/app/out/vs/workbench/services/extensions/node/extensionHostProcess.js:50:227)
	at k.updateModelState (/snap/code/14/usr/share/code/resources/app/extensions/git/dist/main.js:1:116241)
> git check-ignore -v -z --stdin
> git check-ignore -v -z --stdin
> git status -z -u
> git symbolic-ref --short HEAD
> git rev-parse master
> git rev-parse --symbolic-full-name master@{u}
> git rev-list --left-right master...refs/remotes/origin/master
> git for-each-ref --format %(refname) %(objectname) --sort -committerdate
> git remote --verbose
Failed to watch ref '/home/tripas/Angular/SpotiWar/.git/refs/remotes/origin/master', is most likely packed.
Error: ENOENT: no such file or directory, watch '/home/tripas/Angular/SpotiWar/.git/refs/remotes/origin/master'
	at FSWatcher.start (internal/fs/watchers.js:164:26)
	at Object.watch (fs.js:1232:11)
	at Object.t.watch (/snap/code/14/usr/share/code/resources/app/extensions/git/dist/main.js:1:594639)
	at T.updateTransientWatchers (/snap/code/14/usr/share/code/resources/app/extensions/git/dist/main.js:1:98365)
	at u.fire (/snap/code/14/usr/share/code/resources/app/out/vs/workbench/services/extensions/node/extensionHostProcess.js:50:227)
	at k.updateModelState (/snap/code/14/usr/share/code/resources/app/extensions/git/dist/main.js:1:116241)
> git check-ignore -v -z --stdin
> git status -z -u
> git symbolic-ref --short HEAD
> git rev-parse master
> git rev-parse --symbolic-full-name master@{u}
> git rev-list --left-right master...refs/remotes/origin/master
> git for-each-ref --format %(refname) %(objectname) --sort -committerdate
> git remote --verbose
Failed to watch ref '/home/tripas/Angular/SpotiWar/.git/refs/remotes/origin/master', is most likely packed.
Error: ENOENT: no such file or directory, watch '/home/tripas/Angular/SpotiWar/.git/refs/remotes/origin/master'
	at FSWatcher.start (internal/fs/watchers.js:164:26)
	at Object.watch (fs.js:1232:11)
	at Object.t.watch (/snap/code/14/usr/share/code/resources/app/extensions/git/dist/main.js:1:594639)
	at T.updateTransientWatchers (/snap/code/14/usr/share/code/resources/app/extensions/git/dist/main.js:1:98365)
	at u.fire (/snap/code/14/usr/share/code/resources/app/out/vs/workbench/services/extensions/node/extensionHostProcess.js:50:227)
	at k.updateModelState (/snap/code/14/usr/share/code/resources/app/extensions/git/dist/main.js:1:116241)
> git status -z -u
> git symbolic-ref --short HEAD
> git rev-parse master
> git rev-parse --symbolic-full-name master@{u}
> git rev-list --left-right master...refs/remotes/origin/master
> git for-each-ref --format %(refname) %(objectname) --sort -committerdate
> git remote --verbose
Failed to watch ref '/home/tripas/Angular/SpotiWar/.git/refs/remotes/origin/master', is most likely packed.
Error: ENOENT: no such file or directory, watch '/home/tripas/Angular/SpotiWar/.git/refs/remotes/origin/master'
	at FSWatcher.start (internal/fs/watchers.js:164:26)
	at Object.watch (fs.js:1232:11)
	at Object.t.watch (/snap/code/14/usr/share/code/resources/app/extensions/git/dist/main.js:1:594639)
	at T.updateTransientWatchers (/snap/code/14/usr/share/code/resources/app/extensions/git/dist/main.js:1:98365)
	at u.fire (/snap/code/14/usr/share/code/resources/app/out/vs/workbench/services/extensions/node/extensionHostProcess.js:50:227)
	at k.updateModelState (/snap/code/14/usr/share/code/resources/app/extensions/git/dist/main.js:1:116241)
> git check-ignore -v -z --stdin
> git show :src/app/components/list/list.component.html
> git status -z -u
> git symbolic-ref --short HEAD
> git rev-parse master
> git rev-parse --symbolic-full-name master@{u}
> git rev-list --left-right master...refs/remotes/origin/master
> git for-each-ref --format %(refname) %(objectname) --sort -committerdate
> git remote --verbose
Failed to watch ref '/home/tripas/Angular/SpotiWar/.git/refs/remotes/origin/master', is most likely packed.
Error: ENOENT: no such file or directory, watch '/home/tripas/Angular/SpotiWar/.git/refs/remotes/origin/master'
	at FSWatcher.start (internal/fs/watchers.js:164:26)
	at Object.watch (fs.js:1232:11)
	at Object.t.watch (/snap/code/14/usr/share/code/resources/app/extensions/git/dist/main.js:1:594639)
	at T.updateTransientWatchers (/snap/code/14/usr/share/code/resources/app/extensions/git/dist/main.js:1:98365)
	at u.fire (/snap/code/14/usr/share/code/resources/app/out/vs/workbench/services/extensions/node/extensionHostProcess.js:50:227)
	at k.updateModelState (/snap/code/14/usr/share/code/resources/app/extensions/git/dist/main.js:1:116241)
> git show :src/app/components/list/list.component.ts
> git status -z -u
> git symbolic-ref --short HEAD
> git rev-parse master
> git rev-parse --symbolic-full-name master@{u}
> git rev-list --left-right master...refs/remotes/origin/master
> git for-each-ref --format %(refname) %(objectname) --sort -committerdate
> git remote --verbose
Failed to watch ref '/home/tripas/Angular/SpotiWar/.git/refs/remotes/origin/master', is most likely packed.
Error: ENOENT: no such file or directory, watch '/home/tripas/Angular/SpotiWar/.git/refs/remotes/origin/master'
	at FSWatcher.start (internal/fs/watchers.js:164:26)
	at Object.watch (fs.js:1232:11)
	at Object.t.watch (/snap/code/14/usr/share/code/resources/app/extensions/git/dist/main.js:1:594639)
	at T.updateTransientWatchers (/snap/code/14/usr/share/code/resources/app/extensions/git/dist/main.js:1:98365)
	at u.fire (/snap/code/14/usr/share/code/resources/app/out/vs/workbench/services/extensions/node/extensionHostProcess.js:50:227)
	at k.updateModelState (/snap/code/14/usr/share/code/resources/app/extensions/git/dist/main.js:1:116241)
> git show :src/app/components/list/list.component.html
> git status -z -u
> git symbolic-ref --short HEAD
> git rev-parse master
> git rev-parse --symbolic-full-name master@{u}
> git rev-list --left-right master...refs/remotes/origin/master
> git for-each-ref --format %(refname) %(objectname) --sort -committerdate
> git remote --verbose
Failed to watch ref '/home/tripas/Angular/SpotiWar/.git/refs/remotes/origin/master', is most likely packed.
Error: ENOENT: no such file or directory, watch '/home/tripas/Angular/SpotiWar/.git/refs/remotes/origin/master'
	at FSWatcher.start (internal/fs/watchers.js:164:26)
	at Object.watch (fs.js:1232:11)
	at Object.t.watch (/snap/code/14/usr/share/code/resources/app/extensions/git/dist/main.js:1:594639)
	at T.updateTransientWatchers (/snap/code/14/usr/share/code/resources/app/extensions/git/dist/main.js:1:98365)
	at u.fire (/snap/code/14/usr/share/code/resources/app/out/vs/workbench/services/extensions/node/extensionHostProcess.js:50:227)
	at k.updateModelState (/snap/code/14/usr/share/code/resources/app/extensions/git/dist/main.js:1:116241)
> git check-ignore -v -z --stdin
> git status -z -u
> git symbolic-ref --short HEAD
> git rev-parse master
> git rev-parse --symbolic-full-name master@{u}
> git rev-list --left-right master...refs/remotes/origin/master
> git for-each-ref --format %(refname) %(objectname) --sort -committerdate
> git remote --verbose
Failed to watch ref '/home/tripas/Angular/SpotiWar/.git/refs/remotes/origin/master', is most likely packed.
Error: ENOENT: no such file or directory, watch '/home/tripas/Angular/SpotiWar/.git/refs/remotes/origin/master'
	at FSWatcher.start (internal/fs/watchers.js:164:26)
	at Object.watch (fs.js:1232:11)
	at Object.t.watch (/snap/code/14/usr/share/code/resources/app/extensions/git/dist/main.js:1:594639)
	at T.updateTransientWatchers (/snap/code/14/usr/share/code/resources/app/extensions/git/dist/main.js:1:98365)
	at u.fire (/snap/code/14/usr/share/code/resources/app/out/vs/workbench/services/extensions/node/extensionHostProcess.js:50:227)
	at k.updateModelState (/snap/code/14/usr/share/code/resources/app/extensions/git/dist/main.js:1:116241)
> git check-ignore -v -z --stdin
> git check-ignore -v -z --stdin
> git status -z -u
> git symbolic-ref --short HEAD
> git rev-parse master
> git rev-parse --symbolic-full-name master@{u}
> git rev-list --left-right master...refs/remotes/origin/master
> git for-each-ref --format %(refname) %(objectname) --sort -committerdate
> git remote --verbose
Failed to watch ref '/home/tripas/Angular/SpotiWar/.git/refs/remotes/origin/master', is most likely packed.
Error: ENOENT: no such file or directory, watch '/home/tripas/Angular/SpotiWar/.git/refs/remotes/origin/master'
	at FSWatcher.start (internal/fs/watchers.js:164:26)
	at Object.watch (fs.js:1232:11)
	at Object.t.watch (/snap/code/14/usr/share/code/resources/app/extensions/git/dist/main.js:1:594639)
	at T.updateTransientWatchers (/snap/code/14/usr/share/code/resources/app/extensions/git/dist/main.js:1:98365)
	at u.fire (/snap/code/14/usr/share/code/resources/app/out/vs/workbench/services/extensions/node/extensionHostProcess.js:50:227)
	at k.updateModelState (/snap/code/14/usr/share/code/resources/app/extensions/git/dist/main.js:1:116241)
> git check-ignore -v -z --stdin
> git show :src/app/components/list/list.component.html
> git status -z -u
> git symbolic-ref --short HEAD
> git rev-parse master
> git rev-parse --symbolic-full-name master@{u}
> git rev-list --left-right master...refs/remotes/origin/master
> git for-each-ref --format %(refname) %(objectname) --sort -committerdate
> git remote --verbose
Failed to watch ref '/home/tripas/Angular/SpotiWar/.git/refs/remotes/origin/master', is most likely packed.
Error: ENOENT: no such file or directory, watch '/home/tripas/Angular/SpotiWar/.git/refs/remotes/origin/master'
	at FSWatcher.start (internal/fs/watchers.js:164:26)
	at Object.watch (fs.js:1232:11)
	at Object.t.watch (/snap/code/14/usr/share/code/resources/app/extensions/git/dist/main.js:1:594639)
	at T.updateTransientWatchers (/snap/code/14/usr/share/code/resources/app/extensions/git/dist/main.js:1:98365)
	at u.fire (/snap/code/14/usr/share/code/resources/app/out/vs/workbench/services/extensions/node/extensionHostProcess.js:50:227)
	at k.updateModelState (/snap/code/14/usr/share/code/resources/app/extensions/git/dist/main.js:1:116241)
> git status -z -u
> git symbolic-ref --short HEAD
> git rev-parse master
> git rev-parse --symbolic-full-name master@{u}
> git rev-list --left-right master...refs/remotes/origin/master
> git for-each-ref --format %(refname) %(objectname) --sort -committerdate
> git remote --verbose
Failed to watch ref '/home/tripas/Angular/SpotiWar/.git/refs/remotes/origin/master', is most likely packed.
Error: ENOENT: no such file or directory, watch '/home/tripas/Angular/SpotiWar/.git/refs/remotes/origin/master'
	at FSWatcher.start (internal/fs/watchers.js:164:26)
	at Object.watch (fs.js:1232:11)
	at Object.t.watch (/snap/code/14/usr/share/code/resources/app/extensions/git/dist/main.js:1:594639)
	at T.updateTransientWatchers (/snap/code/14/usr/share/code/resources/app/extensions/git/dist/main.js:1:98365)
	at u.fire (/snap/code/14/usr/share/code/resources/app/out/vs/workbench/services/extensions/node/extensionHostProcess.js:50:227)
	at k.updateModelState (/snap/code/14/usr/share/code/resources/app/extensions/git/dist/main.js:1:116241)
> git status -z -u
> git symbolic-ref --short HEAD
> git rev-parse master
> git rev-parse --symbolic-full-name master@{u}
> git rev-list --left-right master...refs/remotes/origin/master
> git for-each-ref --format %(refname) %(objectname) --sort -committerdate
> git remote --verbose
Failed to watch ref '/home/tripas/Angular/SpotiWar/.git/refs/remotes/origin/master', is most likely packed.
Error: ENOENT: no such file or directory, watch '/home/tripas/Angular/SpotiWar/.git/refs/remotes/origin/master'
	at FSWatcher.start (internal/fs/watchers.js:164:26)
	at Object.watch (fs.js:1232:11)
	at Object.t.watch (/snap/code/14/usr/share/code/resources/app/extensions/git/dist/main.js:1:594639)
	at T.updateTransientWatchers (/snap/code/14/usr/share/code/resources/app/extensions/git/dist/main.js:1:98365)
	at u.fire (/snap/code/14/usr/share/code/resources/app/out/vs/workbench/services/extensions/node/extensionHostProcess.js:50:227)
	at k.updateModelState (/snap/code/14/usr/share/code/resources/app/extensions/git/dist/main.js:1:116241)
> git status -z -u
> git symbolic-ref --short HEAD
> git rev-parse Favoritos
> git rev-parse --symbolic-full-name Favoritos@{u}
> git rev-list --left-right Favoritos...refs/remotes/origin/Favoritos
> git for-each-ref --format %(refname) %(objectname) --sort -committerdate
> git remote --verbose
> git status -z -u
> git symbolic-ref --short HEAD
> git rev-parse master
> git rev-parse --symbolic-full-name master@{u}
> git rev-list --left-right master...refs/remotes/origin/master
> git for-each-ref --format %(refname) %(objectname) --sort -committerdate
> git remote --verbose
Failed to watch ref '/home/tripas/Angular/SpotiWar/.git/refs/remotes/origin/master', is most likely packed.
Error: ENOENT: no such file or directory, watch '/home/tripas/Angular/SpotiWar/.git/refs/remotes/origin/master'
	at FSWatcher.start (internal/fs/watchers.js:164:26)
	at Object.watch (fs.js:1232:11)
	at Object.t.watch (/snap/code/14/usr/share/code/resources/app/extensions/git/dist/main.js:1:594639)
	at T.updateTransientWatchers (/snap/code/14/usr/share/code/resources/app/extensions/git/dist/main.js:1:98365)
	at u.fire (/snap/code/14/usr/share/code/resources/app/out/vs/workbench/services/extensions/node/extensionHostProcess.js:50:227)
	at k.updateModelState (/snap/code/14/usr/share/code/resources/app/extensions/git/dist/main.js:1:116241)
> git show :src/app/components/list/list.component.ts
> git status -z -u
> git symbolic-ref --short HEAD
> git rev-parse master
> git rev-parse --symbolic-full-name master@{u}
> git rev-list --left-right master...refs/remotes/origin/master
> git for-each-ref --format %(refname) %(objectname) --sort -committerdate
> git remote --verbose
Failed to watch ref '/home/tripas/Angular/SpotiWar/.git/refs/remotes/origin/master', is most likely packed.
Error: ENOENT: no such file or directory, watch '/home/tripas/Angular/SpotiWar/.git/refs/remotes/origin/master'
	at FSWatcher.start (internal/fs/watchers.js:164:26)
	at Object.watch (fs.js:1232:11)
	at Object.t.watch (/snap/code/14/usr/share/code/resources/app/extensions/git/dist/main.js:1:594639)
	at T.updateTransientWatchers (/snap/code/14/usr/share/code/resources/app/extensions/git/dist/main.js:1:98365)
	at u.fire (/snap/code/14/usr/share/code/resources/app/out/vs/workbench/services/extensions/node/extensionHostProcess.js:50:227)
	at k.updateModelState (/snap/code/14/usr/share/code/resources/app/extensions/git/dist/main.js:1:116241)
> git show :src/app/components/list/list.component.ts
> git status -z -u
> git symbolic-ref --short HEAD
> git rev-parse master
> git rev-parse --symbolic-full-name master@{u}
> git rev-list --left-right master...refs/remotes/origin/master
> git for-each-ref --format %(refname) %(objectname) --sort -committerdate
> git remote --verbose
Failed to watch ref '/home/tripas/Angular/SpotiWar/.git/refs/remotes/origin/master', is most likely packed.
Error: ENOENT: no such file or directory, watch '/home/tripas/Angular/SpotiWar/.git/refs/remotes/origin/master'
	at FSWatcher.start (internal/fs/watchers.js:164:26)
	at Object.watch (fs.js:1232:11)
	at Object.t.watch (/snap/code/14/usr/share/code/resources/app/extensions/git/dist/main.js:1:594639)
	at T.updateTransientWatchers (/snap/code/14/usr/share/code/resources/app/extensions/git/dist/main.js:1:98365)
	at u.fire (/snap/code/14/usr/share/code/resources/app/out/vs/workbench/services/extensions/node/extensionHostProcess.js:50:227)
	at k.updateModelState (/snap/code/14/usr/share/code/resources/app/extensions/git/dist/main.js:1:116241)
> git status -z -u
> git symbolic-ref --short HEAD
> git rev-parse master
> git rev-parse --symbolic-full-name master@{u}
> git rev-list --left-right master...refs/remotes/origin/master
> git for-each-ref --format %(refname) %(objectname) --sort -committerdate
> git remote --verbose
Failed to watch ref '/home/tripas/Angular/SpotiWar/.git/refs/remotes/origin/master', is most likely packed.
Error: ENOENT: no such file or directory, watch '/home/tripas/Angular/SpotiWar/.git/refs/remotes/origin/master'
	at FSWatcher.start (internal/fs/watchers.js:164:26)
	at Object.watch (fs.js:1232:11)
	at Object.t.watch (/snap/code/14/usr/share/code/resources/app/extensions/git/dist/main.js:1:594639)
	at T.updateTransientWatchers (/snap/code/14/usr/share/code/resources/app/extensions/git/dist/main.js:1:98365)
	at u.fire (/snap/code/14/usr/share/code/resources/app/out/vs/workbench/services/extensions/node/extensionHostProcess.js:50:227)
	at k.updateModelState (/snap/code/14/usr/share/code/resources/app/extensions/git/dist/main.js:1:116241)
> git status -z -u
> git symbolic-ref --short HEAD
> git rev-parse master
> git rev-parse --symbolic-full-name master@{u}
> git rev-list --left-right master...refs/remotes/origin/master
> git for-each-ref --format %(refname) %(objectname) --sort -committerdate
> git remote --verbose
Failed to watch ref '/home/tripas/Angular/SpotiWar/.git/refs/remotes/origin/master', is most likely packed.
Error: ENOENT: no such file or directory, watch '/home/tripas/Angular/SpotiWar/.git/refs/remotes/origin/master'
	at FSWatcher.start (internal/fs/watchers.js:164:26)
	at Object.watch (fs.js:1232:11)
	at Object.t.watch (/snap/code/14/usr/share/code/resources/app/extensions/git/dist/main.js:1:594639)
	at T.updateTransientWatchers (/snap/code/14/usr/share/code/resources/app/extensions/git/dist/main.js:1:98365)
	at u.fire (/snap/code/14/usr/share/code/resources/app/out/vs/workbench/services/extensions/node/extensionHostProcess.js:50:227)
	at k.updateModelState (/snap/code/14/usr/share/code/resources/app/extensions/git/dist/main.js:1:116241)
> git show :src/app/components/list-album-track/list-album-track.component.html
> git status -z -u
> git symbolic-ref --short HEAD
> git rev-parse master
> git rev-parse --symbolic-full-name master@{u}
> git rev-list --left-right master...refs/remotes/origin/master
> git for-each-ref --format %(refname) %(objectname) --sort -committerdate
> git remote --verbose
Failed to watch ref '/home/tripas/Angular/SpotiWar/.git/refs/remotes/origin/master', is most likely packed.
Error: ENOENT: no such file or directory, watch '/home/tripas/Angular/SpotiWar/.git/refs/remotes/origin/master'
	at FSWatcher.start (internal/fs/watchers.js:164:26)
	at Object.watch (fs.js:1232:11)
	at Object.t.watch (/snap/code/14/usr/share/code/resources/app/extensions/git/dist/main.js:1:594639)
	at T.updateTransientWatchers (/snap/code/14/usr/share/code/resources/app/extensions/git/dist/main.js:1:98365)
	at u.fire (/snap/code/14/usr/share/code/resources/app/out/vs/workbench/services/extensions/node/extensionHostProcess.js:50:227)
	at k.updateModelState (/snap/code/14/usr/share/code/resources/app/extensions/git/dist/main.js:1:116241)
> git check-ignore -v -z --stdin
> git show :src/app/components/list-album-track/list-album-track.component.html
> git status -z -u
> git symbolic-ref --short HEAD
> git rev-parse master
> git rev-parse --symbolic-full-name master@{u}
> git rev-list --left-right master...refs/remotes/origin/master
> git for-each-ref --format %(refname) %(objectname) --sort -committerdate
> git remote --verbose
Failed to watch ref '/home/tripas/Angular/SpotiWar/.git/refs/remotes/origin/master', is most likely packed.
Error: ENOENT: no such file or directory, watch '/home/tripas/Angular/SpotiWar/.git/refs/remotes/origin/master'
	at FSWatcher.start (internal/fs/watchers.js:164:26)
	at Object.watch (fs.js:1232:11)
	at Object.t.watch (/snap/code/14/usr/share/code/resources/app/extensions/git/dist/main.js:1:594639)
	at T.updateTransientWatchers (/snap/code/14/usr/share/code/resources/app/extensions/git/dist/main.js:1:98365)
	at u.fire (/snap/code/14/usr/share/code/resources/app/out/vs/workbench/services/extensions/node/extensionHostProcess.js:50:227)
	at k.updateModelState (/snap/code/14/usr/share/code/resources/app/extensions/git/dist/main.js:1:116241)
> git show :src/app/components/list-album-track/list-album-track.component.html
> git status -z -u
> git symbolic-ref --short HEAD
> git rev-parse master
> git rev-parse --symbolic-full-name master@{u}
> git rev-list --left-right master...refs/remotes/origin/master
> git for-each-ref --format %(refname) %(objectname) --sort -committerdate
> git remote --verbose
Failed to watch ref '/home/tripas/Angular/SpotiWar/.git/refs/remotes/origin/master', is most likely packed.
Error: ENOENT: no such file or directory, watch '/home/tripas/Angular/SpotiWar/.git/refs/remotes/origin/master'
	at FSWatcher.start (internal/fs/watchers.js:164:26)
	at Object.watch (fs.js:1232:11)
	at Object.t.watch (/snap/code/14/usr/share/code/resources/app/extensions/git/dist/main.js:1:594639)
	at T.updateTransientWatchers (/snap/code/14/usr/share/code/resources/app/extensions/git/dist/main.js:1:98365)
	at u.fire (/snap/code/14/usr/share/code/resources/app/out/vs/workbench/services/extensions/node/extensionHostProcess.js:50:227)
	at k.updateModelState (/snap/code/14/usr/share/code/resources/app/extensions/git/dist/main.js:1:116241)
> git show :src/app/components/list-album-track/list-album-track.component.html
> git status -z -u
> git symbolic-ref --short HEAD
> git rev-parse master
> git rev-parse --symbolic-full-name master@{u}
> git rev-list --left-right master...refs/remotes/origin/master
> git for-each-ref --format %(refname) %(objectname) --sort -committerdate
> git remote --verbose
Failed to watch ref '/home/tripas/Angular/SpotiWar/.git/refs/remotes/origin/master', is most likely packed.
Error: ENOENT: no such file or directory, watch '/home/tripas/Angular/SpotiWar/.git/refs/remotes/origin/master'
	at FSWatcher.start (internal/fs/watchers.js:164:26)
	at Object.watch (fs.js:1232:11)
	at Object.t.watch (/snap/code/14/usr/share/code/resources/app/extensions/git/dist/main.js:1:594639)
	at T.updateTransientWatchers (/snap/code/14/usr/share/code/resources/app/extensions/git/dist/main.js:1:98365)
	at u.fire (/snap/code/14/usr/share/code/resources/app/out/vs/workbench/services/extensions/node/extensionHostProcess.js:50:227)
	at k.updateModelState (/snap/code/14/usr/share/code/resources/app/extensions/git/dist/main.js:1:116241)
> git status -z -u
> git symbolic-ref --short HEAD
> git rev-parse master
> git rev-parse --symbolic-full-name master@{u}
> git rev-list --left-right master...refs/remotes/origin/master
> git for-each-ref --format %(refname) %(objectname) --sort -committerdate
> git remote --verbose
Failed to watch ref '/home/tripas/Angular/SpotiWar/.git/refs/remotes/origin/master', is most likely packed.
Error: ENOENT: no such file or directory, watch '/home/tripas/Angular/SpotiWar/.git/refs/remotes/origin/master'
	at FSWatcher.start (internal/fs/watchers.js:164:26)
	at Object.watch (fs.js:1232:11)
	at Object.t.watch (/snap/code/14/usr/share/code/resources/app/extensions/git/dist/main.js:1:594639)
	at T.updateTransientWatchers (/snap/code/14/usr/share/code/resources/app/extensions/git/dist/main.js:1:98365)
	at u.fire (/snap/code/14/usr/share/code/resources/app/out/vs/workbench/services/extensions/node/extensionHostProcess.js:50:227)
	at k.updateModelState (/snap/code/14/usr/share/code/resources/app/extensions/git/dist/main.js:1:116241)
> git status -z -u
> git symbolic-ref --short HEAD
> git rev-parse master
> git rev-parse --symbolic-full-name master@{u}
> git rev-list --left-right master...refs/remotes/origin/master
> git for-each-ref --format %(refname) %(objectname) --sort -committerdate
> git remote --verbose
Failed to watch ref '/home/tripas/Angular/SpotiWar/.git/refs/remotes/origin/master', is most likely packed.
Error: ENOENT: no such file or directory, watch '/home/tripas/Angular/SpotiWar/.git/refs/remotes/origin/master'
	at FSWatcher.start (internal/fs/watchers.js:164:26)
	at Object.watch (fs.js:1232:11)
	at Object.t.watch (/snap/code/14/usr/share/code/resources/app/extensions/git/dist/main.js:1:594639)
	at T.updateTransientWatchers (/snap/code/14/usr/share/code/resources/app/extensions/git/dist/main.js:1:98365)
	at u.fire (/snap/code/14/usr/share/code/resources/app/out/vs/workbench/services/extensions/node/extensionHostProcess.js:50:227)
	at k.updateModelState (/snap/code/14/usr/share/code/resources/app/extensions/git/dist/main.js:1:116241)
> git show :src/app/components/list-album-track/list-album-track.component.ts
> git show :src/app/components/list-album-track/list-album-track.component.ts
> git status -z -u
> git symbolic-ref --short HEAD
> git rev-parse master
> git rev-parse --symbolic-full-name master@{u}
> git rev-list --left-right master...refs/remotes/origin/master
> git for-each-ref --format %(refname) %(objectname) --sort -committerdate
> git remote --verbose
Failed to watch ref '/home/tripas/Angular/SpotiWar/.git/refs/remotes/origin/master', is most likely packed.
Error: ENOENT: no such file or directory, watch '/home/tripas/Angular/SpotiWar/.git/refs/remotes/origin/master'
	at FSWatcher.start (internal/fs/watchers.js:164:26)
	at Object.watch (fs.js:1232:11)
	at Object.t.watch (/snap/code/14/usr/share/code/resources/app/extensions/git/dist/main.js:1:594639)
	at T.updateTransientWatchers (/snap/code/14/usr/share/code/resources/app/extensions/git/dist/main.js:1:98365)
	at u.fire (/snap/code/14/usr/share/code/resources/app/out/vs/workbench/services/extensions/node/extensionHostProcess.js:50:227)
	at k.updateModelState (/snap/code/14/usr/share/code/resources/app/extensions/git/dist/main.js:1:116241)
> git status -z -u
> git symbolic-ref --short HEAD
> git rev-parse master
> git rev-parse --symbolic-full-name master@{u}
> git rev-list --left-right master...refs/remotes/origin/master
> git for-each-ref --format %(refname) %(objectname) --sort -committerdate
> git remote --verbose
Failed to watch ref '/home/tripas/Angular/SpotiWar/.git/refs/remotes/origin/master', is most likely packed.
Error: ENOENT: no such file or directory, watch '/home/tripas/Angular/SpotiWar/.git/refs/remotes/origin/master'
	at FSWatcher.start (internal/fs/watchers.js:164:26)
	at Object.watch (fs.js:1232:11)
	at Object.t.watch (/snap/code/14/usr/share/code/resources/app/extensions/git/dist/main.js:1:594639)
	at T.updateTransientWatchers (/snap/code/14/usr/share/code/resources/app/extensions/git/dist/main.js:1:98365)
	at u.fire (/snap/code/14/usr/share/code/resources/app/out/vs/workbench/services/extensions/node/extensionHostProcess.js:50:227)
	at k.updateModelState (/snap/code/14/usr/share/code/resources/app/extensions/git/dist/main.js:1:116241)
> git status -z -u
> git symbolic-ref --short HEAD
> git rev-parse master
> git rev-parse --symbolic-full-name master@{u}
> git rev-list --left-right master...refs/remotes/origin/master
> git for-each-ref --format %(refname) %(objectname) --sort -committerdate
> git remote --verbose
Failed to watch ref '/home/tripas/Angular/SpotiWar/.git/refs/remotes/origin/master', is most likely packed.
Error: ENOENT: no such file or directory, watch '/home/tripas/Angular/SpotiWar/.git/refs/remotes/origin/master'
	at FSWatcher.start (internal/fs/watchers.js:164:26)
	at Object.watch (fs.js:1232:11)
	at Object.t.watch (/snap/code/14/usr/share/code/resources/app/extensions/git/dist/main.js:1:594639)
	at T.updateTransientWatchers (/snap/code/14/usr/share/code/resources/app/extensions/git/dist/main.js:1:98365)
	at u.fire (/snap/code/14/usr/share/code/resources/app/out/vs/workbench/services/extensions/node/extensionHostProcess.js:50:227)
	at k.updateModelState (/snap/code/14/usr/share/code/resources/app/extensions/git/dist/main.js:1:116241)
> git status -z -u
> git symbolic-ref --short HEAD
> git rev-parse master
> git rev-parse --symbolic-full-name master@{u}
> git rev-list --left-right master...refs/remotes/origin/master
> git for-each-ref --format %(refname) %(objectname) --sort -committerdate
> git remote --verbose
Failed to watch ref '/home/tripas/Angular/SpotiWar/.git/refs/remotes/origin/master', is most likely packed.
Error: ENOENT: no such file or directory, watch '/home/tripas/Angular/SpotiWar/.git/refs/remotes/origin/master'
	at FSWatcher.start (internal/fs/watchers.js:164:26)
	at Object.watch (fs.js:1232:11)
	at Object.t.watch (/snap/code/14/usr/share/code/resources/app/extensions/git/dist/main.js:1:594639)
	at T.updateTransientWatchers (/snap/code/14/usr/share/code/resources/app/extensions/git/dist/main.js:1:98365)
	at u.fire (/snap/code/14/usr/share/code/resources/app/out/vs/workbench/services/extensions/node/extensionHostProcess.js:50:227)
	at k.updateModelState (/snap/code/14/usr/share/code/resources/app/extensions/git/dist/main.js:1:116241)
> git status -z -u
> git symbolic-ref --short HEAD
> git rev-parse master
> git rev-parse --symbolic-full-name master@{u}
> git rev-list --left-right master...refs/remotes/origin/master
> git for-each-ref --format %(refname) %(objectname) --sort -committerdate
> git remote --verbose
Failed to watch ref '/home/tripas/Angular/SpotiWar/.git/refs/remotes/origin/master', is most likely packed.
Error: ENOENT: no such file or directory, watch '/home/tripas/Angular/SpotiWar/.git/refs/remotes/origin/master'
	at FSWatcher.start (internal/fs/watchers.js:164:26)
	at Object.watch (fs.js:1232:11)
	at Object.t.watch (/snap/code/14/usr/share/code/resources/app/extensions/git/dist/main.js:1:594639)
	at T.updateTransientWatchers (/snap/code/14/usr/share/code/resources/app/extensions/git/dist/main.js:1:98365)
	at u.fire (/snap/code/14/usr/share/code/resources/app/out/vs/workbench/services/extensions/node/extensionHostProcess.js:50:227)
	at k.updateModelState (/snap/code/14/usr/share/code/resources/app/extensions/git/dist/main.js:1:116241)
> git status -z -u
> git symbolic-ref --short HEAD
> git rev-parse master
> git rev-parse --symbolic-full-name master@{u}
> git rev-list --left-right master...refs/remotes/origin/master
> git for-each-ref --format %(refname) %(objectname) --sort -committerdate
> git remote --verbose
Failed to watch ref '/home/tripas/Angular/SpotiWar/.git/refs/remotes/origin/master', is most likely packed.
Error: ENOENT: no such file or directory, watch '/home/tripas/Angular/SpotiWar/.git/refs/remotes/origin/master'
	at FSWatcher.start (internal/fs/watchers.js:164:26)
	at Object.watch (fs.js:1232:11)
	at Object.t.watch (/snap/code/14/usr/share/code/resources/app/extensions/git/dist/main.js:1:594639)
	at T.updateTransientWatchers (/snap/code/14/usr/share/code/resources/app/extensions/git/dist/main.js:1:98365)
	at u.fire (/snap/code/14/usr/share/code/resources/app/out/vs/workbench/services/extensions/node/extensionHostProcess.js:50:227)
	at k.updateModelState (/snap/code/14/usr/share/code/resources/app/extensions/git/dist/main.js:1:116241)
> git show :src/app/components/list-album-track/list-album-track.component.html
> git show :src/app/components/list/list.component.html
> git status -z -u
> git symbolic-ref --short HEAD
> git rev-parse master
> git rev-parse --symbolic-full-name master@{u}
> git rev-list --left-right master...refs/remotes/origin/master
> git for-each-ref --format %(refname) %(objectname) --sort -committerdate
> git remote --verbose
Failed to watch ref '/home/tripas/Angular/SpotiWar/.git/refs/remotes/origin/master', is most likely packed.
Error: ENOENT: no such file or directory, watch '/home/tripas/Angular/SpotiWar/.git/refs/remotes/origin/master'
	at FSWatcher.start (internal/fs/watchers.js:164:26)
	at Object.watch (fs.js:1232:11)
	at Object.t.watch (/snap/code/14/usr/share/code/resources/app/extensions/git/dist/main.js:1:594639)
	at T.updateTransientWatchers (/snap/code/14/usr/share/code/resources/app/extensions/git/dist/main.js:1:98365)
	at u.fire (/snap/code/14/usr/share/code/resources/app/out/vs/workbench/services/extensions/node/extensionHostProcess.js:50:227)
	at k.updateModelState (/snap/code/14/usr/share/code/resources/app/extensions/git/dist/main.js:1:116241)
> git status -z -u
> git symbolic-ref --short HEAD
> git rev-parse master
> git rev-parse --symbolic-full-name master@{u}
> git rev-list --left-right master...refs/remotes/origin/master
> git for-each-ref --format %(refname) %(objectname) --sort -committerdate
> git remote --verbose
Failed to watch ref '/home/tripas/Angular/SpotiWar/.git/refs/remotes/origin/master', is most likely packed.
Error: ENOENT: no such file or directory, watch '/home/tripas/Angular/SpotiWar/.git/refs/remotes/origin/master'
	at FSWatcher.start (internal/fs/watchers.js:164:26)
	at Object.watch (fs.js:1232:11)
	at Object.t.watch (/snap/code/14/usr/share/code/resources/app/extensions/git/dist/main.js:1:594639)
	at T.updateTransientWatchers (/snap/code/14/usr/share/code/resources/app/extensions/git/dist/main.js:1:98365)
	at u.fire (/snap/code/14/usr/share/code/resources/app/out/vs/workbench/services/extensions/node/extensionHostProcess.js:50:227)
	at k.updateModelState (/snap/code/14/usr/share/code/resources/app/extensions/git/dist/main.js:1:116241)
