[2019-09-16 17:26:01.229] [exthost] [info] extension host started
[2019-09-16 17:26:01.363] [exthost] [info] ExtensionService#_doActivateExtension vscode.extension-editing {"startup":false,"activationEvent":"onLanguage:typescript"}
[2019-09-16 17:26:01.363] [exthost] [info] ExtensionService#loadCommonJSModule file:///snap/code/14/usr/share/code/resources/app/extensions/extension-editing/dist/extension
[2019-09-16 17:26:01.430] [exthost] [info] ExtensionService#_doActivateExtension vscode.typescript-language-features {"startup":false,"activationEvent":"onLanguage:typescript"}
[2019-09-16 17:26:01.430] [exthost] [info] ExtensionService#loadCommonJSModule file:///snap/code/14/usr/share/code/resources/app/extensions/typescript-language-features/dist/extension
[2019-09-16 17:26:01.554] [exthost] [info] ExtensionService#_doActivateExtension Angular.ng-template {"startup":false,"activationEvent":"onLanguage:typescript"}
[2019-09-16 17:26:01.554] [exthost] [info] ExtensionService#loadCommonJSModule file:///home/tripas/.vscode/extensions/angular.ng-template-0.802.3/client/extension
[2019-09-16 17:26:01.717] [exthost] [info] ExtensionService#_doActivateExtension ecmel.vscode-html-css {"startup":false,"activationEvent":"onLanguage:typescript"}
[2019-09-16 17:26:01.717] [exthost] [info] ExtensionService#loadCommonJSModule file:///home/tripas/.vscode/extensions/ecmel.vscode-html-css-0.2.3/dist/extension
[2019-09-16 17:26:01.921] [exthost] [info] ExtensionService#_doActivateExtension ms-vscode.vscode-typescript-tslint-plugin {"startup":false,"activationEvent":"onLanguage:typescript"}
[2019-09-16 17:26:01.921] [exthost] [info] ExtensionService#loadCommonJSModule file:///home/tripas/.vscode/extensions/ms-vscode.vscode-typescript-tslint-plugin-1.2.2/out/index.js
[2019-09-16 17:26:01.934] [exthost] [info] ExtensionService#_doActivateExtension natewallace.angular2-inline {"startup":false,"activationEvent":"onLanguage:typescript"}
[2019-09-16 17:26:01.934] [exthost] [info] ExtensionService#loadCommonJSModule file:///home/tripas/.vscode/extensions/natewallace.angular2-inline-0.0.17/src/main
[2019-09-16 17:26:01.959] [exthost] [info] ExtensionService#_doActivateExtension pmneo.tsimporter {"startup":false,"activationEvent":"onLanguage:typescript"}
[2019-09-16 17:26:01.959] [exthost] [info] ExtensionService#loadCommonJSModule file:///home/tripas/.vscode/extensions/pmneo.tsimporter-2.0.1/out/TypeScriptImporter
[2019-09-16 17:26:01.969] [exthost] [info] ExtensionService#_doActivateExtension rbbit.typescript-hero {"startup":false,"activationEvent":"onLanguage:typescript"}
[2019-09-16 17:26:01.969] [exthost] [info] ExtensionService#loadCommonJSModule file:///home/tripas/.vscode/extensions/rbbit.typescript-hero-3.0.0/out/src/extension
[2019-09-16 17:26:02.834] [exthost] [info] ExtensionService#_doActivateExtension vscode.debug-auto-launch {"startup":true,"activationEvent":"*"}
[2019-09-16 17:26:02.835] [exthost] [info] ExtensionService#loadCommonJSModule file:///snap/code/14/usr/share/code/resources/app/extensions/debug-auto-launch/dist/extension
[2019-09-16 17:26:02.840] [exthost] [info] ExtensionService#_doActivateExtension vscode.emmet {"startup":true,"activationEvent":"*"}
[2019-09-16 17:26:02.840] [exthost] [info] ExtensionService#loadCommonJSModule file:///snap/code/14/usr/share/code/resources/app/extensions/emmet/dist/extension
[2019-09-16 17:26:02.932] [exthost] [info] ExtensionService#_doActivateExtension vscode.git {"startup":true,"activationEvent":"*"}
[2019-09-16 17:26:02.932] [exthost] [info] ExtensionService#loadCommonJSModule file:///snap/code/14/usr/share/code/resources/app/extensions/git/dist/main
[2019-09-16 17:26:03.076] [exthost] [info] ExtensionService#_doActivateExtension vscode.merge-conflict {"startup":true,"activationEvent":"*"}
[2019-09-16 17:26:03.076] [exthost] [info] ExtensionService#loadCommonJSModule file:///snap/code/14/usr/share/code/resources/app/extensions/merge-conflict/dist/extension
[2019-09-16 17:26:03.083] [exthost] [info] ExtensionService#_doActivateExtension dbaeumer.vscode-eslint {"startup":true,"activationEvent":"*"}
[2019-09-16 17:26:03.083] [exthost] [info] ExtensionService#loadCommonJSModule file:///home/tripas/.vscode/extensions/dbaeumer.vscode-eslint-1.9.1/client/out/extension
[2019-09-16 17:26:03.121] [exthost] [info] ExtensionService#_doActivateExtension eamodio.gitlens {"startup":true,"activationEvent":"*"}
[2019-09-16 17:26:03.121] [exthost] [info] ExtensionService#loadCommonJSModule file:///home/tripas/.vscode/extensions/eamodio.gitlens-9.9.3/dist/extension
[2019-09-16 17:26:03.279] [exthost] [info] ExtensionService#_doActivateExtension esbenp.prettier-vscode {"startup":true,"activationEvent":"*"}
[2019-09-16 17:26:03.279] [exthost] [info] ExtensionService#loadCommonJSModule file:///home/tripas/.vscode/extensions/esbenp.prettier-vscode-2.2.2/out/extension
[2019-09-16 17:26:03.609] [exthost] [info] ExtensionService#_doActivateExtension formulahendry.terminal {"startup":true,"activationEvent":"*"}
[2019-09-16 17:26:03.609] [exthost] [info] ExtensionService#loadCommonJSModule file:///home/tripas/.vscode/extensions/formulahendry.terminal-0.0.10/out/src/extension
[2019-09-16 17:26:03.636] [exthost] [info] ExtensionService#_doActivateExtension jakethashi.vscode-angular2-emmet {"startup":true,"activationEvent":"*"}
[2019-09-16 17:26:03.636] [exthost] [info] ExtensionService#loadCommonJSModule file:///home/tripas/.vscode/extensions/jakethashi.vscode-angular2-emmet-2.0.3/out/src/extension
[2019-09-16 17:26:03.789] [exthost] [info] ExtensionService#_doActivateExtension PKief.material-icon-theme {"startup":true,"activationEvent":"*"}
[2019-09-16 17:26:03.789] [exthost] [info] ExtensionService#loadCommonJSModule file:///home/tripas/.vscode/extensions/pkief.material-icon-theme-3.9.0/dist/extension
[2019-09-16 17:26:03.813] [exthost] [info] ExtensionService#_doActivateExtension ritwickdey.LiveServer {"startup":true,"activationEvent":"*"}
[2019-09-16 17:26:03.813] [exthost] [info] ExtensionService#loadCommonJSModule file:///home/tripas/.vscode/extensions/ritwickdey.liveserver-5.6.1/out/src/extension
[2019-09-16 17:26:04.391] [exthost] [info] ExtensionService#_doActivateExtension vscode.npm {"startup":true,"activationEvent":"workspaceContains:package.json"}
[2019-09-16 17:26:04.391] [exthost] [info] ExtensionService#loadCommonJSModule file:///snap/code/14/usr/share/code/resources/app/extensions/npm/dist/main
[2019-09-16 17:26:05.329] [exthost] [info] eager extensions activated
[2019-09-16 17:26:06.212] [exthost] [info] ExtensionService#_doActivateExtension vscode.html-language-features {"startup":false,"activationEvent":"onLanguage:html"}
[2019-09-16 17:26:06.219] [exthost] [info] ExtensionService#loadCommonJSModule file:///snap/code/14/usr/share/code/resources/app/extensions/html-language-features/client/dist/htmlMain
[2019-09-16 17:26:06.492] [exthost] [info] ExtensionService#_doActivateExtension dbaeumer.jshint {"startup":false,"activationEvent":"onLanguage:html"}
[2019-09-16 17:26:06.493] [exthost] [info] ExtensionService#loadCommonJSModule file:///home/tripas/.vscode/extensions/dbaeumer.jshint-0.10.21/jshint/out/extension
[2019-09-16 17:26:06.810] [exthost] [info] ExtensionService#_doActivateExtension lonefy.vscode-JS-CSS-HTML-formatter {"startup":false,"activationEvent":"onLanguage:html"}
[2019-09-16 17:26:06.810] [exthost] [info] ExtensionService#loadCommonJSModule file:///home/tripas/.vscode/extensions/lonefy.vscode-js-css-html-formatter-0.2.3/out/src/extension
[2019-09-16 17:26:14.278] [exthost] [info] ExtensionService#_doActivateExtension vscode.configuration-editing {"startup":false,"activationEvent":"onLanguage:jsonc"}
[2019-09-16 17:26:14.278] [exthost] [info] ExtensionService#loadCommonJSModule file:///snap/code/14/usr/share/code/resources/app/extensions/configuration-editing/dist/extension
[2019-09-16 17:26:14.294] [exthost] [info] ExtensionService#_doActivateExtension vscode.json-language-features {"startup":false,"activationEvent":"onLanguage:jsonc"}
[2019-09-16 17:26:14.294] [exthost] [info] ExtensionService#loadCommonJSModule file:///snap/code/14/usr/share/code/resources/app/extensions/json-language-features/client/dist/jsonMain
[2019-09-16 17:41:13.397] [exthost] [info] ExtensionService#_doActivateExtension vscode.css-language-features {"startup":false,"activationEvent":"onLanguage:scss"}
[2019-09-16 17:41:13.398] [exthost] [info] ExtensionService#loadCommonJSModule file:///snap/code/14/usr/share/code/resources/app/extensions/css-language-features/client/dist/cssMain
[2019-09-16 17:41:13.465] [exthost] [info] ExtensionService#_doActivateExtension glen-84.sass-lint {"startup":false,"activationEvent":"onLanguage:scss"}
[2019-09-16 17:41:13.466] [exthost] [info] ExtensionService#loadCommonJSModule file:///home/tripas/.vscode/extensions/glen-84.sass-lint-1.0.6/out/extension
